------Start of DE processing------ = [4/17/20, 15:21:15:110 EDT]
Exception = java.lang.reflect.InvocationTargetException
Source = org.apache.cxf.jaxrs.lifecycle.PerRequestResourceProvider
probeid = 107
Stack Dump = java.lang.reflect.InvocationTargetException
	at jdk.internal.reflect.GeneratedConstructorAccessor552.newInstance(Unknown Source)
	at java.base/java.lang.reflect.Constructor.newInstance(Constructor.java:490)
	at org.apache.cxf.jaxrs.lifecycle.PerRequestResourceProvider.createInstance(PerRequestResourceProvider.java:94)
	at org.apache.cxf.jaxrs.lifecycle.PerRequestResourceProvider.getInstance(PerRequestResourceProvider.java:84)
	at org.apache.cxf.jaxrs.JAXRSInvoker.getServiceObject(JAXRSInvoker.java:467)
	at org.apache.cxf.jaxrs.JAXRSInvoker.invoke(JAXRSInvoker.java:108)
	at org.apache.cxf.interceptor.ServiceInvokerInterceptor$1.run(ServiceInvokerInterceptor.java:61)
	at org.apache.cxf.interceptor.ServiceInvokerInterceptor.handleMessage(ServiceInvokerInterceptor.java:99)
	at org.apache.cxf.phase.PhaseInterceptorChain.doIntercept(PhaseInterceptorChain.java:308)
	at org.apache.cxf.transport.ChainInitiationObserver.onMessage(ChainInitiationObserver.java:124)
	at org.apache.cxf.transport.http.AbstractHTTPDestination.invoke(AbstractHTTPDestination.java:274)
	at com.ibm.ws.jaxrs20.endpoint.AbstractJaxRsWebEndpoint.invoke(AbstractJaxRsWebEndpoint.java:136)
	at com.ibm.websphere.jaxrs.server.IBMRestServlet.handleRequest(IBMRestServlet.java:146)
	at com.ibm.websphere.jaxrs.server.IBMRestServlet.doGet(IBMRestServlet.java:112)
	at javax.servlet.http.HttpServlet.service(HttpServlet.java:686)
	at com.ibm.websphere.jaxrs.server.IBMRestServlet.service(IBMRestServlet.java:96)
	at com.ibm.ws.webcontainer.servlet.ServletWrapper.service(ServletWrapper.java:1230)
	at com.ibm.ws.webcontainer.servlet.ServletWrapper.handleRequest(ServletWrapper.java:729)
	at com.ibm.ws.webcontainer.servlet.ServletWrapper.handleRequest(ServletWrapper.java:426)
	at com.ibm.ws.webcontainer.filter.WebAppFilterManager.invokeFilters(WebAppFilterManager.java:1226)
	at com.ibm.ws.webcontainer.webapp.WebApp.handleRequest(WebApp.java:5021)
	at com.ibm.ws.webcontainer.osgi.DynamicVirtualHost$2.handleRequest(DynamicVirtualHost.java:314)
	at com.ibm.ws.webcontainer.WebContainer.handleRequest(WebContainer.java:1007)
	at com.ibm.ws.webcontainer.osgi.DynamicVirtualHost$2.run(DynamicVirtualHost.java:279)
	at com.ibm.ws.http.dispatcher.internal.channel.HttpDispatcherLink$TaskWrapper.run(HttpDispatcherLink.java:1134)
	at com.ibm.ws.http.dispatcher.internal.channel.HttpDispatcherLink.wrapHandlerAndExecute(HttpDispatcherLink.java:415)
	at com.ibm.ws.http.dispatcher.internal.channel.HttpDispatcherLink.ready(HttpDispatcherLink.java:374)
	at com.ibm.ws.http.channel.internal.inbound.HttpInboundLink.handleDiscrimination(HttpInboundLink.java:551)
	at com.ibm.ws.http.channel.internal.inbound.HttpInboundLink.handleNewRequest(HttpInboundLink.java:484)
	at com.ibm.ws.http.channel.internal.inbound.HttpInboundLink.processRequest(HttpInboundLink.java:346)
	at com.ibm.ws.http.channel.internal.inbound.HttpInboundLink.ready(HttpInboundLink.java:317)
	at com.ibm.ws.tcpchannel.internal.NewConnectionInitialReadCallback.sendToDiscriminators(NewConnectionInitialReadCallback.java:167)
	at com.ibm.ws.tcpchannel.internal.NewConnectionInitialReadCallback.complete(NewConnectionInitialReadCallback.java:75)
	at com.ibm.ws.tcpchannel.internal.WorkQueueManager.requestComplete(WorkQueueManager.java:504)
	at com.ibm.ws.tcpchannel.internal.WorkQueueManager.attemptIO(WorkQueueManager.java:574)
	at com.ibm.ws.tcpchannel.internal.WorkQueueManager.workerRun(WorkQueueManager.java:958)
	at com.ibm.ws.tcpchannel.internal.WorkQueueManager$Worker.run(WorkQueueManager.java:1047)
	at com.ibm.ws.threading.internal.ExecutorServiceImpl$RunnableWrapper.run(ExecutorServiceImpl.java:239)
	at java.base/java.util.concurrent.ThreadPoolExecutor.runWorker(ThreadPoolExecutor.java:1128)
	at java.base/java.util.concurrent.ThreadPoolExecutor$Worker.run(ThreadPoolExecutor.java:628)
	at java.base/java.lang.Thread.run(Thread.java:834)
Caused by: java.sql.SQLException: Before start of result set
	at com.mysql.jdbc.SQLError.createSQLException(SQLError.java:965)
	at com.mysql.jdbc.SQLError.createSQLException(SQLError.java:898)
	at com.mysql.jdbc.SQLError.createSQLException(SQLError.java:887)
	at com.mysql.jdbc.SQLError.createSQLException(SQLError.java:861)
	at com.mysql.jdbc.ResultSetImpl.checkRowPos(ResultSetImpl.java:790)
	at com.mysql.jdbc.ResultSetImpl.getObject(ResultSetImpl.java:4421)
	at ServerBoard.<init>(ServerBoard.java:73)
	... 41 more

Dump of callerThis
Object type = org.apache.cxf.jaxrs.lifecycle.PerRequestResourceProvider
  c = class java.lang.reflect.Constructor@da09ffc2
    clazz = "/* Could not access clazz */"
    slot = "/* Could not access slot */"
    parameterTypes = "/* Could not access parameterTypes */"
    exceptionTypes = "/* Could not access exceptionTypes */"
    modifiers = "/* Could not access modifiers */"
    signature = "/* Could not access signature */"
    genericInfo = "/* Could not access genericInfo */"
    annotations = "/* Could not access annotations */"
    parameterAnnotations = "/* Could not access parameterAnnotations */"
    constructorAccessor = "/* Could not access constructorAccessor */"
    root = "/* Could not access root */"
    hasRealParameterData = "/* Could not access hasRealParameterData */"
    parameters = "/* Could not access parameters */"
    declaredAnnotations = "/* Could not access declaredAnnotations */"
    override = "/* Could not access override */"
    reflectionFactory = "/* Could not access reflectionFactory */"
    securityCheckCache = "/* Could not access securityCheckCache */"
    printStackWhenAccessFails = "/* Could not access printStackWhenAccessFails */"
    printStackPropertiesSet = "/* Could not access printStackPropertiesSet */"
  postConstructMethod = null
  preDestroyMethod = null
  params = class java.lang.Class[0]
  anns = class [Ljava.lang.annotation.Annotation;[0]
  genericTypes = class java.lang.Class[0]
  serialVersionUID = 4330447189587368180
  $$$tc$$$ = class com.ibm.websphere.ras.TraceComponent@a30ee5f2
    strings[0] = "TraceComponent[org.apache.cxf.jaxrs.lifecycle.PerRequestResourceProvider,class org.apache.cxf.jaxrs.lifecycle.PerRequestResourceProvider,[],null,null]"

Dump of objectArray[0]
Object type = org.apache.cxf.message.MessageImpl
  serialVersionUID = -3020763696429459865
  exchange = class org.apache.cxf.message.ExchangeImpl@f3b438d3
    serialVersionUID = -3112077559217623594
    destination = class org.apache.cxf.transport.servlet.ServletDestination@21b87e73
      LOG = class com.ibm.ws.logging.internal.WsLogger@d7d00d90
      HTTP_REQUEST = "HTTP.REQUEST"
      HTTP_RESPONSE = "HTTP.RESPONSE"
      HTTP_CONTEXT = "HTTP.CONTEXT"
      HTTP_CONFIG = "HTTP.CONFIG"
      HTTP_CONTEXT_MATCH_STRATEGY = "HTTP_CONTEXT_MATCH_STRATEGY"
      RESPONSE_HEADERS_COPIED = "http.headers.copied"
      RESPONSE_COMMITED = "http.response.done"
      REQUEST_REDIRECTED = "http.request.redirected"
      CXF_CONTINUATION_MESSAGE = "cxf.continuation.message"
      CXF_ASYNC_CONTEXT = "cxf.async.context"
      SERVICE_REDIRECTION = "http.service.redirection"
      HTTP_BASE_PATH = "http.base.path"
      SSL_CIPHER_SUITE_ATTRIBUTE = "javax.servlet.request.cipher_suite"
      SSL_PEER_CERT_CHAIN_ATTRIBUTE = "javax.servlet.request.X509Certificate"
      DECODE_BASIC_AUTH_WITH_ISO8859 = "decode.basicauth.with.iso8859"
      tc = class com.ibm.websphere.ras.TraceComponent@f896d8ca
      bus = class com.ibm.ws.jaxrs20.bus.LibertyApplicationBus@61a7582b
      registry = class org.apache.cxf.transport.http.DestinationRegistryImpl@faa5376
      path = "/"
      serverPolicy = null
      contextMatchStrategy = "stem"
      fixedParameterOrder = false
      multiplexWithAddress = false
      certConstraints = null
      decodeBasicAuthWithIso8859 = false
      cproviderFactory = null
      enableWebSocket = false
      serverPolicyCalced = false
      serialVersionUID = -137146086541010707
      MULTIPLEX_ID_QNAME = class javax.xml.namespace.QName@3d3d7173
      reference = class org.apache.cxf.ws.addressing.EndpointReferenceType@89c43fce
      endpointInfo = class org.apache.cxf.service.model.EndpointInfo@4b7067aa
      bus = class com.ibm.ws.jaxrs20.bus.LibertyApplicationBus@61a7582b
      incomingObserver = class org.apache.cxf.transport.ChainInitiationObserver@917a8915
    oneWay = false
    synchronous = true
    inMessage = class org.apache.cxf.message.MessageImpl@cd338f3d
    outMessage = null
    inFaultMessage = null
    outFaultMessage = null
    session = class org.apache.cxf.transport.http.HTTPSession@a7b6396f
      request = class com.ibm.ws.jaxrs20.server.JaxRsHttpServletRequestAdapter@9773733d
      session = null
    bus = class com.ibm.ws.jaxrs20.bus.LibertyApplicationBus@61a7582b
      busCounter = class java.util.concurrent.atomic.AtomicInteger@44bc3907
      serialVersionUID = 2386792285914827878
      $$$tc$$$ = class com.ibm.websphere.ras.TraceComponent@2879dab3
      BUS_PROPERTY_NAME = "bus"
      BUS_ID_PROPERTY_NAME = "org.apache.cxf.bus.id"
      extensions = class java.util.concurrent.ConcurrentHashMap@d6f59f49
      missingExtensions = class java.util.concurrent.CopyOnWriteArraySet@8a468f9f
      id = "Swarm-Server-Bus"
      state = class org.apache.cxf.Bus$BusState@6661cc9c
      features = class java.util.concurrent.CopyOnWriteArrayList@a6d2d027
      properties = class java.util.concurrent.ConcurrentHashMap@18316a88
      extensionManager = class org.apache.cxf.bus.extension.ExtensionManagerImpl@69fb3eec
      in = class org.apache.cxf.common.util.ModCountCopyOnWriteArrayList@3f22c84c
      out = class org.apache.cxf.common.util.ModCountCopyOnWriteArrayList@7dc363e4
      outFault = class org.apache.cxf.common.util.ModCountCopyOnWriteArrayList@e40c1c49
      inFault = class org.apache.cxf.common.util.ModCountCopyOnWriteArrayList@c7f1b152
    endpoint = class org.apache.cxf.endpoint.EndpointImpl@c2253e8f
      serialVersionUID = -7660560719050162091
      LOG = class com.ibm.ws.logging.internal.WsLogger@d95ad4aa
      BUNDLE = class java.util.PropertyResourceBundle@ed18097e
      service = class org.apache.cxf.jaxrs.JAXRSServiceImpl@914abb32
      binding = class org.apache.cxf.jaxrs.JAXRSBinding@d0057e74
      endpointInfo = class org.apache.cxf.service.model.EndpointInfo@4b7067aa
      executor = null
      bus = class com.ibm.ws.jaxrs20.bus.LibertyApplicationBus@61a7582b
      inFaultObserver = class org.apache.cxf.interceptor.InFaultChainInitiatorObserver@25415434
      outFaultObserver = class org.apache.cxf.interceptor.OutFaultChainInitiatorObserver@6e157145
      activeFeatures = null
      cleanupHooks = null
      serialVersionUID = -1915876045710441978
      in = class org.apache.cxf.common.util.ModCountCopyOnWriteArrayList@65576674
      out = class org.apache.cxf.common.util.ModCountCopyOnWriteArrayList@15dd2ef5
      outFault = class org.apache.cxf.common.util.ModCountCopyOnWriteArrayList@4e4882ec
      inFault = class org.apache.cxf.common.util.ModCountCopyOnWriteArrayList@7d39b70a
      serialVersionUID = "/* Could not access serialVersionUID */"
      MAXIMUM_CAPACITY = "/* Could not access MAXIMUM_CAPACITY */"
      DEFAULT_CAPACITY = "/* Could not access DEFAULT_CAPACITY */"
      MAX_ARRAY_SIZE = "/* Could not access MAX_ARRAY_SIZE */"
      DEFAULT_CONCURRENCY_LEVEL = "/* Could not access DEFAULT_CONCURRENCY_LEVEL */"
      LOAD_FACTOR = "/* Could not access LOAD_FACTOR */"
      TREEIFY_THRESHOLD = "/* Could not access TREEIFY_THRESHOLD */"
      UNTREEIFY_THRESHOLD = "/* Could not access UNTREEIFY_THRESHOLD */"
      MIN_TREEIFY_CAPACITY = "/* Could not access MIN_TREEIFY_CAPACITY */"
      MIN_TRANSFER_STRIDE = "/* Could not access MIN_TRANSFER_STRIDE */"
      RESIZE_STAMP_BITS = "/* Could not access RESIZE_STAMP_BITS */"
      MAX_RESIZERS = "/* Could not access MAX_RESIZERS */"
      RESIZE_STAMP_SHIFT = "/* Could not access RESIZE_STAMP_SHIFT */"
      MOVED = "/* Could not access MOVED */"
      TREEBIN = "/* Could not access TREEBIN */"
      RESERVED = "/* Could not access RESERVED */"
      HASH_BITS = "/* Could not access HASH_BITS */"
      NCPU = "/* Could not access NCPU */"
      serialPersistentFields = "/* Could not access serialPersistentFields */"
      table = "/* Could not access table */"
      nextTable = "/* Could not access nextTable */"
      baseCount = "/* Could not access baseCount */"
      sizeCtl = "/* Could not access sizeCtl */"
      transferIndex = "/* Could not access transferIndex */"
      cellsBusy = "/* Could not access cellsBusy */"
      counterCells = "/* Could not access counterCells */"
      keySet = "/* Could not access keySet */"
      values = "/* Could not access values */"
      entrySet = "/* Could not access entrySet */"
      U = "/* Could not access U */"
      SIZECTL = "/* Could not access SIZECTL */"
      TRANSFERINDEX = "/* Could not access TRANSFERINDEX */"
      BASECOUNT = "/* Could not access BASECOUNT */"
      CELLSBUSY = "/* Could not access CELLSBUSY */"
      CELLVALUE = "/* Could not access CELLVALUE */"
      ABASE = "/* Could not access ABASE */"
      ASHIFT = "/* Could not access ASHIFT */"
      keySet = "/* Could not access keySet */"
      values = "/* Could not access values */"
    service = class org.apache.cxf.jaxrs.JAXRSServiceImpl@914abb32
      serialVersionUID = 6765400202555126993
      classResourceInfos = class java.util.ArrayList@df3718bd
      dataBinding = null
      executor = null
      invoker = class com.ibm.ws.jaxrs20.server.LibertyJaxRsInvoker@a1bca7d7
      endpoints = class java.util.HashMap@344a4092
      address = null
      createServiceModel = false
      serviceName = null
      $$$tc$$$ = class com.ibm.websphere.ras.TraceComponent@df4ba7d1
      serialVersionUID = -1915876045710441978
      in = class org.apache.cxf.common.util.ModCountCopyOnWriteArrayList@41ccf551
      out = class org.apache.cxf.common.util.ModCountCopyOnWriteArrayList@719cc8f9
      outFault = class org.apache.cxf.common.util.ModCountCopyOnWriteArrayList@11bd2b2b
      inFault = class org.apache.cxf.common.util.ModCountCopyOnWriteArrayList@9fc5ca7c
      serialVersionUID = "/* Could not access serialVersionUID */"
      MAXIMUM_CAPACITY = "/* Could not access MAXIMUM_CAPACITY */"
      DEFAULT_CAPACITY = "/* Could not access DEFAULT_CAPACITY */"
      MAX_ARRAY_SIZE = "/* Could not access MAX_ARRAY_SIZE */"
      DEFAULT_CONCURRENCY_LEVEL = "/* Could not access DEFAULT_CONCURRENCY_LEVEL */"
      LOAD_FACTOR = "/* Could not access LOAD_FACTOR */"
      TREEIFY_THRESHOLD = "/* Could not access TREEIFY_THRESHOLD */"
      UNTREEIFY_THRESHOLD = "/* Could not access UNTREEIFY_THRESHOLD */"
      MIN_TREEIFY_CAPACITY = "/* Could not access MIN_TREEIFY_CAPACITY */"
      MIN_TRANSFER_STRIDE = "/* Could not access MIN_TRANSFER_STRIDE */"
      RESIZE_STAMP_BITS = "/* Could not access RESIZE_STAMP_BITS */"
      MAX_RESIZERS = "/* Could not access MAX_RESIZERS */"
      RESIZE_STAMP_SHIFT = "/* Could not access RESIZE_STAMP_SHIFT */"
      MOVED = "/* Could not access MOVED */"
      TREEBIN = "/* Could not access TREEBIN */"
      RESERVED = "/* Could not access RESERVED */"
      HASH_BITS = "/* Could not access HASH_BITS */"
      NCPU = "/* Could not access NCPU */"
      serialPersistentFields = "/* Could not access serialPersistentFields */"
      table = "/* Could not access table */"
      nextTable = "/* Could not access nextTable */"
      baseCount = "/* Could not access baseCount */"
      sizeCtl = "/* Could not access sizeCtl */"
      transferIndex = "/* Could not access transferIndex */"
      cellsBusy = "/* Could not access cellsBusy */"
      counterCells = "/* Could not access counterCells */"
      keySet = "/* Could not access keySet */"
      values = "/* Could not access values */"
      entrySet = "/* Could not access entrySet */"
      U = "/* Could not access U */"
      SIZECTL = "/* Could not access SIZECTL */"
      TRANSFERINDEX = "/* Could not access TRANSFERINDEX */"
      BASECOUNT = "/* Could not access BASECOUNT */"
      CELLSBUSY = "/* Could not access CELLSBUSY */"
      CELLVALUE = "/* Could not access CELLVALUE */"
      ABASE = "/* Could not access ABASE */"
      ASHIFT = "/* Could not access ASHIFT */"
      keySet = "/* Could not access keySet */"
      values = "/* Could not access values */"
    binding = class org.apache.cxf.jaxrs.JAXRSBinding@d0057e74
      bindingInfo = class org.apache.cxf.service.model.BindingInfo@c74d2f59
      in = class org.apache.cxf.common.util.ModCountCopyOnWriteArrayList@fb791f43
      out = class org.apache.cxf.common.util.ModCountCopyOnWriteArrayList@6a16ea2
      outFault = class org.apache.cxf.common.util.ModCountCopyOnWriteArrayList@cdf5a859
      inFault = class org.apache.cxf.common.util.ModCountCopyOnWriteArrayList@913a1b9
    bindingOp = null
    serialVersionUID = "/* Could not access serialVersionUID */"
    MAXIMUM_CAPACITY = "/* Could not access MAXIMUM_CAPACITY */"
    DEFAULT_CAPACITY = "/* Could not access DEFAULT_CAPACITY */"
    MAX_ARRAY_SIZE = "/* Could not access MAX_ARRAY_SIZE */"
    DEFAULT_CONCURRENCY_LEVEL = "/* Could not access DEFAULT_CONCURRENCY_LEVEL */"
    LOAD_FACTOR = "/* Could not access LOAD_FACTOR */"
    TREEIFY_THRESHOLD = "/* Could not access TREEIFY_THRESHOLD */"
    UNTREEIFY_THRESHOLD = "/* Could not access UNTREEIFY_THRESHOLD */"
    MIN_TREEIFY_CAPACITY = "/* Could not access MIN_TREEIFY_CAPACITY */"
    MIN_TRANSFER_STRIDE = "/* Could not access MIN_TRANSFER_STRIDE */"
    RESIZE_STAMP_BITS = "/* Could not access RESIZE_STAMP_BITS */"
    MAX_RESIZERS = "/* Could not access MAX_RESIZERS */"
    RESIZE_STAMP_SHIFT = "/* Could not access RESIZE_STAMP_SHIFT */"
    MOVED = "/* Could not access MOVED */"
    TREEBIN = "/* Could not access TREEBIN */"
    RESERVED = "/* Could not access RESERVED */"
    HASH_BITS = "/* Could not access HASH_BITS */"
    NCPU = "/* Could not access NCPU */"
    serialPersistentFields = "/* Could not access serialPersistentFields */"
    table = "/* Could not access table */"
    nextTable = "/* Could not access nextTable */"
    baseCount = "/* Could not access baseCount */"
    sizeCtl = "/* Could not access sizeCtl */"
    transferIndex = "/* Could not access transferIndex */"
    cellsBusy = "/* Could not access cellsBusy */"
    counterCells = "/* Could not access counterCells */"
    keySet = "/* Could not access keySet */"
    values = "/* Could not access values */"
    entrySet = "/* Could not access entrySet */"
    U = "/* Could not access U */"
    SIZECTL = "/* Could not access SIZECTL */"
    TRANSFERINDEX = "/* Could not access TRANSFERINDEX */"
    BASECOUNT = "/* Could not access BASECOUNT */"
    CELLSBUSY = "/* Could not access CELLSBUSY */"
    CELLVALUE = "/* Could not access CELLVALUE */"
    ABASE = "/* Could not access ABASE */"
    ASHIFT = "/* Could not access ASHIFT */"
    keySet = "/* Could not access keySet */"
    values = "/* Could not access values */"
  id = null
  interceptorChain = class org.apache.cxf.phase.PhaseInterceptorChain@2033a44b
    PREVIOUS_MESSAGE = "org.apache.cxf.phase.PhaseInterceptorChain.PREVIOUS_MESSAGE"
    LOG = class com.ibm.ws.logging.internal.WsLogger@1e86fc0f
      tc = class com.ibm.websphere.ras.TraceComponent@5ab29f00
      ivCachedResourceBundleName = null
      ivCachedResourceBundle = null
      ivComponent = null
      ivOrganization = null
      ivProduct = null
      ivMinimumLocalizationLevelIntValue = 625
      ivTC = class com.ibm.websphere.ras.TraceComponent@ae21289
      loggerRegistrationComponent = class java.lang.ThreadLocal@c99e3e32
      emptyHandlers = "/* Could not access emptyHandlers */"
      offValue = "/* Could not access offValue */"
      SYSTEM_LOGGER_RB_NAME = "/* Could not access SYSTEM_LOGGER_RB_NAME */"
      SYSTEM_BUNDLE = "/* Could not access SYSTEM_BUNDLE */"
      NO_RESOURCE_BUNDLE = "/* Could not access NO_RESOURCE_BUNDLE */"
      config = "/* Could not access config */"
      manager = "/* Could not access manager */"
      name = "/* Could not access name */"
      loggerBundle = "/* Could not access loggerBundle */"
      anonymous = "/* Could not access anonymous */"
      catalog = "/* Could not access catalog */"
      catalogName = "/* Could not access catalogName */"
      catalogLocale = "/* Could not access catalogLocale */"
      treeLock = "/* Could not access treeLock */"
      parent = "/* Could not access parent */"
      kids = "/* Could not access kids */"
      callerModuleRef = "/* Could not access callerModuleRef */"
      isSystemLogger = "/* Could not access isSystemLogger */"
      GLOBAL_LOGGER_NAME = "global"
      global = class java.util.logging.Logger@e1484600
    CURRENT_MESSAGE = class java.lang.ThreadLocal@f73ed094
      threadLocalHashCode = "/* Could not access threadLocalHashCode */"
      nextHashCode = "/* Could not access nextHashCode */"
      HASH_INCREMENT = "/* Could not access HASH_INCREMENT */"
    nameMap = class java.util.HashMap@3986620e
      serialVersionUID = "/* Could not access serialVersionUID */"
      DEFAULT_INITIAL_CAPACITY = "/* Could not access DEFAULT_INITIAL_CAPACITY */"
      MAXIMUM_CAPACITY = "/* Could not access MAXIMUM_CAPACITY */"
      DEFAULT_LOAD_FACTOR = "/* Could not access DEFAULT_LOAD_FACTOR */"
      TREEIFY_THRESHOLD = "/* Could not access TREEIFY_THRESHOLD */"
      UNTREEIFY_THRESHOLD = "/* Could not access UNTREEIFY_THRESHOLD */"
      MIN_TREEIFY_CAPACITY = "/* Could not access MIN_TREEIFY_CAPACITY */"
      table = "/* Could not access table */"
      entrySet = "/* Could not access entrySet */"
      size = "/* Could not access size */"
      modCount = "/* Could not access modCount */"
      threshold = "/* Could not access threshold */"
      loadFactor = "/* Could not access loadFactor */"
      keySet = "/* Could not access keySet */"
      values = "/* Could not access values */"
    phases = class org.apache.cxf.phase.Phase[19]
      Phase[0] = class org.apache.cxf.phase.Phase@b85196f7
      Phase[1] = class org.apache.cxf.phase.Phase@7ff64b7c
      Phase[2] = class org.apache.cxf.phase.Phase@bcca55fd
      Phase[3] = class org.apache.cxf.phase.Phase@591d22a1
      Phase[4] = class org.apache.cxf.phase.Phase@4ecc5b64
      Phase[5] = class org.apache.cxf.phase.Phase@9c550c2f
      Phase[6] = class org.apache.cxf.phase.Phase@bface62f
      Phase[7] = class org.apache.cxf.phase.Phase@d3c610a6
      Phase[8] = class org.apache.cxf.phase.Phase@dfa6b520
      Phase[9] = class org.apache.cxf.phase.Phase@8ebbf937
      Phase[10] = class org.apache.cxf.phase.Phase@9d3cfc9a
      Phase[11] = class org.apache.cxf.phase.Phase@73f3d1a1
      Phase[12] = class org.apache.cxf.phase.Phase@caebab2f
      Phase[13] = class org.apache.cxf.phase.Phase@1c3da772
      Phase[14] = class org.apache.cxf.phase.Phase@1575d3a2
      Phase[15] = class org.apache.cxf.phase.Phase@3378cef4
      Phase[16] = class org.apache.cxf.phase.Phase@b91c78d1
      Phase[17] = class org.apache.cxf.phase.Phase@abf271cc
      Phase[18] = class org.apache.cxf.phase.Phase@bfea3eca
    heads = class org.apache.cxf.phase.PhaseInterceptorChain$InterceptorHolder[19]
      InterceptorHolder[0] = null
      InterceptorHolder[1] = null
      InterceptorHolder[2] = null
      InterceptorHolder[3] = null
      InterceptorHolder[4] = null
      InterceptorHolder[5] = null
      InterceptorHolder[6] = null
      InterceptorHolder[7] = null
      InterceptorHolder[8] = null
      InterceptorHolder[9] = null
      InterceptorHolder[10] = null
      InterceptorHolder[11] = class org.apache.cxf.phase.PhaseInterceptorChain$InterceptorHolder@a82728a
      InterceptorHolder[12] = null
      InterceptorHolder[13] = null
      InterceptorHolder[14] = null
      InterceptorHolder[15] = null
      InterceptorHolder[16] = null
      InterceptorHolder[17] = class org.apache.cxf.phase.PhaseInterceptorChain$InterceptorHolder@a747f667
      InterceptorHolder[18] = class org.apache.cxf.phase.PhaseInterceptorChain$InterceptorHolder@f53fb023
    tails = class org.apache.cxf.phase.PhaseInterceptorChain$InterceptorHolder[19]
      InterceptorHolder[0] = null
      InterceptorHolder[1] = null
      InterceptorHolder[2] = null
      InterceptorHolder[3] = null
      InterceptorHolder[4] = null
      InterceptorHolder[5] = null
      InterceptorHolder[6] = null
      InterceptorHolder[7] = null
      InterceptorHolder[8] = null
      InterceptorHolder[9] = null
      InterceptorHolder[10] = null
      InterceptorHolder[11] = class org.apache.cxf.phase.PhaseInterceptorChain$InterceptorHolder@888b34
      InterceptorHolder[12] = null
      InterceptorHolder[13] = null
      InterceptorHolder[14] = null
      InterceptorHolder[15] = null
      InterceptorHolder[16] = null
      InterceptorHolder[17] = class org.apache.cxf.phase.PhaseInterceptorChain$InterceptorHolder@a747f667
      InterceptorHolder[18] = class org.apache.cxf.phase.PhaseInterceptorChain$InterceptorHolder@f53fb023
    hasAfters = {false,false,false,false,false,false,false,false,false,false,false,false,false,false,false,false,false,false,false} /* array length = 19 */
    state = class org.apache.cxf.interceptor.InterceptorChain$State@d7bccbf4
      PAUSED = class org.apache.cxf.interceptor.InterceptorChain$State@1a89e479
      SUSPENDED = class org.apache.cxf.interceptor.InterceptorChain$State@7a899d9e
      EXECUTING = class org.apache.cxf.interceptor.InterceptorChain$State@d7bccbf4
      COMPLETE = class org.apache.cxf.interceptor.InterceptorChain$State@3e5e11f6
      ABORTED = class org.apache.cxf.interceptor.InterceptorChain$State@3680ac4b
      $VALUES = class org.apache.cxf.interceptor.InterceptorChain$State[5]
      name = "/* Could not access name */"
      ordinal = "/* Could not access ordinal */"
    pausedMessage = null
    faultObserver = class org.apache.cxf.interceptor.OutFaultChainInitiatorObserver@6e157145
      LOG = class com.ibm.ws.logging.internal.WsLogger@8ef7de79
      bus = class com.ibm.ws.jaxrs20.bus.LibertyApplicationBus@61a7582b
      loader = null
      $assertionsDisabled = true
    iterator = class org.apache.cxf.phase.PhaseInterceptorChain$PhaseInterceptorIterator@8f0e9270
      heads = class org.apache.cxf.phase.PhaseInterceptorChain$InterceptorHolder[19]
      prev = class org.apache.cxf.phase.PhaseInterceptorChain$InterceptorHolder@a747f667
      first = class org.apache.cxf.phase.PhaseInterceptorChain$InterceptorHolder@a82728a
    isFineLogging = false
    faultOccurred = false
    chainReleased = false
  contents = class java.lang.Object[20]
    Object[0] = class java.lang.Class@463cdf11
      serialVersionUID = "/* Could not access serialVersionUID */"
      AllPermissionsPD = "/* Could not access AllPermissionsPD */"
      SYNTHETIC = "/* Could not access SYNTHETIC */"
      ANNOTATION = "/* Could not access ANNOTATION */"
      ENUM = "/* Could not access ENUM */"
      MEMBER_INVALID_TYPE = "/* Could not access MEMBER_INVALID_TYPE */"
      EmptyParameters = "/* Could not access EmptyParameters */"
      vmRef = "/* Could not access vmRef */"
      module = "/* Could not access module */"
      protectionDomain = "/* Could not access protectionDomain */"
      classNameString = "/* Could not access classNameString */"
      fileNameString = "/* Could not access fileNameString */"
      annotationVars = "/* Could not access annotationVars */"
      annotationVarsOffset = "/* Could not access annotationVarsOffset */"
      classValueMap = "/* Could not access classValueMap */"
      enumVars = "/* Could not access enumVars */"
      enumVarsOffset = "/* Could not access enumVarsOffset */"
      initializationLock = "/* Could not access initializationLock */"
      methodHandleCache = "/* Could not access methodHandleCache */"
      classRepoHolder = "/* Could not access classRepoHolder */"
      annotationCache = "/* Could not access annotationCache */"
      annotationCacheOffset = "/* Could not access annotationCacheOffset */"
      reflectCacheEnabled = "/* Could not access reflectCacheEnabled */"
      reflectCacheDebug = "/* Could not access reflectCacheDebug */"
      reflectCacheAppOnly = "/* Could not access reflectCacheAppOnly */"
      cachedInterfaces = "/* Could not access cachedInterfaces */"
      cachedInterfacesOffset = "/* Could not access cachedInterfacesOffset */"
      cachedDeclaringClass = "/* Could not access cachedDeclaringClass */"
      cachedDeclaringClassOffset = "/* Could not access cachedDeclaringClassOffset */"
      cachedEnclosingClass = "/* Could not access cachedEnclosingClass */"
      cachedEnclosingClassOffset = "/* Could not access cachedEnclosingClassOffset */"
      EMPTY_ANNOTATION_ARRAY = "/* Could not access EMPTY_ANNOTATION_ARRAY */"
      implLookup = "/* Could not access implLookup */"
      unsafe = "/* Could not access unsafe */"
      nestHost = "/* Could not access nestHost */"
      copyMethod = "/* Could not access copyMethod */"
      copyField = "/* Could not access copyField */"
      copyConstructor = "/* Could not access copyConstructor */"
      methodParameterTypesField = "/* Could not access methodParameterTypesField */"
      constructorParameterTypesField = "/* Could not access constructorParameterTypesField */"
      NoArgs = "/* Could not access NoArgs */"
      reflectCache = "/* Could not access reflectCache */"
      reflectCacheOffset = "/* Could not access reflectCacheOffset */"
    Object[1] = class org.apache.cxf.transport.http.AbstractHTTPDestination$1@b56ec318
      val$exchange = class org.apache.cxf.message.ExchangeImpl@f3b438d3
      val$req = class com.ibm.ws.jaxrs20.server.JaxRsHttpServletRequestAdapter@9773733d
      this$0 = class org.apache.cxf.transport.servlet.ServletDestination@21b87e73
      serialVersionUID = -6647880736313517638
      $$$tc$$$ = class com.ibm.websphere.ras.TraceComponent@515c1c35
      cached = false
      in = "/* Could not access in */"
      MAX_SKIP_BUFFER_SIZE = "/* Could not access MAX_SKIP_BUFFER_SIZE */"
      DEFAULT_BUFFER_SIZE = "/* Could not access DEFAULT_BUFFER_SIZE */"
      MAX_BUFFER_SIZE = "/* Could not access MAX_BUFFER_SIZE */"
    Object[2] = class java.lang.Class@683e9d0a
      serialVersionUID = "/* Could not access serialVersionUID */"
      AllPermissionsPD = "/* Could not access AllPermissionsPD */"
      SYNTHETIC = "/* Could not access SYNTHETIC */"
      ANNOTATION = "/* Could not access ANNOTATION */"
      ENUM = "/* Could not access ENUM */"
      MEMBER_INVALID_TYPE = "/* Could not access MEMBER_INVALID_TYPE */"
      EmptyParameters = "/* Could not access EmptyParameters */"
      vmRef = "/* Could not access vmRef */"
      module = "/* Could not access module */"
      protectionDomain = "/* Could not access protectionDomain */"
      classNameString = "/* Could not access classNameString */"
      fileNameString = "/* Could not access fileNameString */"
      annotationVars = "/* Could not access annotationVars */"
      annotationVarsOffset = "/* Could not access annotationVarsOffset */"
      classValueMap = "/* Could not access classValueMap */"
      enumVars = "/* Could not access enumVars */"
      enumVarsOffset = "/* Could not access enumVarsOffset */"
      initializationLock = "/* Could not access initializationLock */"
      methodHandleCache = "/* Could not access methodHandleCache */"
      classRepoHolder = "/* Could not access classRepoHolder */"
      annotationCache = "/* Could not access annotationCache */"
      annotationCacheOffset = "/* Could not access annotationCacheOffset */"
      reflectCacheEnabled = "/* Could not access reflectCacheEnabled */"
      reflectCacheDebug = "/* Could not access reflectCacheDebug */"
      reflectCacheAppOnly = "/* Could not access reflectCacheAppOnly */"
      cachedInterfaces = "/* Could not access cachedInterfaces */"
      cachedInterfacesOffset = "/* Could not access cachedInterfacesOffset */"
      cachedDeclaringClass = "/* Could not access cachedDeclaringClass */"
      cachedDeclaringClassOffset = "/* Could not access cachedDeclaringClassOffset */"
      cachedEnclosingClass = "/* Could not access cachedEnclosingClass */"
      cachedEnclosingClassOffset = "/* Could not access cachedEnclosingClassOffset */"
      EMPTY_ANNOTATION_ARRAY = "/* Could not access EMPTY_ANNOTATION_ARRAY */"
      implLookup = "/* Could not access implLookup */"
      unsafe = "/* Could not access unsafe */"
      nestHost = "/* Could not access nestHost */"
      copyMethod = "/* Could not access copyMethod */"
      copyField = "/* Could not access copyField */"
      copyConstructor = "/* Could not access copyConstructor */"
      methodParameterTypesField = "/* Could not access methodParameterTypesField */"
      constructorParameterTypesField = "/* Could not access constructorParameterTypesField */"
      NoArgs = "/* Could not access NoArgs */"
      reflectCache = "/* Could not access reflectCache */"
      reflectCacheOffset = "/* Could not access reflectCacheOffset */"
    Object[3] = class org.apache.cxf.transport.http.AbstractHTTPDestination$1@b56ec318
    Object[4] = class java.lang.Class@22fd69cc
      serialVersionUID = "/* Could not access serialVersionUID */"
      AllPermissionsPD = "/* Could not access AllPermissionsPD */"
      SYNTHETIC = "/* Could not access SYNTHETIC */"
      ANNOTATION = "/* Could not access ANNOTATION */"
      ENUM = "/* Could not access ENUM */"
      MEMBER_INVALID_TYPE = "/* Could not access MEMBER_INVALID_TYPE */"
      EmptyParameters = "/* Could not access EmptyParameters */"
      vmRef = "/* Could not access vmRef */"
      module = "/* Could not access module */"
      protectionDomain = "/* Could not access protectionDomain */"
      classNameString = "/* Could not access classNameString */"
      fileNameString = "/* Could not access fileNameString */"
      annotationVars = "/* Could not access annotationVars */"
      annotationVarsOffset = "/* Could not access annotationVarsOffset */"
      classValueMap = "/* Could not access classValueMap */"
      enumVars = "/* Could not access enumVars */"
      enumVarsOffset = "/* Could not access enumVarsOffset */"
      initializationLock = "/* Could not access initializationLock */"
      methodHandleCache = "/* Could not access methodHandleCache */"
      classRepoHolder = "/* Could not access classRepoHolder */"
      annotationCache = "/* Could not access annotationCache */"
      annotationCacheOffset = "/* Could not access annotationCacheOffset */"
      reflectCacheEnabled = "/* Could not access reflectCacheEnabled */"
      reflectCacheDebug = "/* Could not access reflectCacheDebug */"
      reflectCacheAppOnly = "/* Could not access reflectCacheAppOnly */"
      cachedInterfaces = "/* Could not access cachedInterfaces */"
      cachedInterfacesOffset = "/* Could not access cachedInterfacesOffset */"
      cachedDeclaringClass = "/* Could not access cachedDeclaringClass */"
      cachedDeclaringClassOffset = "/* Could not access cachedDeclaringClassOffset */"
      cachedEnclosingClass = "/* Could not access cachedEnclosingClass */"
      cachedEnclosingClassOffset = "/* Could not access cachedEnclosingClassOffset */"
      EMPTY_ANNOTATION_ARRAY = "/* Could not access EMPTY_ANNOTATION_ARRAY */"
      implLookup = "/* Could not access implLookup */"
      unsafe = "/* Could not access unsafe */"
      nestHost = "/* Could not access nestHost */"
      copyMethod = "/* Could not access copyMethod */"
      copyField = "/* Could not access copyField */"
      copyConstructor = "/* Could not access copyConstructor */"
      methodParameterTypesField = "/* Could not access methodParameterTypesField */"
      constructorParameterTypesField = "/* Could not access constructorParameterTypesField */"
      NoArgs = "/* Could not access NoArgs */"
      reflectCache = "/* Could not access reflectCache */"
      reflectCacheOffset = "/* Could not access reflectCacheOffset */"
    Object[5] = class java.util.Collections$EmptyList@636c2b27
      serialVersionUID = "/* Could not access serialVersionUID */"
      modCount = "/* Could not access modCount */"
      MAX_ARRAY_SIZE = "/* Could not access MAX_ARRAY_SIZE */"
    Object[6] = null
    Object[7] = null
    Object[8] = null
    Object[9] = null
    Object[10] = null
    Object[11] = null
    Object[12] = null
    Object[13] = null
    Object[14] = null
    Object[15] = null
    Object[16] = null
    Object[17] = null
    Object[18] = null
    Object[19] = null
  index = 6
  NOT_FOUND = class java.lang.Object@92dcdb2b
  $$$tc$$$ = class com.ibm.websphere.ras.TraceComponent@de9c59fd
    strings[0] = "TraceComponent[org.apache.cxf.message.MessageImpl,class org.apache.cxf.message.MessageImpl,[],null,null]"
  serialVersionUID = -4590903451121887
  $$$tc$$$ = class com.ibm.websphere.ras.TraceComponent@47917138
    strings[0] = "TraceComponent[org.apache.cxf.message.StringMapImpl,class org.apache.cxf.message.StringMapImpl,[],null,null]"
  serialVersionUID = "/* Could not access serialVersionUID */"
  DEFAULT_INITIAL_CAPACITY = "/* Could not access DEFAULT_INITIAL_CAPACITY */"
  MAXIMUM_CAPACITY = "/* Could not access MAXIMUM_CAPACITY */"
  DEFAULT_LOAD_FACTOR = "/* Could not access DEFAULT_LOAD_FACTOR */"
  TREEIFY_THRESHOLD = "/* Could not access TREEIFY_THRESHOLD */"
  UNTREEIFY_THRESHOLD = "/* Could not access UNTREEIFY_THRESHOLD */"
  MIN_TREEIFY_CAPACITY = "/* Could not access MIN_TREEIFY_CAPACITY */"
  table = "/* Could not access table */"
  entrySet = "/* Could not access entrySet */"
  size = "/* Could not access size */"
  modCount = "/* Could not access modCount */"
  threshold = "/* Could not access threshold */"
  loadFactor = "/* Could not access loadFactor */"
  keySet = "/* Could not access keySet */"
  values = "/* Could not access values */"

