********************************************************************************
product = Open Liberty 20.0.0.4 (wlp-1.0.39.cl200420200401-1714)
wlp.install.dir = C:/Users/Steve/Documents/git/Swarm/target/liberty/wlp/
java.home = C:\Program Files\AdoptOpenJDK\jdk-11.0.6.10-openj9
java.version = 11.0.6
java.runtime = OpenJDK Runtime Environment (11.0.6+10)
os = Windows 10 (10.0; amd64) (en_US)
process = 11840@Hubris
********************************************************************************
[4/22/20, 8:46:26:515 EDT] 00000001 com.ibm.ws.kernel.launch.internal.FrameworkManager           A CWWKE0001I: The server LibertySwarm has been launched.
[4/22/20, 8:46:28:322 EDT] 0000001d com.ibm.ws.config.xml.internal.ServerXMLConfiguration        A CWWKG0093A: Processing configuration drop-ins resource: C:\Users\Steve\Documents\git\Swarm\target\liberty\wlp\usr\servers\LibertySwarm\configDropins\overrides\liberty-plugin-variable-config.xml
[4/22/20, 8:46:28:768 EDT] 00000001 com.ibm.ws.kernel.launch.internal.FrameworkManager           I CWWKE0002I: The kernel started after 2.957 seconds
[4/22/20, 8:46:28:915 EDT] 00000028 com.ibm.ws.kernel.feature.internal.FeatureManager            I CWWKF0007I: Feature update started.
[4/22/20, 8:46:36:584 EDT] 0000001e .apache.cxf.cxf.core.3.2:1.0.39.cl200420200401-1714(id=175)] I Aries Blueprint packages not available. So namespaces will not be registered
[4/22/20, 8:46:36:604 EDT] 0000001e .apache.cxf.cxf.core.3.2:1.0.39.cl200420200401-1714(id=175)] I Aries Blueprint packages not available. So namespaces will not be registered
[4/22/20, 8:46:36:912 EDT] 0000001c com.ibm.ws.security.ready.internal.SecurityReadyServiceImpl  I CWWKS0007I: The security service is starting...
[4/22/20, 8:46:39:024 EDT] 0000001e com.ibm.ws.app.manager.internal.monitor.DropinMonitor        A CWWKZ0058I: Monitoring dropins for applications.
[4/22/20, 8:46:39:369 EDT] 0000001f com.ibm.ws.annocache.service                                 I OSGi Work Path [ C:\Users\Steve\Documents\git\Swarm\target\liberty\wlp\usr\servers\LibertySwarm\workarea\org.eclipse.osgi\41\data ]
[4/22/20, 8:46:40:234 EDT] 0000001e com.ibm.ws.cache.ServerCache                                 I DYNA1001I: WebSphere Dynamic Cache instance named baseCache initialized successfully.
[4/22/20, 8:46:40:238 EDT] 0000001e com.ibm.ws.cache.ServerCache                                 I DYNA1071I: The cache provider default is being used.
[4/22/20, 8:46:40:238 EDT] 0000001e com.ibm.ws.cache.CacheServiceImpl                            I DYNA1056I: Dynamic Cache (object cache) initialized successfully.
[4/22/20, 8:46:42:309 EDT] 00000024 com.ibm.ws.ssl.config.WSKeyStore                             A CWPKI0820A: The default keystore has been created using the 'keystore_password' environment variable.
[4/22/20, 8:46:42:375 EDT] 0000002d com.ibm.ws.security.token.ltpa.internal.LTPAKeyCreateTask    I CWWKS4105I: LTPA configuration is ready after 0.030 seconds.
[4/22/20, 8:46:42:453 EDT] 0000001c ibm.ws.security.authentication.internal.jaas.JAASServiceImpl I CWWKS1123I: The collective authentication plugin with class name NullCollectiveAuthenticationPlugin has been activated. 
[4/22/20, 8:46:42:919 EDT] 00000024 com.ibm.ws.ssl.config.WSKeyStore                             I Successfully loaded default keystore: C:/Users/Steve/Documents/git/Swarm/target/liberty/wlp/usr/servers/LibertySwarm/resources/security/key.p12 of type: PKCS12
[4/22/20, 8:46:42:932 EDT] 0000001c com.ibm.ws.security.jwt.internal.ConsumerImpl                I CWWKS6012I: The JSON Web Token (JWT) consumer service is available.
[4/22/20, 8:46:42:964 EDT] 0000001c com.ibm.ws.security.jwt.web.JwtEndpointServices              I CWWKS6002I: The JSON Web Token (JWT) endpoint service is available.
[4/22/20, 8:46:42:995 EDT] 0000001c .ws.security.mp.jwt.v11.config.impl.MpConfigProxyServiceImpl I CWWKS5775I: The MicroProfile JWT version 1.1 mpConfigProxy processed successfully.
[4/22/20, 8:46:43:015 EDT] 0000001c com.ibm.ws.security.mp.jwt.impl.MicroProfileJwtConfigImpl    I CWWKS5500I: The MicroProfile JWT configuration [defaultMpJwt] was successfully processed.
[4/22/20, 8:46:43:020 EDT] 0000001c com.ibm.ws.security.mp.jwt.impl.MicroProfileJwtServiceImpl   I CWWKS5500I: The MicroProfile JWT configuration [MicroProfileJwtService] was successfully processed.
[4/22/20, 8:46:43:352 EDT] 0000001c com.ibm.ws.session.WASSessionCore                            I SESN8501I: The session manager did not find a persistent storage location; HttpSession objects will be stored in the local application server's memory.
[4/22/20, 8:46:45:053 EDT] 0000002d com.ibm.ws.webcontainer.osgi.webapp.WebGroup                 I SRVE0169I: Loading Web Module: PrivateMicroProfileMetrics.
[4/22/20, 8:46:45:053 EDT] 0000002d com.ibm.ws.webcontainer                                      I SRVE0250I: Web Module PrivateMicroProfileMetrics has been bound to default_host.
[4/22/20, 8:46:45:059 EDT] 0000002d com.ibm.ws.http.internal.VirtualHostImpl                     A CWWKT0016I: Web application available (default_host): http://hubris.home:9081/metrics/
[4/22/20, 8:46:45:088 EDT] 00000033 com.ibm.ws.webcontainer.osgi.webapp.WebGroup                 I SRVE0169I: Loading Web Module: OpenAPIUI.
[4/22/20, 8:46:45:089 EDT] 00000033 com.ibm.ws.webcontainer                                      I SRVE0250I: Web Module OpenAPIUI has been bound to default_host.
[4/22/20, 8:46:45:090 EDT] 00000033 com.ibm.ws.http.internal.VirtualHostImpl                     A CWWKT0016I: Web application available (default_host): http://hubris.home:9081/openapi/ui/
[4/22/20, 8:46:45:225 EDT] 0000002a com.ibm.ws.webcontainer.osgi.webapp.WebGroup                 I SRVE0169I: Loading Web Module: health.
[4/22/20, 8:46:45:226 EDT] 0000002a com.ibm.ws.webcontainer                                      I SRVE0250I: Web Module health has been bound to default_host.
[4/22/20, 8:46:45:226 EDT] 0000002a com.ibm.ws.http.internal.VirtualHostImpl                     A CWWKT0016I: Web application available (default_host): http://hubris.home:9081/health/
[4/22/20, 8:46:45:290 EDT] 0000002d com.ibm.ws.app.manager.AppMessageHelper                      I CWWKZ0018I: Starting application Swarm.
[4/22/20, 8:46:45:290 EDT] 0000002d bm.ws.app.manager.war.internal.WARDeployedAppInfoFactoryImpl I CWWKZ0134I: The Swarm application is using the loose application definition at the C:\Users\Steve\Documents\git\Swarm\target\liberty\wlp\usr\servers\LibertySwarm\dropins\Swarm.war.xml location.
[4/22/20, 8:46:45:318 EDT] 00000035 com.ibm.ws.webcontainer.osgi.webapp.WebGroup                 I SRVE0169I: Loading Web Module: com.ibm.ws.security.jwt.
[4/22/20, 8:46:45:318 EDT] 00000035 com.ibm.ws.webcontainer                                      I SRVE0250I: Web Module com.ibm.ws.security.jwt has been bound to default_host.
[4/22/20, 8:46:45:318 EDT] 00000035 com.ibm.ws.http.internal.VirtualHostImpl                     A CWWKT0016I: Web application available (default_host): http://hubris.home:9081/jwt/
[4/22/20, 8:46:45:329 EDT] 00000029 com.ibm.ws.webcontainer.osgi.webapp.WebGroup                 I SRVE0169I: Loading Web Module: ibm/api.
[4/22/20, 8:46:45:330 EDT] 00000029 com.ibm.ws.webcontainer                                      I SRVE0250I: Web Module ibm/api has been bound to default_host.
[4/22/20, 8:46:45:330 EDT] 00000029 com.ibm.ws.http.internal.VirtualHostImpl                     A CWWKT0016I: Web application available (default_host): http://hubris.home:9081/ibm/api/
[4/22/20, 8:46:45:329 EDT] 0000002c com.ibm.ws.webcontainer.osgi.webapp.WebGroup                 I SRVE0169I: Loading Web Module: MicroProfileOpenAPI.
[4/22/20, 8:46:45:358 EDT] 0000002c com.ibm.ws.webcontainer                                      I SRVE0250I: Web Module MicroProfileOpenAPI has been bound to default_host.
[4/22/20, 8:46:45:359 EDT] 0000002c com.ibm.ws.http.internal.VirtualHostImpl                     A CWWKT0016I: Web application available (default_host): http://hubris.home:9081/openapi/
[4/22/20, 8:46:45:634 EDT] 0000002a com.ibm.ws.session.WASSessionCore                            I SESN0176I: A new session context will be created for application key default_host/openapi/ui
[4/22/20, 8:46:45:638 EDT] 00000036 com.ibm.ws.session.WASSessionCore                            I SESN0176I: A new session context will be created for application key default_host/ibm/api
[4/22/20, 8:46:45:642 EDT] 00000029 com.ibm.ws.session.WASSessionCore                            I SESN0176I: A new session context will be created for application key default_host/health
[4/22/20, 8:46:45:639 EDT] 0000002c com.ibm.ws.session.WASSessionCore                            I SESN0176I: A new session context will be created for application key default_host/jwt
[4/22/20, 8:46:45:682 EDT] 0000002a com.ibm.ws.util                                              I SESN0172I: The session manager is using the Java default SecureRandom implementation for session ID generation.
[4/22/20, 8:46:45:683 EDT] 00000033 com.ibm.ws.session.WASSessionCore                            I SESN0176I: A new session context will be created for application key default_host/metrics
[4/22/20, 8:46:45:701 EDT] 00000033 com.ibm.ws.util                                              I SESN0172I: The session manager is using the Java default SecureRandom implementation for session ID generation.
[4/22/20, 8:46:45:712 EDT] 0000002c com.ibm.ws.util                                              I SESN0172I: The session manager is using the Java default SecureRandom implementation for session ID generation.
[4/22/20, 8:46:45:721 EDT] 00000036 com.ibm.ws.util                                              I SESN0172I: The session manager is using the Java default SecureRandom implementation for session ID generation.
[4/22/20, 8:46:45:741 EDT] 0000002a com.ibm.ws.cache.CacheServiceImpl                            I DYNA1056I: Dynamic Cache (object cache) initialized successfully.
[4/22/20, 8:46:45:743 EDT] 00000029 com.ibm.ws.util                                              I SESN0172I: The session manager is using the Java default SecureRandom implementation for session ID generation.
[4/22/20, 8:46:46:009 EDT] 0000002c com.ibm.ws.session.WASSessionCore                            I SESN0176I: A new session context will be created for application key default_host/openapi
[4/22/20, 8:46:46:010 EDT] 0000002c com.ibm.ws.util                                              I SESN0172I: The session manager is using the Java default SecureRandom implementation for session ID generation.
[4/22/20, 8:46:46:180 EDT] 00000033 com.ibm.ws.webcontainer.servlet                              I SRVE0242I: [com.ibm.ws.microprofile.metrics.private] [/metrics] [PrivateMetricsRESTProxyServlet]: Initialization successful.
[4/22/20, 8:46:46:191 EDT] 0000002c com.ibm.ws.webcontainer.servlet                              I SRVE0242I: [com.ibm.ws.microprofile.openapi] [/openapi] [OpenAPIServlet]: Initialization successful.
[4/22/20, 8:46:46:198 EDT] 00000029 com.ibm.ws.webcontainer.servlet                              I SRVE0242I: [com.ibm.ws.microprofile.health.2.0] [/health] [HealthCheckReadinessServlet]: Initialization successful.
[4/22/20, 8:46:46:202 EDT] 00000029 com.ibm.ws.webcontainer.servlet                              I SRVE0242I: [com.ibm.ws.microprofile.health.2.0] [/health] [HealthCheckServlet]: Initialization successful.
[4/22/20, 8:46:46:205 EDT] 00000029 com.ibm.ws.webcontainer.servlet                              I SRVE0242I: [com.ibm.ws.microprofile.health.2.0] [/health] [HealthCheckLivenessServlet]: Initialization successful.
[4/22/20, 8:46:47:908 EDT] 0000002d com.ibm.ws.microprofile.openapi.ApplicationProcessor         I CWWKO1660I: The application Swarm was processed and an OpenAPI document was produced.
[4/22/20, 8:46:48:140 EDT] 0000002d org.jboss.weld.Version                                       I WELD-000900: 3.1.1 (Final)
[4/22/20, 8:46:48:649 EDT] 00000035 com.ibm.ws.webcontainer.osgi.mbeans.PluginGenerator          I SRVE9103I: A configuration file for a web server plugin was automatically generated for this server at C:\Users\Steve\Documents\git\Swarm\target\liberty\wlp\usr\servers\LibertySwarm\logs\state\plugin-cfg.xml.
[4/22/20, 8:46:50:144 EDT] 0000002d com.ibm.ws.webcontainer.osgi.webapp.WebGroup                 I SRVE0169I: Loading Web Module: Swarm.
[4/22/20, 8:46:50:145 EDT] 0000002d com.ibm.ws.webcontainer                                      I SRVE0250I: Web Module Swarm has been bound to default_host.
[4/22/20, 8:46:50:146 EDT] 0000002d com.ibm.ws.http.internal.VirtualHostImpl                     A CWWKT0016I: Web application available (default_host): http://hubris.home:9081/Swarm/
[4/22/20, 8:46:50:151 EDT] 0000002d com.ibm.ws.app.manager.AppMessageHelper                      A CWWKZ0001I: Application Swarm started in 4.861 seconds.
[4/22/20, 8:46:50:185 EDT] 00000029 com.ibm.ws.session.WASSessionCore                            I SESN0176I: A new session context will be created for application key default_host/Swarm
[4/22/20, 8:46:50:186 EDT] 00000029 com.ibm.ws.util                                              I SESN0172I: The session manager is using the Java default SecureRandom implementation for session ID generation.
[4/22/20, 8:46:50:605 EDT] 00000028 com.ibm.ws.tcpchannel.internal.TCPPort                       I CWWKO0219I: TCP Channel defaultHttpEndpoint has been started and is now listening for requests on host *  (IPv6) port 9081.
[4/22/20, 8:46:50:610 EDT] 00000028 com.ibm.ws.tcpchannel.internal.TCPPort                       I CWWKO0219I: TCP Channel defaultHttpEndpoint-ssl has been started and is now listening for requests on host *  (IPv6) port 9445.
[4/22/20, 8:46:50:997 EDT] 00000028 com.ibm.ws.kernel.feature.internal.FeatureManager            A CWWKF0012I: The server installed the following features: [appSecurity-2.0, cdi-2.0, concurrent-1.0, distributedMap-1.0, jaxrs-2.1, jaxrsClient-2.1, jndi-1.0, json-1.0, jsonb-1.0, jsonp-1.1, jwt-1.0, microProfile-3.2, mpConfig-1.3, mpFaultTolerance-2.0, mpHealth-2.1, mpJwt-1.1, mpMetrics-2.2, mpOpenAPI-1.1, mpOpenTracing-1.3, mpRestClient-1.3, opentracing-1.3, servlet-4.0, ssl-1.0].
[4/22/20, 8:46:50:999 EDT] 00000028 com.ibm.ws.kernel.feature.internal.FeatureManager            I CWWKF0008I: Feature update completed in 22.236 seconds.
[4/22/20, 8:46:50:999 EDT] 00000028 com.ibm.ws.kernel.feature.internal.FeatureManager            A CWWKF0011I: The LibertySwarm server is ready to run a smarter planet. The LibertySwarm server started in 25.190 seconds.
[4/22/20, 8:46:51:607 EDT] 0000002a com.ibm.ws.webcontainer.osgi.mbeans.PluginGenerator          I SRVE9103I: A configuration file for a web server plugin was automatically generated for this server at C:\Users\Steve\Documents\git\Swarm\target\liberty\wlp\usr\servers\LibertySwarm\logs\state\plugin-cfg.xml.
[4/22/20, 8:47:08:522 EDT] 0000004a .apache.cxf.cxf.core.3.2:1.0.39.cl200420200401-1714(id=175)] I Setting the server's publish address to be /
[4/22/20, 8:47:08:726 EDT] 0000004a com.ibm.ws.webcontainer.servlet                              I SRVE0242I: [Swarm] [/Swarm] [ServerBoardApplication]: Initialization successful.
[4/22/20, 8:47:09:539 EDT] 0000004a com.ibm.ws.opentracing.OpentracingUserFeatureAccessService   W CWMOT0010W: OpenTracing cannot track JAX-RS requests because an OpentracingTracerFactory class was not provided or client libraries for tracing backend are not in the class path.
[4/22/20, 8:47:10:048 EDT] 0000004a SystemOut                                                    O Current tickCount is 3
[4/22/20, 8:47:12:608 EDT] 0000002c SystemOut                                                    O Current tickCount is 4
[4/22/20, 8:47:13:633 EDT] 0000004a SystemOut                                                    O Current tickCount is 5
[4/22/20, 8:47:14:347 EDT] 0000002c SystemOut                                                    O Current tickCount is 6
[4/22/20, 8:47:15:315 EDT] 0000004e SystemOut                                                    O Current tickCount is 7
[4/22/20, 8:47:16:147 EDT] 00000052 SystemOut                                                    O Current tickCount is 8
[4/22/20, 8:47:17:017 EDT] 00000049 SystemOut                                                    O Current tickCount is 9
[4/22/20, 8:47:18:123 EDT] 00000055 SystemOut                                                    O Current tickCount is 10
[4/22/20, 8:47:19:607 EDT] 00000055 SystemOut                                                    O Zombie added!
[4/22/20, 8:47:19:619 EDT] 00000055 SystemOut                                                    O Current tickCount is 1
[4/22/20, 8:47:26:964 EDT] 00000061 SystemOut                                                    O Current tickCount is 2
[4/22/20, 8:47:28:522 EDT] 0000005f SystemOut                                                    O Current tickCount is 3
[4/22/20, 8:47:30:897 EDT] 00000062 SystemOut                                                    O Current tickCount is 4
[4/22/20, 8:47:31:774 EDT] 00000065 SystemOut                                                    O Current tickCount is 5
[4/22/20, 8:47:33:385 EDT] 00000062 SystemOut                                                    O Current tickCount is 6
[4/22/20, 8:47:34:599 EDT] 00000046 SystemOut                                                    O Current tickCount is 7
[4/22/20, 8:47:36:968 EDT] 00000067 SystemOut                                                    O Current tickCount is 8
[4/22/20, 8:47:37:972 EDT] 0000002c SystemOut                                                    O Current tickCount is 9
[4/22/20, 8:47:39:655 EDT] 00000048 SystemOut                                                    O Current tickCount is 10
[4/22/20, 8:47:41:864 EDT] 0000002c SystemOut                                                    O Zombie added!
[4/22/20, 8:47:41:875 EDT] 0000002c SystemOut                                                    O Current tickCount is 1
[4/22/20, 8:47:43:591 EDT] 00000064 SystemOut                                                    O Current tickCount is 2
[4/22/20, 8:47:44:923 EDT] 00000068 SystemOut                                                    O Current tickCount is 3
[4/22/20, 8:47:46:249 EDT] 0000002c SystemOut                                                    O Current tickCount is 4
[4/22/20, 8:47:47:372 EDT] 00000064 SystemOut                                                    O Current tickCount is 5
[4/22/20, 8:47:48:471 EDT] 0000006a SystemOut                                                    O Current tickCount is 6
[4/22/20, 8:47:58:922 EDT] 00000046 SystemOut                                                    O Current tickCount is 7
[4/22/20, 8:48:00:178 EDT] 00000077 SystemOut                                                    O Current tickCount is 8
[4/22/20, 8:48:03:048 EDT] 0000004b SystemOut                                                    O Current tickCount is 9
[4/22/20, 8:48:04:179 EDT] 00000064 SystemOut                                                    O Current tickCount is 10
[4/22/20, 8:48:05:947 EDT] 00000069 SystemOut                                                    O Zombie added!
[4/22/20, 8:48:05:958 EDT] 00000069 SystemOut                                                    O Current tickCount is 1
[4/22/20, 9:34:17:944 EDT] 00000713 com.ibm.ws.http.internal.VirtualHostImpl                     A CWWKT0017I: Web application removed (default_host): http://hubris.home:9081/Swarm/
[4/22/20, 9:34:17:944 EDT] 00000713 com.ibm.ws.webcontainer.servlet                              I SRVE0253I: [Swarm] [/Swarm] [ServerBoardApplication]: Destroy successful.
[4/22/20, 9:34:17:977 EDT] 00000713 com.ibm.ws.app.manager.AppMessageHelper                      A CWWKZ0009I: The application Swarm has stopped successfully.
[4/22/20, 9:34:17:984 EDT] 00000713 com.ibm.ws.app.manager.AppMessageHelper                      I CWWKZ0018I: Starting application Swarm.
[4/22/20, 9:34:17:984 EDT] 00000713 bm.ws.app.manager.war.internal.WARDeployedAppInfoFactoryImpl I CWWKZ0134I: The Swarm application is using the loose application definition at the C:\Users\Steve\Documents\git\Swarm\target\liberty\wlp\usr\servers\LibertySwarm\dropins\Swarm.war.xml location.
[4/22/20, 9:34:18:190 EDT] 00000713 com.ibm.ws.microprofile.openapi.ApplicationProcessor         I CWWKO1660I: The application Swarm was processed and an OpenAPI document was produced.
[4/22/20, 9:34:18:299 EDT] 00000769 com.ibm.ws.webcontainer.osgi.mbeans.PluginGenerator          I SRVE9103I: A configuration file for a web server plugin was automatically generated for this server at C:\Users\Steve\Documents\git\Swarm\target\liberty\wlp\usr\servers\LibertySwarm\logs\state\plugin-cfg.xml.
[4/22/20, 9:34:18:302 EDT] 00000713 com.ibm.ws.webcontainer.osgi.webapp.WebGroup                 I SRVE0169I: Loading Web Module: Swarm.
[4/22/20, 9:34:18:302 EDT] 00000713 com.ibm.ws.webcontainer                                      I SRVE0250I: Web Module Swarm has been bound to default_host.
[4/22/20, 9:34:18:302 EDT] 00000713 com.ibm.ws.http.internal.VirtualHostImpl                     A CWWKT0016I: Web application available (default_host): http://hubris.home:9081/Swarm/
[4/22/20, 9:34:18:302 EDT] 000007a1 com.ibm.ws.session.WASSessionCore                            I SESN0176I: A new session context will be created for application key default_host/Swarm
[4/22/20, 9:34:18:302 EDT] 000007a1 com.ibm.ws.util                                              I SESN0172I: The session manager is using the Java default SecureRandom implementation for session ID generation.
[4/22/20, 9:34:18:302 EDT] 00000713 com.ibm.ws.app.manager.AppMessageHelper                      A CWWKZ0003I: The application Swarm updated in 0.318 seconds.
[4/22/20, 9:34:18:599 EDT] 000007ab com.ibm.ws.webcontainer.osgi.mbeans.PluginGenerator          I SRVE9103I: A configuration file for a web server plugin was automatically generated for this server at C:\Users\Steve\Documents\git\Swarm\target\liberty\wlp\usr\servers\LibertySwarm\logs\state\plugin-cfg.xml.
[4/22/20, 9:37:24:625 EDT] 0000081b com.ibm.ws.http.internal.VirtualHostImpl                     A CWWKT0017I: Web application removed (default_host): http://hubris.home:9081/Swarm/
[4/22/20, 9:37:24:632 EDT] 0000081b com.ibm.ws.app.manager.AppMessageHelper                      A CWWKZ0009I: The application Swarm has stopped successfully.
[4/22/20, 9:37:24:642 EDT] 0000081b com.ibm.ws.app.manager.AppMessageHelper                      I CWWKZ0018I: Starting application Swarm.
[4/22/20, 9:37:24:642 EDT] 0000081b bm.ws.app.manager.war.internal.WARDeployedAppInfoFactoryImpl I CWWKZ0134I: The Swarm application is using the loose application definition at the C:\Users\Steve\Documents\git\Swarm\target\liberty\wlp\usr\servers\LibertySwarm\dropins\Swarm.war.xml location.
[4/22/20, 9:37:24:789 EDT] 0000081b com.ibm.ws.microprofile.openapi.ApplicationProcessor         I CWWKO1660I: The application Swarm was processed and an OpenAPI document was produced.
[4/22/20, 9:37:24:896 EDT] 0000081b com.ibm.ws.webcontainer.osgi.webapp.WebGroup                 I SRVE0169I: Loading Web Module: Swarm.
[4/22/20, 9:37:24:900 EDT] 0000081b com.ibm.ws.webcontainer                                      I SRVE0250I: Web Module Swarm has been bound to default_host.
[4/22/20, 9:37:24:900 EDT] 0000081b com.ibm.ws.http.internal.VirtualHostImpl                     A CWWKT0016I: Web application available (default_host): http://hubris.home:9081/Swarm/
[4/22/20, 9:37:24:902 EDT] 00000833 com.ibm.ws.session.WASSessionCore                            I SESN0176I: A new session context will be created for application key default_host/Swarm
[4/22/20, 9:37:24:904 EDT] 0000081b com.ibm.ws.app.manager.AppMessageHelper                      A CWWKZ0003I: The application Swarm updated in 0.262 seconds.
[4/22/20, 9:37:24:904 EDT] 00000833 com.ibm.ws.util                                              I SESN0172I: The session manager is using the Java default SecureRandom implementation for session ID generation.
[4/22/20, 9:37:24:929 EDT] 00000834 com.ibm.ws.webcontainer.osgi.mbeans.PluginGenerator          I SRVE9103I: A configuration file for a web server plugin was automatically generated for this server at C:\Users\Steve\Documents\git\Swarm\target\liberty\wlp\usr\servers\LibertySwarm\logs\state\plugin-cfg.xml.
[4/22/20, 9:37:25:131 EDT] 0000082c com.ibm.ws.webcontainer.osgi.mbeans.PluginGenerator          I SRVE9103I: A configuration file for a web server plugin was automatically generated for this server at C:\Users\Steve\Documents\git\Swarm\target\liberty\wlp\usr\servers\LibertySwarm\logs\state\plugin-cfg.xml.
[4/22/20, 9:37:27:246 EDT] 00000833 com.ibm.ws.http.internal.VirtualHostImpl                     A CWWKT0017I: Web application removed (default_host): http://hubris.home:9081/Swarm/
[4/22/20, 9:37:27:252 EDT] 00000833 com.ibm.ws.app.manager.AppMessageHelper                      A CWWKZ0009I: The application Swarm has stopped successfully.
[4/22/20, 9:37:27:266 EDT] 00000833 com.ibm.ws.app.manager.AppMessageHelper                      I CWWKZ0018I: Starting application Swarm.
[4/22/20, 9:37:27:266 EDT] 00000833 bm.ws.app.manager.war.internal.WARDeployedAppInfoFactoryImpl I CWWKZ0134I: The Swarm application is using the loose application definition at the C:\Users\Steve\Documents\git\Swarm\target\liberty\wlp\usr\servers\LibertySwarm\dropins\Swarm.war.xml location.
[4/22/20, 9:37:27:567 EDT] 00000833 com.ibm.ws.microprofile.openapi.ApplicationProcessor         I CWWKO1660I: The application Swarm was processed and an OpenAPI document was produced.
[4/22/20, 9:37:27:681 EDT] 00000833 com.ibm.ws.webcontainer.osgi.webapp.WebGroup                 I SRVE0169I: Loading Web Module: Swarm.
[4/22/20, 9:37:27:681 EDT] 00000833 com.ibm.ws.webcontainer                                      I SRVE0250I: Web Module Swarm has been bound to default_host.
[4/22/20, 9:37:27:681 EDT] 00000833 com.ibm.ws.http.internal.VirtualHostImpl                     A CWWKT0016I: Web application available (default_host): http://hubris.home:9081/Swarm/
[4/22/20, 9:37:27:697 EDT] 00000833 com.ibm.ws.app.manager.AppMessageHelper                      A CWWKZ0003I: The application Swarm updated in 0.415 seconds.
[4/22/20, 9:37:27:719 EDT] 00000836 com.ibm.ws.session.WASSessionCore                            I SESN0176I: A new session context will be created for application key default_host/Swarm
[4/22/20, 9:37:27:719 EDT] 00000836 com.ibm.ws.util                                              I SESN0172I: The session manager is using the Java default SecureRandom implementation for session ID generation.
[4/22/20, 9:37:27:736 EDT] 0000082e com.ibm.ws.webcontainer.osgi.mbeans.PluginGenerator          I SRVE9103I: A configuration file for a web server plugin was automatically generated for this server at C:\Users\Steve\Documents\git\Swarm\target\liberty\wlp\usr\servers\LibertySwarm\logs\state\plugin-cfg.xml.
[4/22/20, 9:37:27:983 EDT] 00000837 com.ibm.ws.webcontainer.osgi.mbeans.PluginGenerator          I SRVE9103I: A configuration file for a web server plugin was automatically generated for this server at C:\Users\Steve\Documents\git\Swarm\target\liberty\wlp\usr\servers\LibertySwarm\logs\state\plugin-cfg.xml.
[4/22/20, 9:37:42:651 EDT] 0000083e com.ibm.ws.http.internal.VirtualHostImpl                     A CWWKT0017I: Web application removed (default_host): http://hubris.home:9081/Swarm/
[4/22/20, 9:37:42:664 EDT] 0000083e com.ibm.ws.app.manager.AppMessageHelper                      A CWWKZ0009I: The application Swarm has stopped successfully.
[4/22/20, 9:37:42:669 EDT] 0000083e com.ibm.ws.app.manager.AppMessageHelper                      I CWWKZ0018I: Starting application Swarm.
[4/22/20, 9:37:42:669 EDT] 0000083e bm.ws.app.manager.war.internal.WARDeployedAppInfoFactoryImpl I CWWKZ0134I: The Swarm application is using the loose application definition at the C:\Users\Steve\Documents\git\Swarm\target\liberty\wlp\usr\servers\LibertySwarm\dropins\Swarm.war.xml location.
[4/22/20, 9:37:42:886 EDT] 0000083e com.ibm.ws.microprofile.openapi.ApplicationProcessor         I CWWKO1660I: The application Swarm was processed and an OpenAPI document was produced.
[4/22/20, 9:37:43:103 EDT] 0000083e com.ibm.ws.webcontainer.osgi.webapp.WebGroup                 I SRVE0169I: Loading Web Module: Swarm.
[4/22/20, 9:37:43:103 EDT] 0000083e com.ibm.ws.webcontainer                                      I SRVE0250I: Web Module Swarm has been bound to default_host.
[4/22/20, 9:37:43:104 EDT] 0000083e com.ibm.ws.http.internal.VirtualHostImpl                     A CWWKT0016I: Web application available (default_host): http://hubris.home:9081/Swarm/
[4/22/20, 9:37:43:104 EDT] 0000083e com.ibm.ws.app.manager.AppMessageHelper                      A CWWKZ0003I: The application Swarm updated in 0.435 seconds.
[4/22/20, 9:37:43:108 EDT] 000007e0 com.ibm.ws.session.WASSessionCore                            I SESN0176I: A new session context will be created for application key default_host/Swarm
[4/22/20, 9:37:43:108 EDT] 000007e0 com.ibm.ws.util                                              I SESN0172I: The session manager is using the Java default SecureRandom implementation for session ID generation.
[4/22/20, 9:50:59:297 EDT] 000009ea com.ibm.ws.http.internal.VirtualHostImpl                     A CWWKT0017I: Web application removed (default_host): http://hubris.home:9081/Swarm/
[4/22/20, 9:50:59:306 EDT] 000009ea com.ibm.ws.app.manager.AppMessageHelper                      A CWWKZ0009I: The application Swarm has stopped successfully.
[4/22/20, 9:50:59:316 EDT] 000009ea com.ibm.ws.app.manager.AppMessageHelper                      I CWWKZ0018I: Starting application Swarm.
[4/22/20, 9:50:59:317 EDT] 000009ea bm.ws.app.manager.war.internal.WARDeployedAppInfoFactoryImpl I CWWKZ0134I: The Swarm application is using the loose application definition at the C:\Users\Steve\Documents\git\Swarm\target\liberty\wlp\usr\servers\LibertySwarm\dropins\Swarm.war.xml location.
[4/22/20, 9:50:59:485 EDT] 000009ea com.ibm.ws.microprofile.openapi.ApplicationProcessor         I CWWKO1660I: The application Swarm was processed and an OpenAPI document was produced.
[4/22/20, 9:50:59:587 EDT] 000009ea com.ibm.ws.webcontainer.osgi.webapp.WebGroup                 I SRVE0169I: Loading Web Module: Swarm.
[4/22/20, 9:50:59:587 EDT] 000009ea com.ibm.ws.webcontainer                                      I SRVE0250I: Web Module Swarm has been bound to default_host.
[4/22/20, 9:50:59:587 EDT] 000009ea com.ibm.ws.http.internal.VirtualHostImpl                     A CWWKT0016I: Web application available (default_host): http://hubris.home:9081/Swarm/
[4/22/20, 9:50:59:604 EDT] 000009ea com.ibm.ws.app.manager.AppMessageHelper                      A CWWKZ0003I: The application Swarm updated in 0.288 seconds.
[4/22/20, 9:50:59:606 EDT] 00000a16 com.ibm.ws.session.WASSessionCore                            I SESN0176I: A new session context will be created for application key default_host/Swarm
[4/22/20, 9:50:59:608 EDT] 00000a16 com.ibm.ws.util                                              I SESN0172I: The session manager is using the Java default SecureRandom implementation for session ID generation.
[4/22/20, 9:50:59:612 EDT] 00000a63 com.ibm.ws.webcontainer.osgi.mbeans.PluginGenerator          I SRVE9103I: A configuration file for a web server plugin was automatically generated for this server at C:\Users\Steve\Documents\git\Swarm\target\liberty\wlp\usr\servers\LibertySwarm\logs\state\plugin-cfg.xml.
[4/22/20, 9:50:59:832 EDT] 00000a5e com.ibm.ws.webcontainer.osgi.mbeans.PluginGenerator          I SRVE9103I: A configuration file for a web server plugin was automatically generated for this server at C:\Users\Steve\Documents\git\Swarm\target\liberty\wlp\usr\servers\LibertySwarm\logs\state\plugin-cfg.xml.
[4/22/20, 9:53:28:077 EDT] 00000a16 com.ibm.ws.http.internal.VirtualHostImpl                     A CWWKT0017I: Web application removed (default_host): http://hubris.home:9081/Swarm/
[4/22/20, 9:53:28:083 EDT] 00000a16 com.ibm.ws.app.manager.AppMessageHelper                      A CWWKZ0009I: The application Swarm has stopped successfully.
[4/22/20, 9:53:28:093 EDT] 00000a16 com.ibm.ws.app.manager.AppMessageHelper                      I CWWKZ0018I: Starting application Swarm.
[4/22/20, 9:53:28:093 EDT] 00000a16 bm.ws.app.manager.war.internal.WARDeployedAppInfoFactoryImpl I CWWKZ0134I: The Swarm application is using the loose application definition at the C:\Users\Steve\Documents\git\Swarm\target\liberty\wlp\usr\servers\LibertySwarm\dropins\Swarm.war.xml location.
[4/22/20, 9:53:28:258 EDT] 00000a16 com.ibm.ws.microprofile.openapi.ApplicationProcessor         I CWWKO1660I: The application Swarm was processed and an OpenAPI document was produced.
[4/22/20, 9:53:28:365 EDT] 00000a16 com.ibm.ws.webcontainer.osgi.webapp.WebGroup                 I SRVE0169I: Loading Web Module: Swarm.
[4/22/20, 9:53:28:365 EDT] 00000a16 com.ibm.ws.webcontainer                                      I SRVE0250I: Web Module Swarm has been bound to default_host.
[4/22/20, 9:53:28:365 EDT] 00000a16 com.ibm.ws.http.internal.VirtualHostImpl                     A CWWKT0016I: Web application available (default_host): http://hubris.home:9081/Swarm/
[4/22/20, 9:53:28:365 EDT] 00000a16 com.ibm.ws.app.manager.AppMessageHelper                      A CWWKZ0003I: The application Swarm updated in 0.272 seconds.
[4/22/20, 9:53:28:371 EDT] 00000aa0 com.ibm.ws.webcontainer.osgi.mbeans.PluginGenerator          I SRVE9103I: A configuration file for a web server plugin was automatically generated for this server at C:\Users\Steve\Documents\git\Swarm\target\liberty\wlp\usr\servers\LibertySwarm\logs\state\plugin-cfg.xml.
[4/22/20, 9:53:28:377 EDT] 00000aa5 com.ibm.ws.session.WASSessionCore                            I SESN0176I: A new session context will be created for application key default_host/Swarm
[4/22/20, 9:53:28:382 EDT] 00000aa5 com.ibm.ws.util                                              I SESN0172I: The session manager is using the Java default SecureRandom implementation for session ID generation.
[4/22/20, 9:53:28:576 EDT] 000009b1 com.ibm.ws.webcontainer.osgi.mbeans.PluginGenerator          I SRVE9103I: A configuration file for a web server plugin was automatically generated for this server at C:\Users\Steve\Documents\git\Swarm\target\liberty\wlp\usr\servers\LibertySwarm\logs\state\plugin-cfg.xml.
[4/22/20, 9:53:56:195 EDT] 00000a7a .apache.cxf.cxf.core.3.2:1.0.39.cl200420200401-1714(id=175)] I Setting the server's publish address to be /
[4/22/20, 9:53:56:217 EDT] 00000a7a com.ibm.ws.webcontainer.servlet                              I SRVE0242I: [Swarm] [/Swarm] [ServerBoardApplication]: Initialization successful.
[4/22/20, 9:53:56:236 EDT] 00000a7a xf.rt.frontend.jaxrs.3.2:1.0.39.cl200420200401-1714(id=181)] W javax.ws.rs.ClientErrorException: HTTP 405 Method Not Allowed
	at org.apache.cxf.jaxrs.utils.SpecExceptions.toHttpException(SpecExceptions.java:117)
	at org.apache.cxf.jaxrs.utils.ExceptionUtils.toHttpException(ExceptionUtils.java:167)
	at org.apache.cxf.jaxrs.utils.JAXRSUtils.findTargetMethod(JAXRSUtils.java:556)
	at org.apache.cxf.jaxrs.interceptor.JAXRSInInterceptor.processRequest(JAXRSInInterceptor.java:238)
	at org.apache.cxf.jaxrs.interceptor.JAXRSInInterceptor.handleMessage(JAXRSInInterceptor.java:89)
	at org.apache.cxf.phase.PhaseInterceptorChain.doIntercept(PhaseInterceptorChain.java:308)
	at org.apache.cxf.transport.ChainInitiationObserver.onMessage(ChainInitiationObserver.java:124)
	at org.apache.cxf.transport.http.AbstractHTTPDestination.invoke(AbstractHTTPDestination.java:274)
	at com.ibm.ws.jaxrs20.endpoint.AbstractJaxRsWebEndpoint.invoke(AbstractJaxRsWebEndpoint.java:136)
	at com.ibm.websphere.jaxrs.server.IBMRestServlet.handleRequest(IBMRestServlet.java:146)
	at com.ibm.websphere.jaxrs.server.IBMRestServlet.doDelete(IBMRestServlet.java:131)
	at javax.servlet.http.HttpServlet.service(HttpServlet.java:712)
	at com.ibm.websphere.jaxrs.server.IBMRestServlet.service(IBMRestServlet.java:96)
	at com.ibm.ws.webcontainer.servlet.ServletWrapper.service(ServletWrapper.java:1230)
	at com.ibm.ws.webcontainer.servlet.ServletWrapper.handleRequest(ServletWrapper.java:729)
	at com.ibm.ws.webcontainer.servlet.ServletWrapper.handleRequest(ServletWrapper.java:426)
	at com.ibm.ws.webcontainer.filter.WebAppFilterManager.invokeFilters(WebAppFilterManager.java:1226)
	at com.ibm.ws.webcontainer.webapp.WebApp.handleRequest(WebApp.java:5021)
	at com.ibm.ws.webcontainer.osgi.DynamicVirtualHost$2.handleRequest(DynamicVirtualHost.java:314)
	at com.ibm.ws.webcontainer.WebContainer.handleRequest(WebContainer.java:1007)
	at com.ibm.ws.webcontainer.osgi.DynamicVirtualHost$2.run(DynamicVirtualHost.java:279)
	at com.ibm.ws.http.dispatcher.internal.channel.HttpDispatcherLink$TaskWrapper.run(HttpDispatcherLink.java:1134)
	at com.ibm.ws.http.dispatcher.internal.channel.HttpDispatcherLink.wrapHandlerAndExecute(HttpDispatcherLink.java:415)
	at com.ibm.ws.http.dispatcher.internal.channel.HttpDispatcherLink.ready(HttpDispatcherLink.java:374)
	at com.ibm.ws.http.channel.internal.inbound.HttpInboundLink.handleDiscrimination(HttpInboundLink.java:551)
	at com.ibm.ws.http.channel.internal.inbound.HttpInboundLink.handleNewRequest(HttpInboundLink.java:484)
	at com.ibm.ws.http.channel.internal.inbound.HttpInboundLink.processRequest(HttpInboundLink.java:346)
	at com.ibm.ws.http.channel.internal.inbound.HttpInboundLink.ready(HttpInboundLink.java:317)
	at com.ibm.ws.tcpchannel.internal.NewConnectionInitialReadCallback.sendToDiscriminators(NewConnectionInitialReadCallback.java:167)
	at com.ibm.ws.tcpchannel.internal.NewConnectionInitialReadCallback.complete(NewConnectionInitialReadCallback.java:75)
	at com.ibm.ws.tcpchannel.internal.WorkQueueManager.requestComplete(WorkQueueManager.java:504)
	at com.ibm.ws.tcpchannel.internal.WorkQueueManager.attemptIO(WorkQueueManager.java:574)
	at com.ibm.ws.tcpchannel.internal.WorkQueueManager.workerRun(WorkQueueManager.java:958)
	at com.ibm.ws.tcpchannel.internal.WorkQueueManager$Worker.run(WorkQueueManager.java:1047)
	at com.ibm.ws.threading.internal.ExecutorServiceImpl$RunnableWrapper.run(ExecutorServiceImpl.java:239)
	at java.base/java.util.concurrent.ThreadPoolExecutor.runWorker(ThreadPoolExecutor.java:1128)
	at java.base/java.util.concurrent.ThreadPoolExecutor$Worker.run(ThreadPoolExecutor.java:628)
	at java.base/java.lang.Thread.run(Thread.java:834)

[4/22/20, 9:54:22:430 EDT] 00000ab5 com.ibm.ws.http.internal.VirtualHostImpl                     A CWWKT0017I: Web application removed (default_host): http://hubris.home:9081/Swarm/
[4/22/20, 9:54:22:430 EDT] 00000ab5 com.ibm.ws.webcontainer.servlet                              I SRVE0253I: [Swarm] [/Swarm] [ServerBoardApplication]: Destroy successful.
[4/22/20, 9:54:22:439 EDT] 00000ab5 com.ibm.ws.app.manager.AppMessageHelper                      A CWWKZ0009I: The application Swarm has stopped successfully.
[4/22/20, 9:54:22:449 EDT] 00000ab5 com.ibm.ws.app.manager.AppMessageHelper                      I CWWKZ0018I: Starting application Swarm.
[4/22/20, 9:54:22:449 EDT] 00000ab5 bm.ws.app.manager.war.internal.WARDeployedAppInfoFactoryImpl I CWWKZ0134I: The Swarm application is using the loose application definition at the C:\Users\Steve\Documents\git\Swarm\target\liberty\wlp\usr\servers\LibertySwarm\dropins\Swarm.war.xml location.
[4/22/20, 9:54:22:585 EDT] 00000ab5 com.ibm.ws.microprofile.openapi.ApplicationProcessor         I CWWKO1660I: The application Swarm was processed and an OpenAPI document was produced.
[4/22/20, 9:54:22:687 EDT] 00000ab5 com.ibm.ws.webcontainer.osgi.webapp.WebGroup                 I SRVE0169I: Loading Web Module: Swarm.
[4/22/20, 9:54:22:687 EDT] 00000ab5 com.ibm.ws.webcontainer                                      I SRVE0250I: Web Module Swarm has been bound to default_host.
[4/22/20, 9:54:22:688 EDT] 00000ab5 com.ibm.ws.http.internal.VirtualHostImpl                     A CWWKT0016I: Web application available (default_host): http://hubris.home:9081/Swarm/
[4/22/20, 9:54:22:688 EDT] 00000ab5 com.ibm.ws.app.manager.AppMessageHelper                      A CWWKZ0003I: The application Swarm updated in 0.239 seconds.
[4/22/20, 9:54:22:688 EDT] 00000ab9 com.ibm.ws.session.WASSessionCore                            I SESN0176I: A new session context will be created for application key default_host/Swarm
[4/22/20, 9:54:22:688 EDT] 00000ab9 com.ibm.ws.util                                              I SESN0172I: The session manager is using the Java default SecureRandom implementation for session ID generation.
[4/22/20, 9:54:22:749 EDT] 00000a3a com.ibm.ws.webcontainer.osgi.mbeans.PluginGenerator          I SRVE9103I: A configuration file for a web server plugin was automatically generated for this server at C:\Users\Steve\Documents\git\Swarm\target\liberty\wlp\usr\servers\LibertySwarm\logs\state\plugin-cfg.xml.
[4/22/20, 9:54:22:949 EDT] 00000ab5 com.ibm.ws.webcontainer.osgi.mbeans.PluginGenerator          I SRVE9103I: A configuration file for a web server plugin was automatically generated for this server at C:\Users\Steve\Documents\git\Swarm\target\liberty\wlp\usr\servers\LibertySwarm\logs\state\plugin-cfg.xml.
[4/22/20, 9:54:44:711 EDT] 000009b1 com.ibm.ws.http.internal.VirtualHostImpl                     A CWWKT0017I: Web application removed (default_host): http://hubris.home:9081/Swarm/
[4/22/20, 9:54:44:717 EDT] 000009b1 com.ibm.ws.app.manager.AppMessageHelper                      A CWWKZ0009I: The application Swarm has stopped successfully.
[4/22/20, 9:54:44:736 EDT] 000009b1 com.ibm.ws.app.manager.AppMessageHelper                      I CWWKZ0018I: Starting application Swarm.
[4/22/20, 9:54:44:736 EDT] 000009b1 bm.ws.app.manager.war.internal.WARDeployedAppInfoFactoryImpl I CWWKZ0134I: The Swarm application is using the loose application definition at the C:\Users\Steve\Documents\git\Swarm\target\liberty\wlp\usr\servers\LibertySwarm\dropins\Swarm.war.xml location.
[4/22/20, 9:54:44:901 EDT] 000009b1 com.ibm.ws.microprofile.openapi.ApplicationProcessor         I CWWKO1660I: The application Swarm was processed and an OpenAPI document was produced.
[4/22/20, 9:54:45:021 EDT] 000009b1 com.ibm.ws.webcontainer.osgi.webapp.WebGroup                 I SRVE0169I: Loading Web Module: Swarm.
[4/22/20, 9:54:45:022 EDT] 000009b1 com.ibm.ws.webcontainer                                      I SRVE0250I: Web Module Swarm has been bound to default_host.
[4/22/20, 9:54:45:022 EDT] 000009b1 com.ibm.ws.http.internal.VirtualHostImpl                     A CWWKT0016I: Web application available (default_host): http://hubris.home:9081/Swarm/
[4/22/20, 9:54:45:024 EDT] 000009b1 com.ibm.ws.app.manager.AppMessageHelper                      A CWWKZ0003I: The application Swarm updated in 0.288 seconds.
[4/22/20, 9:54:45:024 EDT] 00000a3a com.ibm.ws.session.WASSessionCore                            I SESN0176I: A new session context will be created for application key default_host/Swarm
[4/22/20, 9:54:45:024 EDT] 00000a3a com.ibm.ws.util                                              I SESN0172I: The session manager is using the Java default SecureRandom implementation for session ID generation.
[4/22/20, 9:54:45:041 EDT] 00000a7a com.ibm.ws.webcontainer.osgi.mbeans.PluginGenerator          I SRVE9103I: A configuration file for a web server plugin was automatically generated for this server at C:\Users\Steve\Documents\git\Swarm\target\liberty\wlp\usr\servers\LibertySwarm\logs\state\plugin-cfg.xml.
[4/22/20, 9:54:45:279 EDT] 000009b1 com.ibm.ws.webcontainer.osgi.mbeans.PluginGenerator          I SRVE9103I: A configuration file for a web server plugin was automatically generated for this server at C:\Users\Steve\Documents\git\Swarm\target\liberty\wlp\usr\servers\LibertySwarm\logs\state\plugin-cfg.xml.
[4/22/20, 9:54:56:333 EDT] 000009ea .apache.cxf.cxf.core.3.2:1.0.39.cl200420200401-1714(id=175)] I Setting the server's publish address to be /
[4/22/20, 9:54:56:346 EDT] 000009ea com.ibm.ws.webcontainer.servlet                              I SRVE0242I: [Swarm] [/Swarm] [ServerBoardApplication]: Initialization successful.
[4/22/20, 9:56:00:381 EDT] 00000aef com.ibm.ws.http.internal.VirtualHostImpl                     A CWWKT0017I: Web application removed (default_host): http://hubris.home:9081/Swarm/
[4/22/20, 9:56:00:382 EDT] 00000aef com.ibm.ws.webcontainer.servlet                              I SRVE0253I: [Swarm] [/Swarm] [ServerBoardApplication]: Destroy successful.
[4/22/20, 9:56:00:389 EDT] 00000aef com.ibm.ws.app.manager.AppMessageHelper                      A CWWKZ0009I: The application Swarm has stopped successfully.
[4/22/20, 9:56:00:404 EDT] 00000aef com.ibm.ws.app.manager.AppMessageHelper                      I CWWKZ0018I: Starting application Swarm.
[4/22/20, 9:56:00:404 EDT] 00000aef bm.ws.app.manager.war.internal.WARDeployedAppInfoFactoryImpl I CWWKZ0134I: The Swarm application is using the loose application definition at the C:\Users\Steve\Documents\git\Swarm\target\liberty\wlp\usr\servers\LibertySwarm\dropins\Swarm.war.xml location.
[4/22/20, 9:56:00:562 EDT] 00000aef com.ibm.ws.microprofile.openapi.ApplicationProcessor         I CWWKO1660I: The application Swarm was processed and an OpenAPI document was produced.
[4/22/20, 9:56:00:678 EDT] 00000aef com.ibm.ws.webcontainer.osgi.webapp.WebGroup                 I SRVE0169I: Loading Web Module: Swarm.
[4/22/20, 9:56:00:678 EDT] 00000aef com.ibm.ws.webcontainer                                      I SRVE0250I: Web Module Swarm has been bound to default_host.
[4/22/20, 9:56:00:678 EDT] 00000aef com.ibm.ws.http.internal.VirtualHostImpl                     A CWWKT0016I: Web application available (default_host): http://hubris.home:9081/Swarm/
[4/22/20, 9:56:00:678 EDT] 00000aef com.ibm.ws.app.manager.AppMessageHelper                      A CWWKZ0003I: The application Swarm updated in 0.274 seconds.
[4/22/20, 9:56:00:691 EDT] 00000af1 com.ibm.ws.session.WASSessionCore                            I SESN0176I: A new session context will be created for application key default_host/Swarm
[4/22/20, 9:56:00:691 EDT] 00000af1 com.ibm.ws.util                                              I SESN0172I: The session manager is using the Java default SecureRandom implementation for session ID generation.
[4/22/20, 9:56:00:696 EDT] 00000aee com.ibm.ws.webcontainer.osgi.mbeans.PluginGenerator          I SRVE9103I: A configuration file for a web server plugin was automatically generated for this server at C:\Users\Steve\Documents\git\Swarm\target\liberty\wlp\usr\servers\LibertySwarm\logs\state\plugin-cfg.xml.
[4/22/20, 9:56:00:979 EDT] 00000ad5 com.ibm.ws.webcontainer.osgi.mbeans.PluginGenerator          I SRVE9103I: A configuration file for a web server plugin was automatically generated for this server at C:\Users\Steve\Documents\git\Swarm\target\liberty\wlp\usr\servers\LibertySwarm\logs\state\plugin-cfg.xml.
[4/22/20, 9:56:09:687 EDT] 00000af1 .apache.cxf.cxf.core.3.2:1.0.39.cl200420200401-1714(id=175)] I Setting the server's publish address to be /
[4/22/20, 9:56:09:702 EDT] 00000af1 com.ibm.ws.webcontainer.servlet                              I SRVE0242I: [Swarm] [/Swarm] [ServerBoardApplication]: Initialization successful.
[4/22/20, 9:56:10:068 EDT] 00000af1 com.ibm.ws.opentracing.OpentracingContainerFilter            W CWMOT0009W: The OpenTracing exception mapper detected and is handling an unhandled exception from the JAX-RS application. 
                                                                                                               java.sql.SQLException: Can not issue data manipulation statements with executeQuery().
	at com.mysql.jdbc.SQLError.createSQLException(SQLError.java:965)
	at com.mysql.jdbc.SQLError.createSQLException(SQLError.java:898)
	at com.mysql.jdbc.SQLError.createSQLException(SQLError.java:887)
	at com.mysql.jdbc.SQLError.createSQLException(SQLError.java:861)
	at com.mysql.jdbc.StatementImpl.checkForDml(StatementImpl.java:469)
	at com.mysql.jdbc.StatementImpl.executeQuery(StatementImpl.java:1338)
	at ServerBoard.killSprite(ServerBoard.java:303)
	at jdk.internal.reflect.GeneratedMethodAccessor706.invoke(Unknown Source)
	at java.base/java.lang.reflect.Method.invoke(Method.java:566)
	at com.ibm.ws.jaxrs20.server.LibertyJaxRsServerFactoryBean.performInvocation(LibertyJaxRsServerFactoryBean.java:656)
	at com.ibm.ws.jaxrs20.server.LibertyJaxRsInvoker.performInvocation(LibertyJaxRsInvoker.java:160)
	at org.apache.cxf.service.invoker.AbstractInvoker.invoke(AbstractInvoker.java:96)
	at com.ibm.ws.jaxrs20.server.LibertyJaxRsInvoker.invoke(LibertyJaxRsInvoker.java:273)
	at org.apache.cxf.jaxrs.JAXRSInvoker.invoke(JAXRSInvoker.java:205)
	at com.ibm.ws.jaxrs20.server.LibertyJaxRsInvoker.invoke(LibertyJaxRsInvoker.java:444)
	at org.apache.cxf.jaxrs.JAXRSInvoker.invoke(JAXRSInvoker.java:111)
	at org.apache.cxf.interceptor.ServiceInvokerInterceptor$1.run(ServiceInvokerInterceptor.java:61)
	at org.apache.cxf.interceptor.ServiceInvokerInterceptor.handleMessage(ServiceInvokerInterceptor.java:99)
	at org.apache.cxf.phase.PhaseInterceptorChain.doIntercept(PhaseInterceptorChain.java:308)
	at org.apache.cxf.transport.ChainInitiationObserver.onMessage(ChainInitiationObserver.java:124)
	at org.apache.cxf.transport.http.AbstractHTTPDestination.invoke(AbstractHTTPDestination.java:274)
	at com.ibm.ws.jaxrs20.endpoint.AbstractJaxRsWebEndpoint.invoke(AbstractJaxRsWebEndpoint.java:136)
	at com.ibm.websphere.jaxrs.server.IBMRestServlet.handleRequest(IBMRestServlet.java:146)
	at com.ibm.websphere.jaxrs.server.IBMRestServlet.doDelete(IBMRestServlet.java:131)
	at javax.servlet.http.HttpServlet.service(HttpServlet.java:712)
	at com.ibm.websphere.jaxrs.server.IBMRestServlet.service(IBMRestServlet.java:96)
	at com.ibm.ws.webcontainer.servlet.ServletWrapper.service(ServletWrapper.java:1230)
	at com.ibm.ws.webcontainer.servlet.ServletWrapper.handleRequest(ServletWrapper.java:729)
	at com.ibm.ws.webcontainer.servlet.ServletWrapper.handleRequest(ServletWrapper.java:426)
	at com.ibm.ws.webcontainer.filter.WebAppFilterManager.invokeFilters(WebAppFilterManager.java:1226)
	at com.ibm.ws.webcontainer.webapp.WebApp.handleRequest(WebApp.java:5021)
	at com.ibm.ws.webcontainer.osgi.DynamicVirtualHost$2.handleRequest(DynamicVirtualHost.java:314)
	at com.ibm.ws.webcontainer.WebContainer.handleRequest(WebContainer.java:1007)
	at com.ibm.ws.webcontainer.osgi.DynamicVirtualHost$2.run(DynamicVirtualHost.java:279)
	at com.ibm.ws.http.dispatcher.internal.channel.HttpDispatcherLink$TaskWrapper.run(HttpDispatcherLink.java:1134)
	at com.ibm.ws.http.dispatcher.internal.channel.HttpDispatcherLink.wrapHandlerAndExecute(HttpDispatcherLink.java:415)
	at com.ibm.ws.http.dispatcher.internal.channel.HttpDispatcherLink.ready(HttpDispatcherLink.java:374)
	at com.ibm.ws.http.channel.internal.inbound.HttpInboundLink.handleDiscrimination(HttpInboundLink.java:551)
	at com.ibm.ws.http.channel.internal.inbound.HttpInboundLink.handleNewRequest(HttpInboundLink.java:484)
	at com.ibm.ws.http.channel.internal.inbound.HttpInboundLink.processRequest(HttpInboundLink.java:346)
	at com.ibm.ws.http.channel.internal.inbound.HttpInboundLink.ready(HttpInboundLink.java:317)
	at com.ibm.ws.tcpchannel.internal.NewConnectionInitialReadCallback.sendToDiscriminators(NewConnectionInitialReadCallback.java:167)
	at com.ibm.ws.tcpchannel.internal.NewConnectionInitialReadCallback.complete(NewConnectionInitialReadCallback.java:75)
	at com.ibm.ws.tcpchannel.internal.WorkQueueManager.requestComplete(WorkQueueManager.java:504)
	at com.ibm.ws.tcpchannel.internal.WorkQueueManager.attemptIO(WorkQueueManager.java:574)
	at com.ibm.ws.tcpchannel.internal.WorkQueueManager.workerRun(WorkQueueManager.java:958)
	at com.ibm.ws.tcpchannel.internal.WorkQueueManager$Worker.run(WorkQueueManager.java:1047)
	at com.ibm.ws.threading.internal.ExecutorServiceImpl$RunnableWrapper.run(ExecutorServiceImpl.java:239)
	at java.base/java.util.concurrent.ThreadPoolExecutor.runWorker(ThreadPoolExecutor.java:1128)
	at java.base/java.util.concurrent.ThreadPoolExecutor$Worker.run(ThreadPoolExecutor.java:628)
	at java.base/java.lang.Thread.run(Thread.java:834)

[4/22/20, 9:56:41:515 EDT] 00000ad2 com.ibm.ws.http.internal.VirtualHostImpl                     A CWWKT0017I: Web application removed (default_host): http://hubris.home:9081/Swarm/
[4/22/20, 9:56:41:515 EDT] 00000ad2 com.ibm.ws.webcontainer.servlet                              I SRVE0253I: [Swarm] [/Swarm] [ServerBoardApplication]: Destroy successful.
[4/22/20, 9:56:41:527 EDT] 00000ad2 com.ibm.ws.app.manager.AppMessageHelper                      A CWWKZ0009I: The application Swarm has stopped successfully.
[4/22/20, 9:56:41:537 EDT] 00000ad2 com.ibm.ws.app.manager.AppMessageHelper                      I CWWKZ0018I: Starting application Swarm.
[4/22/20, 9:56:41:537 EDT] 00000ad2 bm.ws.app.manager.war.internal.WARDeployedAppInfoFactoryImpl I CWWKZ0134I: The Swarm application is using the loose application definition at the C:\Users\Steve\Documents\git\Swarm\target\liberty\wlp\usr\servers\LibertySwarm\dropins\Swarm.war.xml location.
[4/22/20, 9:56:41:703 EDT] 00000ad2 com.ibm.ws.microprofile.openapi.ApplicationProcessor         I CWWKO1660I: The application Swarm was processed and an OpenAPI document was produced.
[4/22/20, 9:56:41:824 EDT] 00000ad2 com.ibm.ws.webcontainer.osgi.webapp.WebGroup                 I SRVE0169I: Loading Web Module: Swarm.
[4/22/20, 9:56:41:824 EDT] 00000ad2 com.ibm.ws.webcontainer                                      I SRVE0250I: Web Module Swarm has been bound to default_host.
[4/22/20, 9:56:41:824 EDT] 00000ad2 com.ibm.ws.http.internal.VirtualHostImpl                     A CWWKT0016I: Web application available (default_host): http://hubris.home:9081/Swarm/
[4/22/20, 9:56:41:826 EDT] 00000ad2 com.ibm.ws.app.manager.AppMessageHelper                      A CWWKZ0003I: The application Swarm updated in 0.289 seconds.
[4/22/20, 9:56:41:826 EDT] 00000ad0 com.ibm.ws.session.WASSessionCore                            I SESN0176I: A new session context will be created for application key default_host/Swarm
[4/22/20, 9:56:41:826 EDT] 00000ad0 com.ibm.ws.util                                              I SESN0172I: The session manager is using the Java default SecureRandom implementation for session ID generation.
[4/22/20, 9:56:41:847 EDT] 00000af1 com.ibm.ws.webcontainer.osgi.mbeans.PluginGenerator          I SRVE9103I: A configuration file for a web server plugin was automatically generated for this server at C:\Users\Steve\Documents\git\Swarm\target\liberty\wlp\usr\servers\LibertySwarm\logs\state\plugin-cfg.xml.
[4/22/20, 9:56:42:158 EDT] 00000ad2 com.ibm.ws.webcontainer.osgi.mbeans.PluginGenerator          I SRVE9103I: A configuration file for a web server plugin was automatically generated for this server at C:\Users\Steve\Documents\git\Swarm\target\liberty\wlp\usr\servers\LibertySwarm\logs\state\plugin-cfg.xml.
[4/22/20, 9:56:45:337 EDT] 00000a7f .apache.cxf.cxf.core.3.2:1.0.39.cl200420200401-1714(id=175)] I Setting the server's publish address to be /
[4/22/20, 9:56:45:353 EDT] 00000a7f com.ibm.ws.webcontainer.servlet                              I SRVE0242I: [Swarm] [/Swarm] [ServerBoardApplication]: Initialization successful.
[4/22/20, 9:57:17:792 EDT] 00000ad5 SystemOut                                                    O Current tickCount is 2
[4/22/20, 10:03:07:048 EDT] 0000001a com.ibm.ws.kernel.launch.internal.ServerCommandListener      A CWWKE0055I: Server shutdown requested on Wednesday, April 22, 2020 at 10:03 AM. The server LibertySwarm is shutting down.
[4/22/20, 10:03:07:055 EDT] 00000c35 com.ibm.ws.runtime.update.internal.RuntimeUpdateManagerImpl  A CWWKE1100I: Waiting for up to 30 seconds for the server to quiesce.
[4/22/20, 10:03:07:067 EDT] 00000bed com.ibm.ws.tcpchannel.internal.TCPChannel                    I CWWKO0220I: TCP Channel defaultHttpEndpoint-ssl has stopped listening for requests on host *  (IPv6) port 9445.
[4/22/20, 10:03:07:073 EDT] 00000bed com.ibm.ws.tcpchannel.internal.TCPChannel                    I CWWKO0220I: TCP Channel defaultHttpEndpoint has stopped listening for requests on host *  (IPv6) port 9081.
[4/22/20, 10:03:07:074 EDT] 00000bed com.ibm.ws.http.internal.VirtualHostImpl                     A CWWKT0017I: Web application removed (default_host): http://hubris.home:9081/jwt/
[4/22/20, 10:03:07:076 EDT] 00000bed com.ibm.ws.http.internal.VirtualHostImpl                     A CWWKT0017I: Web application removed (default_host): http://hubris.home:9081/openapi/ui/
[4/22/20, 10:03:07:076 EDT] 00000bed com.ibm.ws.http.internal.VirtualHostImpl                     A CWWKT0017I: Web application removed (default_host): http://hubris.home:9081/metrics/
[4/22/20, 10:03:07:077 EDT] 00000bed com.ibm.ws.http.internal.VirtualHostImpl                     A CWWKT0017I: Web application removed (default_host): http://hubris.home:9081/health/
[4/22/20, 10:03:07:077 EDT] 00000bed com.ibm.ws.http.internal.VirtualHostImpl                     A CWWKT0017I: Web application removed (default_host): http://hubris.home:9081/ibm/api/
[4/22/20, 10:03:07:078 EDT] 00000bed com.ibm.ws.http.internal.VirtualHostImpl                     A CWWKT0017I: Web application removed (default_host): http://hubris.home:9081/openapi/
[4/22/20, 10:03:07:078 EDT] 00000bed com.ibm.ws.http.internal.VirtualHostImpl                     A CWWKT0017I: Web application removed (default_host): http://hubris.home:9081/Swarm/
[4/22/20, 10:03:08:085 EDT] 00000c35 com.ibm.ws.runtime.update.internal.RuntimeUpdateManagerImpl  I CWWKE1101I: Server quiesce complete.
[4/22/20, 10:03:08:121 EDT] 00000bec com.ibm.ws.webcontainer.servlet                              I SRVE0253I: [Swarm] [/Swarm] [ServerBoardApplication]: Destroy successful.
[4/22/20, 10:03:08:125 EDT] 00000bec com.ibm.ws.app.manager.AppMessageHelper                      A CWWKZ0009I: The application Swarm has stopped successfully.
[4/22/20, 10:03:08:186 EDT] 00000c35 com.ibm.ws.webcontainer.servlet                              I SRVE0253I: [com.ibm.ws.microprofile.metrics.private] [/metrics] [PrivateMetricsRESTProxyServlet]: Destroy successful.
[4/22/20, 10:03:08:193 EDT] 00000c35 com.ibm.ws.webcontainer.servlet                              I SRVE0253I: [com.ibm.ws.microprofile.health.2.0] [/health] [HealthCheckReadinessServlet]: Destroy successful.
[4/22/20, 10:03:08:193 EDT] 00000c35 com.ibm.ws.webcontainer.servlet                              I SRVE0253I: [com.ibm.ws.microprofile.health.2.0] [/health] [HealthCheckLivenessServlet]: Destroy successful.
[4/22/20, 10:03:08:193 EDT] 00000c35 com.ibm.ws.webcontainer.servlet                              I SRVE0253I: [com.ibm.ws.microprofile.health.2.0] [/health] [HealthCheckServlet]: Destroy successful.
[4/22/20, 10:03:08:201 EDT] 00000c35 com.ibm.ws.webcontainer.servlet                              I SRVE0253I: [com.ibm.ws.microprofile.openapi] [/openapi] [OpenAPIServlet]: Destroy successful.
[4/22/20, 10:03:08:561 EDT] 00000c35 .ws.security.mp.jwt.v11.config.impl.MpConfigProxyServiceImpl I CWWKS5777I: The MicroProfile JWT version 1.1 mpConfigProxy deactivated successfully.
[4/22/20, 10:03:08:566 EDT] 00000c35 com.ibm.ws.security.mp.jwt.impl.MicroProfileJwtConfigImpl    I CWWKS5502I: The MicroProfile JWT configuration [defaultMpJwt] was successfully deactivated.
[4/22/20, 10:03:08:568 EDT] 00000c35 com.ibm.ws.security.mp.jwt.impl.MicroProfileJwtServiceImpl   I CWWKS5502I: The MicroProfile JWT configuration [MicroProfileJwtService] was successfully deactivated.
[4/22/20, 10:03:08:741 EDT] 00000c35 ibm.ws.security.authentication.internal.jaas.JAASServiceImpl I CWWKS1124I: The collective authentication plugin with class name NullCollectiveAuthenticationPlugin has been deactivated. 
[4/22/20, 10:03:08:955 EDT] 00000c35 com.ibm.ws.security.ready.internal.SecurityReadyServiceImpl  I CWWKS0009I: The security service has stopped.
[4/22/20, 10:03:09:466 EDT] 00000001 com.ibm.ws.kernel.launch.internal.FrameworkManager           A CWWKE0036I: The server LibertySwarm stopped after 1 hours, 16 minutes, 43.657 seconds.
