********************************************************************************
product = Open Liberty 20.0.0.4 (wlp-1.0.39.cl200420200401-1714)
wlp.install.dir = C:/Users/Steve/Documents/git/Swarm/target/liberty/wlp/
java.home = C:\Program Files\AdoptOpenJDK\jdk-11.0.6.10-openj9
java.version = 11.0.6
java.runtime = OpenJDK Runtime Environment (11.0.6+10)
os = Windows 10 (10.0; amd64) (en_US)
process = 4212@Hubris
********************************************************************************
[4/21/20, 8:58:58:043 EDT] 00000001 com.ibm.ws.kernel.launch.internal.FrameworkManager           A CWWKE0001I: The server LibertySwarm has been launched.
[4/21/20, 8:58:59:550 EDT] 0000001d com.ibm.ws.config.xml.internal.ServerXMLConfiguration        A CWWKG0093A: Processing configuration drop-ins resource: C:\Users\Steve\Documents\git\Swarm\target\liberty\wlp\usr\servers\LibertySwarm\configDropins\overrides\liberty-plugin-variable-config.xml
[4/21/20, 8:58:59:826 EDT] 00000001 com.ibm.ws.kernel.launch.internal.FrameworkManager           I CWWKE0002I: The kernel started after 2.227 seconds
[4/21/20, 8:58:59:888 EDT] 00000028 com.ibm.ws.kernel.feature.internal.FeatureManager            I CWWKF0007I: Feature update started.
[4/21/20, 8:59:00:472 EDT] 0000001e .apache.cxf.cxf.core.3.2:1.0.39.cl200420200401-1714(id=175)] I Aries Blueprint packages not available. So namespaces will not be registered
[4/21/20, 8:59:00:476 EDT] 0000001e .apache.cxf.cxf.core.3.2:1.0.39.cl200420200401-1714(id=175)] I Aries Blueprint packages not available. So namespaces will not be registered
[4/21/20, 8:59:00:551 EDT] 0000001c com.ibm.ws.security.ready.internal.SecurityReadyServiceImpl  I CWWKS0007I: The security service is starting...
[4/21/20, 8:59:01:069 EDT] 0000001e com.ibm.ws.annocache.service                                 I OSGi Work Path [ C:\Users\Steve\Documents\git\Swarm\target\liberty\wlp\usr\servers\LibertySwarm\workarea\org.eclipse.osgi\41\data ]
[4/21/20, 8:59:01:164 EDT] 0000001f com.ibm.ws.app.manager.internal.monitor.DropinMonitor        A CWWKZ0058I: Monitoring dropins for applications.
[4/21/20, 8:59:01:752 EDT] 0000001e com.ibm.ws.cache.ServerCache                                 I DYNA1001I: WebSphere Dynamic Cache instance named baseCache initialized successfully.
[4/21/20, 8:59:01:759 EDT] 0000001e com.ibm.ws.cache.ServerCache                                 I DYNA1071I: The cache provider default is being used.
[4/21/20, 8:59:01:762 EDT] 0000001e com.ibm.ws.cache.CacheServiceImpl                            I DYNA1056I: Dynamic Cache (object cache) initialized successfully.
[4/21/20, 8:59:02:665 EDT] 00000024 com.ibm.ws.ssl.config.WSKeyStore                             A CWPKI0820A: The default keystore has been created using the 'keystore_password' environment variable.
[4/21/20, 8:59:02:753 EDT] 0000002b com.ibm.ws.security.token.ltpa.internal.LTPAKeyCreateTask    I CWWKS4105I: LTPA configuration is ready after 0.055 seconds.
[4/21/20, 8:59:02:807 EDT] 0000001c ibm.ws.security.authentication.internal.jaas.JAASServiceImpl I CWWKS1123I: The collective authentication plugin with class name NullCollectiveAuthenticationPlugin has been activated. 
[4/21/20, 8:59:03:144 EDT] 00000024 com.ibm.ws.ssl.config.WSKeyStore                             I Successfully loaded default keystore: C:/Users/Steve/Documents/git/Swarm/target/liberty/wlp/usr/servers/LibertySwarm/resources/security/key.p12 of type: PKCS12
[4/21/20, 8:59:03:280 EDT] 0000001c com.ibm.ws.security.jwt.internal.ConsumerImpl                I CWWKS6012I: The JSON Web Token (JWT) consumer service is available.
[4/21/20, 8:59:03:306 EDT] 0000001c com.ibm.ws.security.jwt.web.JwtEndpointServices              I CWWKS6002I: The JSON Web Token (JWT) endpoint service is available.
[4/21/20, 8:59:03:339 EDT] 0000001c .ws.security.mp.jwt.v11.config.impl.MpConfigProxyServiceImpl I CWWKS5775I: The MicroProfile JWT version 1.1 mpConfigProxy processed successfully.
[4/21/20, 8:59:03:360 EDT] 0000001c com.ibm.ws.security.mp.jwt.impl.MicroProfileJwtConfigImpl    I CWWKS5500I: The MicroProfile JWT configuration [defaultMpJwt] was successfully processed.
[4/21/20, 8:59:03:366 EDT] 0000001c com.ibm.ws.security.mp.jwt.impl.MicroProfileJwtServiceImpl   I CWWKS5500I: The MicroProfile JWT configuration [MicroProfileJwtService] was successfully processed.
[4/21/20, 8:59:03:578 EDT] 0000001c com.ibm.ws.session.WASSessionCore                            I SESN8501I: The session manager did not find a persistent storage location; HttpSession objects will be stored in the local application server's memory.
[4/21/20, 8:59:04:265 EDT] 00000039 com.ibm.ws.app.manager.AppMessageHelper                      I CWWKZ0018I: Starting application Swarm.
[4/21/20, 8:59:04:268 EDT] 00000039 bm.ws.app.manager.war.internal.WARDeployedAppInfoFactoryImpl I CWWKZ0134I: The Swarm application is using the loose application definition at the C:\Users\Steve\Documents\git\Swarm\target\liberty\wlp\usr\servers\LibertySwarm\dropins\Swarm.war.xml location.
[4/21/20, 8:59:04:931 EDT] 00000030 com.ibm.ws.webcontainer.osgi.webapp.WebGroup                 I SRVE0169I: Loading Web Module: com.ibm.ws.security.jwt.
[4/21/20, 8:59:04:949 EDT] 00000030 com.ibm.ws.webcontainer                                      I SRVE0250I: Web Module com.ibm.ws.security.jwt has been bound to default_host.
[4/21/20, 8:59:04:952 EDT] 00000030 com.ibm.ws.http.internal.VirtualHostImpl                     A CWWKT0016I: Web application available (default_host): http://hubris.home:9081/jwt/
[4/21/20, 8:59:05:071 EDT] 0000002a com.ibm.ws.webcontainer.osgi.webapp.WebGroup                 I SRVE0169I: Loading Web Module: health.
[4/21/20, 8:59:05:072 EDT] 0000002a com.ibm.ws.webcontainer                                      I SRVE0250I: Web Module health has been bound to default_host.
[4/21/20, 8:59:05:072 EDT] 0000002a com.ibm.ws.http.internal.VirtualHostImpl                     A CWWKT0016I: Web application available (default_host): http://hubris.home:9081/health/
[4/21/20, 8:59:05:079 EDT] 0000002d com.ibm.ws.webcontainer.osgi.webapp.WebGroup                 I SRVE0169I: Loading Web Module: PrivateMicroProfileMetrics.
[4/21/20, 8:59:05:080 EDT] 0000002d com.ibm.ws.webcontainer                                      I SRVE0250I: Web Module PrivateMicroProfileMetrics has been bound to default_host.
[4/21/20, 8:59:05:080 EDT] 0000002d com.ibm.ws.http.internal.VirtualHostImpl                     A CWWKT0016I: Web application available (default_host): http://hubris.home:9081/metrics/
[4/21/20, 8:59:05:080 EDT] 00000031 com.ibm.ws.webcontainer.osgi.webapp.WebGroup                 I SRVE0169I: Loading Web Module: MicroProfileOpenAPI.
[4/21/20, 8:59:05:081 EDT] 00000031 com.ibm.ws.webcontainer                                      I SRVE0250I: Web Module MicroProfileOpenAPI has been bound to default_host.
[4/21/20, 8:59:05:081 EDT] 00000031 com.ibm.ws.http.internal.VirtualHostImpl                     A CWWKT0016I: Web application available (default_host): http://hubris.home:9081/openapi/
[4/21/20, 8:59:05:081 EDT] 0000002b com.ibm.ws.webcontainer.osgi.webapp.WebGroup                 I SRVE0169I: Loading Web Module: OpenAPIUI.
[4/21/20, 8:59:05:082 EDT] 0000002b com.ibm.ws.webcontainer                                      I SRVE0250I: Web Module OpenAPIUI has been bound to default_host.
[4/21/20, 8:59:05:082 EDT] 0000002b com.ibm.ws.http.internal.VirtualHostImpl                     A CWWKT0016I: Web application available (default_host): http://hubris.home:9081/openapi/ui/
[4/21/20, 8:59:05:095 EDT] 0000002f com.ibm.ws.webcontainer.osgi.webapp.WebGroup                 I SRVE0169I: Loading Web Module: ibm/api.
[4/21/20, 8:59:05:096 EDT] 0000002f com.ibm.ws.webcontainer                                      I SRVE0250I: Web Module ibm/api has been bound to default_host.
[4/21/20, 8:59:05:096 EDT] 0000002f com.ibm.ws.http.internal.VirtualHostImpl                     A CWWKT0016I: Web application available (default_host): http://hubris.home:9081/ibm/api/
[4/21/20, 8:59:05:098 EDT] 0000003b com.ibm.ws.session.WASSessionCore                            I SESN0176I: A new session context will be created for application key default_host/jwt
[4/21/20, 8:59:05:102 EDT] 00000031 com.ibm.ws.session.WASSessionCore                            I SESN0176I: A new session context will be created for application key default_host/openapi/ui
[4/21/20, 8:59:05:107 EDT] 00000030 com.ibm.ws.session.WASSessionCore                            I SESN0176I: A new session context will be created for application key default_host/health
[4/21/20, 8:59:05:127 EDT] 0000003a com.ibm.ws.session.WASSessionCore                            I SESN0176I: A new session context will be created for application key default_host/metrics
[4/21/20, 8:59:05:144 EDT] 0000002b com.ibm.ws.session.WASSessionCore                            I SESN0176I: A new session context will be created for application key default_host/ibm/api
[4/21/20, 8:59:05:153 EDT] 0000002d com.ibm.ws.session.WASSessionCore                            I SESN0176I: A new session context will be created for application key default_host/openapi
[4/21/20, 8:59:05:168 EDT] 0000003b com.ibm.ws.util                                              I SESN0172I: The session manager is using the Java default SecureRandom implementation for session ID generation.
[4/21/20, 8:59:05:228 EDT] 0000002b com.ibm.ws.util                                              I SESN0172I: The session manager is using the Java default SecureRandom implementation for session ID generation.
[4/21/20, 8:59:05:229 EDT] 00000031 com.ibm.ws.util                                              I SESN0172I: The session manager is using the Java default SecureRandom implementation for session ID generation.
[4/21/20, 8:59:05:231 EDT] 0000003a com.ibm.ws.util                                              I SESN0172I: The session manager is using the Java default SecureRandom implementation for session ID generation.
[4/21/20, 8:59:05:231 EDT] 00000030 com.ibm.ws.util                                              I SESN0172I: The session manager is using the Java default SecureRandom implementation for session ID generation.
[4/21/20, 8:59:05:232 EDT] 0000002d com.ibm.ws.util                                              I SESN0172I: The session manager is using the Java default SecureRandom implementation for session ID generation.
[4/21/20, 8:59:05:263 EDT] 00000031 com.ibm.ws.cache.CacheServiceImpl                            I DYNA1056I: Dynamic Cache (object cache) initialized successfully.
[4/21/20, 8:59:05:473 EDT] 00000030 com.ibm.ws.webcontainer.servlet                              I SRVE0242I: [com.ibm.ws.microprofile.health.2.0] [/health] [HealthCheckReadinessServlet]: Initialization successful.
[4/21/20, 8:59:05:478 EDT] 00000030 com.ibm.ws.webcontainer.servlet                              I SRVE0242I: [com.ibm.ws.microprofile.health.2.0] [/health] [HealthCheckServlet]: Initialization successful.
[4/21/20, 8:59:05:481 EDT] 00000030 com.ibm.ws.webcontainer.servlet                              I SRVE0242I: [com.ibm.ws.microprofile.health.2.0] [/health] [HealthCheckLivenessServlet]: Initialization successful.
[4/21/20, 8:59:05:494 EDT] 0000003a com.ibm.ws.webcontainer.servlet                              I SRVE0242I: [com.ibm.ws.microprofile.metrics.private] [/metrics] [PrivateMetricsRESTProxyServlet]: Initialization successful.
[4/21/20, 8:59:05:508 EDT] 0000002d com.ibm.ws.webcontainer.servlet                              I SRVE0242I: [com.ibm.ws.microprofile.openapi] [/openapi] [OpenAPIServlet]: Initialization successful.
[4/21/20, 8:59:05:974 EDT] 00000039 com.ibm.ws.microprofile.openapi.ApplicationProcessor         I CWWKO1660I: The application Swarm was processed and an OpenAPI document was produced.
[4/21/20, 8:59:06:029 EDT] 00000039 org.jboss.weld.Version                                       I WELD-000900: 3.1.1 (Final)
[4/21/20, 8:59:06:172 EDT] 0000002f com.ibm.ws.webcontainer.osgi.mbeans.PluginGenerator          I SRVE9103I: A configuration file for a web server plugin was automatically generated for this server at C:\Users\Steve\Documents\git\Swarm\target\liberty\wlp\usr\servers\LibertySwarm\logs\state\plugin-cfg.xml.
[4/21/20, 8:59:06:644 EDT] 00000039 com.ibm.ws.webcontainer.osgi.webapp.WebGroup                 I SRVE0169I: Loading Web Module: Swarm.
[4/21/20, 8:59:06:644 EDT] 00000039 com.ibm.ws.webcontainer                                      I SRVE0250I: Web Module Swarm has been bound to default_host.
[4/21/20, 8:59:06:644 EDT] 00000039 com.ibm.ws.http.internal.VirtualHostImpl                     A CWWKT0016I: Web application available (default_host): http://hubris.home:9081/Swarm/
[4/21/20, 8:59:06:647 EDT] 0000003b com.ibm.ws.session.WASSessionCore                            I SESN0176I: A new session context will be created for application key default_host/Swarm
[4/21/20, 8:59:06:648 EDT] 0000003b com.ibm.ws.util                                              I SESN0172I: The session manager is using the Java default SecureRandom implementation for session ID generation.
[4/21/20, 8:59:06:649 EDT] 00000039 com.ibm.ws.app.manager.AppMessageHelper                      A CWWKZ0001I: Application Swarm started in 2.384 seconds.
[4/21/20, 8:59:06:688 EDT] 00000028 com.ibm.ws.tcpchannel.internal.TCPPort                       I CWWKO0219I: TCP Channel defaultHttpEndpoint has been started and is now listening for requests on host *  (IPv6) port 9081.
[4/21/20, 8:59:06:691 EDT] 00000028 com.ibm.ws.tcpchannel.internal.TCPPort                       I CWWKO0219I: TCP Channel defaultHttpEndpoint-ssl has been started and is now listening for requests on host *  (IPv6) port 9445.
[4/21/20, 8:59:06:704 EDT] 00000028 com.ibm.ws.kernel.feature.internal.FeatureManager            A CWWKF0012I: The server installed the following features: [appSecurity-2.0, cdi-2.0, concurrent-1.0, distributedMap-1.0, jaxrs-2.1, jaxrsClient-2.1, jndi-1.0, json-1.0, jsonb-1.0, jsonp-1.1, jwt-1.0, microProfile-3.2, mpConfig-1.3, mpFaultTolerance-2.0, mpHealth-2.1, mpJwt-1.1, mpMetrics-2.2, mpOpenAPI-1.1, mpOpenTracing-1.3, mpRestClient-1.3, opentracing-1.3, servlet-4.0, ssl-1.0].
[4/21/20, 8:59:06:706 EDT] 00000028 com.ibm.ws.kernel.feature.internal.FeatureManager            I CWWKF0008I: Feature update completed in 6.880 seconds.
[4/21/20, 8:59:06:707 EDT] 00000028 com.ibm.ws.kernel.feature.internal.FeatureManager            A CWWKF0011I: The LibertySwarm server is ready to run a smarter planet. The LibertySwarm server started in 9.111 seconds.
[4/21/20, 8:59:06:940 EDT] 0000002b com.ibm.ws.webcontainer.osgi.mbeans.PluginGenerator          I SRVE9103I: A configuration file for a web server plugin was automatically generated for this server at C:\Users\Steve\Documents\git\Swarm\target\liberty\wlp\usr\servers\LibertySwarm\logs\state\plugin-cfg.xml.
[4/21/20, 8:59:19:942 EDT] 0000003c .apache.cxf.cxf.core.3.2:1.0.39.cl200420200401-1714(id=175)] I Setting the server's publish address to be /
[4/21/20, 8:59:20:169 EDT] 0000003c com.ibm.ws.webcontainer.servlet                              I SRVE0242I: [Swarm] [/Swarm] [ServerBoardApplication]: Initialization successful.
[4/21/20, 8:59:30:283 EDT] 0000002f com.ibm.ws.opentracing.OpentracingUserFeatureAccessService   W CWMOT0010W: OpenTracing cannot track JAX-RS requests because an OpentracingTracerFactory class was not provided or client libraries for tracing backend are not in the class path.
[4/21/20, 9:47:14:042 EDT] 00000766 com.ibm.ws.http.internal.VirtualHostImpl                     A CWWKT0017I: Web application removed (default_host): http://hubris.home:9081/Swarm/
[4/21/20, 9:47:14:046 EDT] 00000766 com.ibm.ws.webcontainer.servlet                              I SRVE0253I: [Swarm] [/Swarm] [ServerBoardApplication]: Destroy successful.
[4/21/20, 9:47:14:059 EDT] 00000766 com.ibm.ws.app.manager.AppMessageHelper                      A CWWKZ0009I: The application Swarm has stopped successfully.
[4/21/20, 9:47:14:073 EDT] 00000766 com.ibm.ws.app.manager.AppMessageHelper                      I CWWKZ0018I: Starting application Swarm.
[4/21/20, 9:47:14:073 EDT] 00000766 bm.ws.app.manager.war.internal.WARDeployedAppInfoFactoryImpl I CWWKZ0134I: The Swarm application is using the loose application definition at the C:\Users\Steve\Documents\git\Swarm\target\liberty\wlp\usr\servers\LibertySwarm\dropins\Swarm.war.xml location.
[4/21/20, 9:47:14:297 EDT] 00000766 com.ibm.ws.microprofile.openapi.ApplicationProcessor         I CWWKO1660I: The application Swarm was processed and an OpenAPI document was produced.
[4/21/20, 9:47:14:407 EDT] 000007bd com.ibm.ws.webcontainer.osgi.mbeans.PluginGenerator          I SRVE9103I: A configuration file for a web server plugin was automatically generated for this server at C:\Users\Steve\Documents\git\Swarm\target\liberty\wlp\usr\servers\LibertySwarm\logs\state\plugin-cfg.xml.
[4/21/20, 9:47:14:437 EDT] 00000766 com.ibm.ws.webcontainer.osgi.webapp.WebGroup                 I SRVE0169I: Loading Web Module: Swarm.
[4/21/20, 9:47:14:437 EDT] 00000766 com.ibm.ws.webcontainer                                      I SRVE0250I: Web Module Swarm has been bound to default_host.
[4/21/20, 9:47:14:438 EDT] 00000766 com.ibm.ws.http.internal.VirtualHostImpl                     A CWWKT0016I: Web application available (default_host): http://hubris.home:9081/Swarm/
[4/21/20, 9:47:14:440 EDT] 00000766 com.ibm.ws.app.manager.AppMessageHelper                      A CWWKZ0003I: The application Swarm updated in 0.367 seconds.
[4/21/20, 9:47:14:440 EDT] 000007c7 com.ibm.ws.session.WASSessionCore                            I SESN0176I: A new session context will be created for application key default_host/Swarm
[4/21/20, 9:47:14:441 EDT] 000007c7 com.ibm.ws.util                                              I SESN0172I: The session manager is using the Java default SecureRandom implementation for session ID generation.
[4/21/20, 9:47:14:669 EDT] 000007c8 com.ibm.ws.webcontainer.osgi.mbeans.PluginGenerator          I SRVE9103I: A configuration file for a web server plugin was automatically generated for this server at C:\Users\Steve\Documents\git\Swarm\target\liberty\wlp\usr\servers\LibertySwarm\logs\state\plugin-cfg.xml.
[4/21/20, 11:12:49:639 EDT] 000014b7 com.ibm.ws.http.internal.VirtualHostImpl                     A CWWKT0017I: Web application removed (default_host): http://hubris.home:9081/Swarm/
[4/21/20, 11:12:49:655 EDT] 000014b7 com.ibm.ws.app.manager.AppMessageHelper                      A CWWKZ0009I: The application Swarm has stopped successfully.
[4/21/20, 11:12:49:672 EDT] 000014b7 com.ibm.ws.app.manager.AppMessageHelper                      I CWWKZ0018I: Starting application Swarm.
[4/21/20, 11:12:49:674 EDT] 000014b7 bm.ws.app.manager.war.internal.WARDeployedAppInfoFactoryImpl I CWWKZ0134I: The Swarm application is using the loose application definition at the C:\Users\Steve\Documents\git\Swarm\target\liberty\wlp\usr\servers\LibertySwarm\dropins\Swarm.war.xml location.
[4/21/20, 11:12:49:929 EDT] 000014b7 com.ibm.ws.microprofile.openapi.ApplicationProcessor         I CWWKO1660I: The application Swarm was processed and an OpenAPI document was produced.
[4/21/20, 11:12:50:039 EDT] 0000155b com.ibm.ws.webcontainer.osgi.mbeans.PluginGenerator          I SRVE9103I: A configuration file for a web server plugin was automatically generated for this server at C:\Users\Steve\Documents\git\Swarm\target\liberty\wlp\usr\servers\LibertySwarm\logs\state\plugin-cfg.xml.
[4/21/20, 11:12:50:112 EDT] 000014b7 com.ibm.ws.webcontainer.osgi.webapp.WebGroup                 I SRVE0169I: Loading Web Module: Swarm.
[4/21/20, 11:12:50:116 EDT] 000014b7 com.ibm.ws.webcontainer                                      I SRVE0250I: Web Module Swarm has been bound to default_host.
[4/21/20, 11:12:50:117 EDT] 000014b7 com.ibm.ws.http.internal.VirtualHostImpl                     A CWWKT0016I: Web application available (default_host): http://hubris.home:9081/Swarm/
[4/21/20, 11:12:50:121 EDT] 000014b7 com.ibm.ws.app.manager.AppMessageHelper                      A CWWKZ0003I: The application Swarm updated in 0.449 seconds.
[4/21/20, 11:12:50:120 EDT] 00001543 com.ibm.ws.session.WASSessionCore                            I SESN0176I: A new session context will be created for application key default_host/Swarm
[4/21/20, 11:12:50:126 EDT] 00001543 com.ibm.ws.util                                              I SESN0172I: The session manager is using the Java default SecureRandom implementation for session ID generation.
[4/21/20, 11:12:50:555 EDT] 0000154e com.ibm.ws.webcontainer.osgi.mbeans.PluginGenerator          I SRVE9103I: A configuration file for a web server plugin was automatically generated for this server at C:\Users\Steve\Documents\git\Swarm\target\liberty\wlp\usr\servers\LibertySwarm\logs\state\plugin-cfg.xml.
[4/21/20, 11:12:58:467 EDT] 00001543 .apache.cxf.cxf.core.3.2:1.0.39.cl200420200401-1714(id=175)] I Setting the server's publish address to be /
[4/21/20, 11:12:58:485 EDT] 00001543 com.ibm.ws.webcontainer.servlet                              I SRVE0242I: [Swarm] [/Swarm] [ServerBoardApplication]: Initialization successful.
[4/21/20, 11:13:19:589 EDT] 00001316 com.ibm.ws.http.internal.VirtualHostImpl                     A CWWKT0017I: Web application removed (default_host): http://hubris.home:9081/Swarm/
[4/21/20, 11:13:19:590 EDT] 00001316 com.ibm.ws.webcontainer.servlet                              I SRVE0253I: [Swarm] [/Swarm] [ServerBoardApplication]: Destroy successful.
[4/21/20, 11:13:19:597 EDT] 00001316 com.ibm.ws.app.manager.AppMessageHelper                      A CWWKZ0009I: The application Swarm has stopped successfully.
[4/21/20, 11:13:19:608 EDT] 00001316 com.ibm.ws.app.manager.AppMessageHelper                      I CWWKZ0018I: Starting application Swarm.
[4/21/20, 11:13:19:608 EDT] 00001316 bm.ws.app.manager.war.internal.WARDeployedAppInfoFactoryImpl I CWWKZ0134I: The Swarm application is using the loose application definition at the C:\Users\Steve\Documents\git\Swarm\target\liberty\wlp\usr\servers\LibertySwarm\dropins\Swarm.war.xml location.
[4/21/20, 11:13:19:833 EDT] 00001316 com.ibm.ws.microprofile.openapi.ApplicationProcessor         I CWWKO1660I: The application Swarm was processed and an OpenAPI document was produced.
[4/21/20, 11:13:19:923 EDT] 00001542 com.ibm.ws.webcontainer.osgi.mbeans.PluginGenerator          I SRVE9103I: A configuration file for a web server plugin was automatically generated for this server at C:\Users\Steve\Documents\git\Swarm\target\liberty\wlp\usr\servers\LibertySwarm\logs\state\plugin-cfg.xml.
[4/21/20, 11:13:19:953 EDT] 00001316 com.ibm.ws.webcontainer.osgi.webapp.WebGroup                 I SRVE0169I: Loading Web Module: Swarm.
[4/21/20, 11:13:19:954 EDT] 00001316 com.ibm.ws.webcontainer                                      I SRVE0250I: Web Module Swarm has been bound to default_host.
[4/21/20, 11:13:19:954 EDT] 00001316 com.ibm.ws.http.internal.VirtualHostImpl                     A CWWKT0016I: Web application available (default_host): http://hubris.home:9081/Swarm/
[4/21/20, 11:13:19:962 EDT] 00001316 com.ibm.ws.app.manager.AppMessageHelper                      A CWWKZ0003I: The application Swarm updated in 0.354 seconds.
[4/21/20, 11:13:19:962 EDT] 00001543 com.ibm.ws.session.WASSessionCore                            I SESN0176I: A new session context will be created for application key default_host/Swarm
[4/21/20, 11:13:19:968 EDT] 00001543 com.ibm.ws.util                                              I SESN0172I: The session manager is using the Java default SecureRandom implementation for session ID generation.
[4/21/20, 11:13:20:220 EDT] 00001572 com.ibm.ws.webcontainer.osgi.mbeans.PluginGenerator          I SRVE9103I: A configuration file for a web server plugin was automatically generated for this server at C:\Users\Steve\Documents\git\Swarm\target\liberty\wlp\usr\servers\LibertySwarm\logs\state\plugin-cfg.xml.
[4/21/20, 11:13:21:813 EDT] 00001575 .apache.cxf.cxf.core.3.2:1.0.39.cl200420200401-1714(id=175)] I Setting the server's publish address to be /
[4/21/20, 11:13:21:875 EDT] 00001575 com.ibm.ws.webcontainer.servlet                              I SRVE0242I: [Swarm] [/Swarm] [ServerBoardApplication]: Initialization successful.
[4/21/20, 11:14:18:560 EDT] 0000138f com.ibm.ws.http.internal.VirtualHostImpl                     A CWWKT0017I: Web application removed (default_host): http://hubris.home:9081/Swarm/
[4/21/20, 11:14:18:561 EDT] 0000138f com.ibm.ws.webcontainer.servlet                              I SRVE0253I: [Swarm] [/Swarm] [ServerBoardApplication]: Destroy successful.
[4/21/20, 11:14:18:569 EDT] 0000138f com.ibm.ws.app.manager.AppMessageHelper                      A CWWKZ0009I: The application Swarm has stopped successfully.
[4/21/20, 11:14:18:583 EDT] 0000138f com.ibm.ws.app.manager.AppMessageHelper                      I CWWKZ0018I: Starting application Swarm.
[4/21/20, 11:14:18:583 EDT] 0000138f bm.ws.app.manager.war.internal.WARDeployedAppInfoFactoryImpl I CWWKZ0134I: The Swarm application is using the loose application definition at the C:\Users\Steve\Documents\git\Swarm\target\liberty\wlp\usr\servers\LibertySwarm\dropins\Swarm.war.xml location.
[4/21/20, 11:14:18:799 EDT] 0000138f com.ibm.ws.microprofile.openapi.ApplicationProcessor         I CWWKO1660I: The application Swarm was processed and an OpenAPI document was produced.
[4/21/20, 11:14:18:918 EDT] 0000138f com.ibm.ws.webcontainer.osgi.webapp.WebGroup                 I SRVE0169I: Loading Web Module: Swarm.
[4/21/20, 11:14:18:919 EDT] 0000138f com.ibm.ws.webcontainer                                      I SRVE0250I: Web Module Swarm has been bound to default_host.
[4/21/20, 11:14:18:920 EDT] 0000138f com.ibm.ws.http.internal.VirtualHostImpl                     A CWWKT0016I: Web application available (default_host): http://hubris.home:9081/Swarm/
[4/21/20, 11:14:18:923 EDT] 00001316 com.ibm.ws.session.WASSessionCore                            I SESN0176I: A new session context will be created for application key default_host/Swarm
[4/21/20, 11:14:18:923 EDT] 00001543 com.ibm.ws.webcontainer.osgi.mbeans.PluginGenerator          I SRVE9103I: A configuration file for a web server plugin was automatically generated for this server at C:\Users\Steve\Documents\git\Swarm\target\liberty\wlp\usr\servers\LibertySwarm\logs\state\plugin-cfg.xml.
[4/21/20, 11:14:18:924 EDT] 0000138f com.ibm.ws.app.manager.AppMessageHelper                      A CWWKZ0003I: The application Swarm updated in 0.341 seconds.
[4/21/20, 11:14:18:924 EDT] 00001316 com.ibm.ws.util                                              I SESN0172I: The session manager is using the Java default SecureRandom implementation for session ID generation.
[4/21/20, 11:14:19:158 EDT] 00001543 com.ibm.ws.webcontainer.osgi.mbeans.PluginGenerator          I SRVE9103I: A configuration file for a web server plugin was automatically generated for this server at C:\Users\Steve\Documents\git\Swarm\target\liberty\wlp\usr\servers\LibertySwarm\logs\state\plugin-cfg.xml.
[4/21/20, 11:14:23:094 EDT] 00001316 .apache.cxf.cxf.core.3.2:1.0.39.cl200420200401-1714(id=175)] I Setting the server's publish address to be /
[4/21/20, 11:14:23:114 EDT] 00001316 com.ibm.ws.webcontainer.servlet                              I SRVE0242I: [Swarm] [/Swarm] [ServerBoardApplication]: Initialization successful.
[4/21/20, 11:14:39:239 EDT] 00001543 com.ibm.ws.http.internal.VirtualHostImpl                     A CWWKT0017I: Web application removed (default_host): http://hubris.home:9081/Swarm/
[4/21/20, 11:14:39:240 EDT] 00001543 com.ibm.ws.webcontainer.servlet                              I SRVE0253I: [Swarm] [/Swarm] [ServerBoardApplication]: Destroy successful.
[4/21/20, 11:14:39:248 EDT] 00001543 com.ibm.ws.app.manager.AppMessageHelper                      A CWWKZ0009I: The application Swarm has stopped successfully.
[4/21/20, 11:14:39:261 EDT] 00001543 com.ibm.ws.app.manager.AppMessageHelper                      I CWWKZ0018I: Starting application Swarm.
[4/21/20, 11:14:39:262 EDT] 00001543 bm.ws.app.manager.war.internal.WARDeployedAppInfoFactoryImpl I CWWKZ0134I: The Swarm application is using the loose application definition at the C:\Users\Steve\Documents\git\Swarm\target\liberty\wlp\usr\servers\LibertySwarm\dropins\Swarm.war.xml location.
[4/21/20, 11:14:39:743 EDT] 00001543 com.ibm.ws.microprofile.openapi.ApplicationProcessor         I CWWKO1660I: The application Swarm was processed and an OpenAPI document was produced.
[4/21/20, 11:14:40:102 EDT] 00001543 com.ibm.ws.webcontainer.osgi.webapp.WebGroup                 I SRVE0169I: Loading Web Module: Swarm.
[4/21/20, 11:14:40:103 EDT] 00001543 com.ibm.ws.webcontainer                                      I SRVE0250I: Web Module Swarm has been bound to default_host.
[4/21/20, 11:14:40:104 EDT] 00001543 com.ibm.ws.http.internal.VirtualHostImpl                     A CWWKT0016I: Web application available (default_host): http://hubris.home:9081/Swarm/
[4/21/20, 11:14:40:110 EDT] 00001543 com.ibm.ws.app.manager.AppMessageHelper                      A CWWKZ0003I: The application Swarm updated in 0.849 seconds.
[4/21/20, 11:14:40:118 EDT] 00001543 com.ibm.ws.session.WASSessionCore                            I SESN0176I: A new session context will be created for application key default_host/Swarm
[4/21/20, 11:14:40:119 EDT] 00001543 com.ibm.ws.util                                              I SESN0172I: The session manager is using the Java default SecureRandom implementation for session ID generation.
[4/21/20, 11:14:40:178 EDT] 00001316 com.ibm.ws.webcontainer.osgi.mbeans.PluginGenerator          I SRVE9103I: A configuration file for a web server plugin was automatically generated for this server at C:\Users\Steve\Documents\git\Swarm\target\liberty\wlp\usr\servers\LibertySwarm\logs\state\plugin-cfg.xml.
[4/21/20, 11:14:41:742 EDT] 0000152e .apache.cxf.cxf.core.3.2:1.0.39.cl200420200401-1714(id=175)] I Setting the server's publish address to be /
[4/21/20, 11:14:41:860 EDT] 0000152e com.ibm.ws.webcontainer.servlet                              I SRVE0242I: [Swarm] [/Swarm] [ServerBoardApplication]: Initialization successful.
[4/21/20, 11:14:43:397 EDT] 00001543 com.ibm.ws.webcontainer.osgi.mbeans.PluginGenerator          I SRVE9103I: A configuration file for a web server plugin was automatically generated for this server at C:\Users\Steve\Documents\git\Swarm\target\liberty\wlp\usr\servers\LibertySwarm\logs\state\plugin-cfg.xml.
[4/21/20, 11:15:38:256 EDT] 000015da com.ibm.ws.http.internal.VirtualHostImpl                     A CWWKT0017I: Web application removed (default_host): http://hubris.home:9081/Swarm/
[4/21/20, 11:15:38:258 EDT] 000015da com.ibm.ws.webcontainer.servlet                              I SRVE0253I: [Swarm] [/Swarm] [ServerBoardApplication]: Destroy successful.
[4/21/20, 11:15:38:265 EDT] 000015da com.ibm.ws.app.manager.AppMessageHelper                      A CWWKZ0009I: The application Swarm has stopped successfully.
[4/21/20, 11:15:38:281 EDT] 000015da com.ibm.ws.app.manager.AppMessageHelper                      I CWWKZ0018I: Starting application Swarm.
[4/21/20, 11:15:38:282 EDT] 000015da bm.ws.app.manager.war.internal.WARDeployedAppInfoFactoryImpl I CWWKZ0134I: The Swarm application is using the loose application definition at the C:\Users\Steve\Documents\git\Swarm\target\liberty\wlp\usr\servers\LibertySwarm\dropins\Swarm.war.xml location.
[4/21/20, 11:15:38:507 EDT] 000015da com.ibm.ws.microprofile.openapi.ApplicationProcessor         I CWWKO1660I: The application Swarm was processed and an OpenAPI document was produced.
[4/21/20, 11:15:38:619 EDT] 000015e0 com.ibm.ws.webcontainer.osgi.mbeans.PluginGenerator          I SRVE9103I: A configuration file for a web server plugin was automatically generated for this server at C:\Users\Steve\Documents\git\Swarm\target\liberty\wlp\usr\servers\LibertySwarm\logs\state\plugin-cfg.xml.
[4/21/20, 11:15:38:659 EDT] 000015da com.ibm.ws.webcontainer.osgi.webapp.WebGroup                 I SRVE0169I: Loading Web Module: Swarm.
[4/21/20, 11:15:38:660 EDT] 000015da com.ibm.ws.webcontainer                                      I SRVE0250I: Web Module Swarm has been bound to default_host.
[4/21/20, 11:15:38:660 EDT] 000015da com.ibm.ws.http.internal.VirtualHostImpl                     A CWWKT0016I: Web application available (default_host): http://hubris.home:9081/Swarm/
[4/21/20, 11:15:38:663 EDT] 000015da com.ibm.ws.app.manager.AppMessageHelper                      A CWWKZ0003I: The application Swarm updated in 0.382 seconds.
[4/21/20, 11:15:38:663 EDT] 000015e5 com.ibm.ws.session.WASSessionCore                            I SESN0176I: A new session context will be created for application key default_host/Swarm
[4/21/20, 11:15:38:665 EDT] 000015e5 com.ibm.ws.util                                              I SESN0172I: The session manager is using the Java default SecureRandom implementation for session ID generation.
[4/21/20, 11:15:38:927 EDT] 000015e5 com.ibm.ws.webcontainer.osgi.mbeans.PluginGenerator          I SRVE9103I: A configuration file for a web server plugin was automatically generated for this server at C:\Users\Steve\Documents\git\Swarm\target\liberty\wlp\usr\servers\LibertySwarm\logs\state\plugin-cfg.xml.
[4/21/20, 11:15:48:523 EDT] 000015bd .apache.cxf.cxf.core.3.2:1.0.39.cl200420200401-1714(id=175)] I Setting the server's publish address to be /
[4/21/20, 11:15:48:540 EDT] 000015bd com.ibm.ws.webcontainer.servlet                              I SRVE0242I: [Swarm] [/Swarm] [ServerBoardApplication]: Initialization successful.
[4/21/20, 11:16:12:537 EDT] 000015ff com.ibm.ws.http.internal.VirtualHostImpl                     A CWWKT0017I: Web application removed (default_host): http://hubris.home:9081/Swarm/
[4/21/20, 11:16:12:538 EDT] 000015ff com.ibm.ws.webcontainer.servlet                              I SRVE0253I: [Swarm] [/Swarm] [ServerBoardApplication]: Destroy successful.
[4/21/20, 11:16:12:545 EDT] 000015ff com.ibm.ws.app.manager.AppMessageHelper                      A CWWKZ0009I: The application Swarm has stopped successfully.
[4/21/20, 11:16:12:563 EDT] 000015ff com.ibm.ws.app.manager.AppMessageHelper                      I CWWKZ0018I: Starting application Swarm.
[4/21/20, 11:16:12:564 EDT] 000015ff bm.ws.app.manager.war.internal.WARDeployedAppInfoFactoryImpl I CWWKZ0134I: The Swarm application is using the loose application definition at the C:\Users\Steve\Documents\git\Swarm\target\liberty\wlp\usr\servers\LibertySwarm\dropins\Swarm.war.xml location.
[4/21/20, 11:16:12:770 EDT] 000015ff com.ibm.ws.microprofile.openapi.ApplicationProcessor         I CWWKO1660I: The application Swarm was processed and an OpenAPI document was produced.
[4/21/20, 11:16:13:037 EDT] 000015ff com.ibm.ws.webcontainer.osgi.webapp.WebGroup                 I SRVE0169I: Loading Web Module: Swarm.
[4/21/20, 11:16:13:039 EDT] 000015ff com.ibm.ws.webcontainer                                      I SRVE0250I: Web Module Swarm has been bound to default_host.
[4/21/20, 11:16:13:041 EDT] 000015ff com.ibm.ws.http.internal.VirtualHostImpl                     A CWWKT0016I: Web application available (default_host): http://hubris.home:9081/Swarm/
[4/21/20, 11:16:13:047 EDT] 000015ff com.ibm.ws.app.manager.AppMessageHelper                      A CWWKZ0003I: The application Swarm updated in 0.483 seconds.
[4/21/20, 11:16:13:056 EDT] 000015ff com.ibm.ws.session.WASSessionCore                            I SESN0176I: A new session context will be created for application key default_host/Swarm
[4/21/20, 11:16:13:057 EDT] 000015ff com.ibm.ws.util                                              I SESN0172I: The session manager is using the Java default SecureRandom implementation for session ID generation.
[4/21/20, 11:16:13:081 EDT] 0000152e com.ibm.ws.webcontainer.osgi.mbeans.PluginGenerator          I SRVE9103I: A configuration file for a web server plugin was automatically generated for this server at C:\Users\Steve\Documents\git\Swarm\target\liberty\wlp\usr\servers\LibertySwarm\logs\state\plugin-cfg.xml.
[4/21/20, 11:16:13:853 EDT] 000015ff com.ibm.ws.webcontainer.osgi.mbeans.PluginGenerator          I SRVE9103I: A configuration file for a web server plugin was automatically generated for this server at C:\Users\Steve\Documents\git\Swarm\target\liberty\wlp\usr\servers\LibertySwarm\logs\state\plugin-cfg.xml.
[4/21/20, 11:16:16:604 EDT] 00001604 .apache.cxf.cxf.core.3.2:1.0.39.cl200420200401-1714(id=175)] I Setting the server's publish address to be /
[4/21/20, 11:16:16:620 EDT] 00001604 com.ibm.ws.webcontainer.servlet                              I SRVE0242I: [Swarm] [/Swarm] [ServerBoardApplication]: Initialization successful.
[4/21/20, 11:16:17:106 EDT] 00001604 SystemOut                                                    O Tick method activated
[4/21/20, 11:16:21:858 EDT] 000015c0 SystemOut                                                    O Tick method activated
[4/21/20, 11:16:23:553 EDT] 00001603 SystemOut                                                    O Tick method activated
[4/21/20, 11:16:26:456 EDT] 0000160f SystemOut                                                    O Tick method activated
[4/21/20, 11:16:27:195 EDT] 0000160a SystemOut                                                    O Tick method activated
[4/21/20, 11:16:27:891 EDT] 00001608 SystemOut                                                    O Tick method activated
[4/21/20, 11:16:28:449 EDT] 0000160e SystemOut                                                    O Tick method activated
[4/21/20, 11:16:29:118 EDT] 00001608 SystemOut                                                    O Tick method activated
[4/21/20, 11:16:29:838 EDT] 0000160e SystemOut                                                    O Tick method activated
[4/21/20, 11:16:30:515 EDT] 0000160f SystemOut                                                    O Tick method activated
[4/21/20, 11:16:31:200 EDT] 0000160a SystemOut                                                    O Tick method activated
[4/21/20, 11:16:31:857 EDT] 000015f1 SystemOut                                                    O Tick method activated
[4/21/20, 11:16:32:706 EDT] 0000152e SystemOut                                                    O Tick method activated
[4/21/20, 11:16:33:269 EDT] 0000160e SystemOut                                                    O Tick method activated
[4/21/20, 11:16:33:994 EDT] 000015f1 SystemOut                                                    O Tick method activated
[4/21/20, 11:16:34:706 EDT] 00001615 SystemOut                                                    O Tick method activated
[4/21/20, 11:24:58:342 EDT] 0000173f SystemOut                                                    O Tick method activated
[4/21/20, 11:24:59:124 EDT] 0000169b SystemOut                                                    O Tick method activated
[4/21/20, 11:25:00:005 EDT] 00001741 SystemOut                                                    O Tick method activated
[4/21/20, 11:25:03:009 EDT] 00001741 SystemOut                                                    O Tick method activated
[4/21/20, 11:25:03:874 EDT] 00001742 SystemOut                                                    O Tick method activated
[4/21/20, 11:25:04:608 EDT] 00001741 SystemOut                                                    O Tick method activated
[4/21/20, 11:25:05:444 EDT] 00001743 SystemOut                                                    O Tick method activated
[4/21/20, 11:25:06:192 EDT] 0000173c SystemOut                                                    O Tick method activated
[4/21/20, 11:25:06:873 EDT] 00001742 SystemOut                                                    O Tick method activated
[4/21/20, 11:25:20:509 EDT] 000016dd SystemOut                                                    O Tick method activated
[4/21/20, 11:25:21:285 EDT] 0000174e SystemOut                                                    O Tick method activated
[4/21/20, 13:24:30:894 EDT] 00002a17 SystemOut                                                    O Tick method activated
[4/21/20, 13:49:50:394 EDT] 00002e7a SystemOut                                                    O Tick method activated
[4/21/20, 13:49:51:769 EDT] 00002e48 SystemOut                                                    O Tick method activated
[4/21/20, 13:49:53:083 EDT] 00002e85 SystemOut                                                    O Tick method activated
[4/21/20, 13:50:11:992 EDT] 00002e91 SystemOut                                                    O Tick method activated
[4/21/20, 13:50:13:008 EDT] 00002e97 SystemOut                                                    O Tick method activated
[4/21/20, 13:50:13:870 EDT] 00002e91 SystemOut                                                    O Tick method activated
[4/21/20, 13:50:14:743 EDT] 00002e48 SystemOut                                                    O Tick method activated
[4/21/20, 18:59:21:561 EDT] 00004aad com.ibm.ws.http.internal.VirtualHostImpl                     A CWWKT0017I: Web application removed (default_host): http://hubris.home:9081/Swarm/
[4/21/20, 18:59:21:574 EDT] 00004aad com.ibm.ws.webcontainer.servlet                              I SRVE0253I: [Swarm] [/Swarm] [ServerBoardApplication]: Destroy successful.
[4/21/20, 18:59:21:623 EDT] 00004aad com.ibm.ws.app.manager.AppMessageHelper                      A CWWKZ0009I: The application Swarm has stopped successfully.
[4/21/20, 18:59:21:647 EDT] 00004aad com.ibm.ws.app.manager.AppMessageHelper                      I CWWKZ0018I: Starting application Swarm.
[4/21/20, 18:59:21:648 EDT] 00004aad bm.ws.app.manager.war.internal.WARDeployedAppInfoFactoryImpl I CWWKZ0134I: The Swarm application is using the loose application definition at the C:\Users\Steve\Documents\git\Swarm\target\liberty\wlp\usr\servers\LibertySwarm\dropins\Swarm.war.xml location.
[4/21/20, 18:59:21:939 EDT] 00004aad com.ibm.ws.microprofile.openapi.ApplicationProcessor         I CWWKO1660I: The application Swarm was processed and an OpenAPI document was produced.
[4/21/20, 18:59:22:107 EDT] 00004aad com.ibm.ws.webcontainer.osgi.webapp.WebGroup                 I SRVE0169I: Loading Web Module: Swarm.
[4/21/20, 18:59:22:108 EDT] 00004aad com.ibm.ws.webcontainer                                      I SRVE0250I: Web Module Swarm has been bound to default_host.
[4/21/20, 18:59:22:109 EDT] 00004aad com.ibm.ws.http.internal.VirtualHostImpl                     A CWWKT0016I: Web application available (default_host): http://hubris.home:9081/Swarm/
[4/21/20, 18:59:22:112 EDT] 00004aad com.ibm.ws.app.manager.AppMessageHelper                      A CWWKZ0003I: The application Swarm updated in 0.465 seconds.
[4/21/20, 18:59:22:112 EDT] 00004a98 com.ibm.ws.session.WASSessionCore                            I SESN0176I: A new session context will be created for application key default_host/Swarm
[4/21/20, 18:59:22:113 EDT] 00004a98 com.ibm.ws.util                                              I SESN0172I: The session manager is using the Java default SecureRandom implementation for session ID generation.
[4/21/20, 18:59:22:149 EDT] 00004aa2 com.ibm.ws.webcontainer.osgi.mbeans.PluginGenerator          I SRVE9103I: A configuration file for a web server plugin was automatically generated for this server at C:\Users\Steve\Documents\git\Swarm\target\liberty\wlp\usr\servers\LibertySwarm\logs\state\plugin-cfg.xml.
[4/21/20, 18:59:22:347 EDT] 00004aac com.ibm.ws.webcontainer.osgi.mbeans.PluginGenerator          I SRVE9103I: A configuration file for a web server plugin was automatically generated for this server at C:\Users\Steve\Documents\git\Swarm\target\liberty\wlp\usr\servers\LibertySwarm\logs\state\plugin-cfg.xml.
[4/21/20, 19:31:35:084 EDT] 00004e9f .apache.cxf.cxf.core.3.2:1.0.39.cl200420200401-1714(id=175)] I Setting the server's publish address to be /
[4/21/20, 19:31:35:102 EDT] 00004e9f com.ibm.ws.webcontainer.servlet                              I SRVE0242I: [Swarm] [/Swarm] [ServerBoardApplication]: Initialization successful.
[4/21/20, 19:31:35:516 EDT] 00004e9f SystemOut                                                    O Tick method activated
[4/21/20, 19:31:37:392 EDT] 00004f62 SystemOut                                                    O Tick method activated
[4/21/20, 19:31:38:370 EDT] 00004f43 SystemOut                                                    O Tick method activated
[4/21/20, 19:31:39:768 EDT] 00004f62 SystemOut                                                    O Tick method activated
[4/21/20, 19:31:40:583 EDT] 00004e50 SystemOut                                                    O Tick method activated
[4/21/20, 19:31:41:395 EDT] 00004f43 SystemOut                                                    O Tick method activated
[4/21/20, 19:31:42:141 EDT] 00004f62 SystemOut                                                    O Tick method activated
[4/21/20, 19:31:42:847 EDT] 00004f43 SystemOut                                                    O Tick method activated
[4/21/20, 19:32:18:057 EDT] 00004e29 SystemOut                                                    O Tick method activated
[4/21/20, 19:32:19:154 EDT] 00004f85 SystemOut                                                    O Tick method activated
[4/21/20, 19:32:36:310 EDT] 0000001a com.ibm.ws.kernel.launch.internal.ServerCommandListener      A CWWKE0055I: Server shutdown requested on Tuesday, April 21, 2020 at 7:32 PM. The server LibertySwarm is shutting down.
[4/21/20, 19:32:36:321 EDT] 00004f9a com.ibm.ws.runtime.update.internal.RuntimeUpdateManagerImpl  A CWWKE1100I: Waiting for up to 30 seconds for the server to quiesce.
[4/21/20, 19:32:36:335 EDT] 00004f97 com.ibm.ws.tcpchannel.internal.TCPChannel                    I CWWKO0220I: TCP Channel defaultHttpEndpoint-ssl has stopped listening for requests on host *  (IPv6) port 9445.
[4/21/20, 19:32:36:338 EDT] 00004f97 com.ibm.ws.tcpchannel.internal.TCPChannel                    I CWWKO0220I: TCP Channel defaultHttpEndpoint has stopped listening for requests on host *  (IPv6) port 9081.
[4/21/20, 19:32:36:340 EDT] 00004f97 com.ibm.ws.http.internal.VirtualHostImpl                     A CWWKT0017I: Web application removed (default_host): http://hubris.home:9081/jwt/
[4/21/20, 19:32:36:340 EDT] 00004f97 com.ibm.ws.http.internal.VirtualHostImpl                     A CWWKT0017I: Web application removed (default_host): http://hubris.home:9081/openapi/ui/
[4/21/20, 19:32:36:341 EDT] 00004f97 com.ibm.ws.http.internal.VirtualHostImpl                     A CWWKT0017I: Web application removed (default_host): http://hubris.home:9081/health/
[4/21/20, 19:32:36:342 EDT] 00004f97 com.ibm.ws.http.internal.VirtualHostImpl                     A CWWKT0017I: Web application removed (default_host): http://hubris.home:9081/metrics/
[4/21/20, 19:32:36:342 EDT] 00004f97 com.ibm.ws.http.internal.VirtualHostImpl                     A CWWKT0017I: Web application removed (default_host): http://hubris.home:9081/openapi/
[4/21/20, 19:32:36:343 EDT] 00004f97 com.ibm.ws.http.internal.VirtualHostImpl                     A CWWKT0017I: Web application removed (default_host): http://hubris.home:9081/ibm/api/
[4/21/20, 19:32:36:344 EDT] 00004f97 com.ibm.ws.http.internal.VirtualHostImpl                     A CWWKT0017I: Web application removed (default_host): http://hubris.home:9081/Swarm/
[4/21/20, 19:32:37:352 EDT] 00004f9a com.ibm.ws.runtime.update.internal.RuntimeUpdateManagerImpl  I CWWKE1101I: Server quiesce complete.
[4/21/20, 19:32:37:396 EDT] 00004f96 com.ibm.ws.webcontainer.servlet                              I SRVE0253I: [Swarm] [/Swarm] [ServerBoardApplication]: Destroy successful.
[4/21/20, 19:32:37:401 EDT] 00004f96 com.ibm.ws.app.manager.AppMessageHelper                      A CWWKZ0009I: The application Swarm has stopped successfully.
[4/21/20, 19:32:37:440 EDT] 00004f9a com.ibm.ws.webcontainer.servlet                              I SRVE0253I: [com.ibm.ws.microprofile.metrics.private] [/metrics] [PrivateMetricsRESTProxyServlet]: Destroy successful.
[4/21/20, 19:32:37:449 EDT] 00004f9a com.ibm.ws.webcontainer.servlet                              I SRVE0253I: [com.ibm.ws.microprofile.health.2.0] [/health] [HealthCheckReadinessServlet]: Destroy successful.
[4/21/20, 19:32:37:449 EDT] 00004f9a com.ibm.ws.webcontainer.servlet                              I SRVE0253I: [com.ibm.ws.microprofile.health.2.0] [/health] [HealthCheckLivenessServlet]: Destroy successful.
[4/21/20, 19:32:37:449 EDT] 00004f9a com.ibm.ws.webcontainer.servlet                              I SRVE0253I: [com.ibm.ws.microprofile.health.2.0] [/health] [HealthCheckServlet]: Destroy successful.
[4/21/20, 19:32:37:456 EDT] 00004f9a com.ibm.ws.webcontainer.servlet                              I SRVE0253I: [com.ibm.ws.microprofile.openapi] [/openapi] [OpenAPIServlet]: Destroy successful.
[4/21/20, 19:32:37:746 EDT] 00004f9a .ws.security.mp.jwt.v11.config.impl.MpConfigProxyServiceImpl I CWWKS5777I: The MicroProfile JWT version 1.1 mpConfigProxy deactivated successfully.
[4/21/20, 19:32:37:750 EDT] 00004f9a com.ibm.ws.security.mp.jwt.impl.MicroProfileJwtConfigImpl    I CWWKS5502I: The MicroProfile JWT configuration [defaultMpJwt] was successfully deactivated.
[4/21/20, 19:32:37:751 EDT] 00004f9a com.ibm.ws.security.mp.jwt.impl.MicroProfileJwtServiceImpl   I CWWKS5502I: The MicroProfile JWT configuration [MicroProfileJwtService] was successfully deactivated.
[4/21/20, 19:32:37:921 EDT] 00004f9a ibm.ws.security.authentication.internal.jaas.JAASServiceImpl I CWWKS1124I: The collective authentication plugin with class name NullCollectiveAuthenticationPlugin has been deactivated. 
[4/21/20, 19:32:38:158 EDT] 00004f9a com.ibm.ws.security.ready.internal.SecurityReadyServiceImpl  I CWWKS0009I: The security service has stopped.
[4/21/20, 19:32:38:633 EDT] 00000001 com.ibm.ws.kernel.launch.internal.FrameworkManager           A CWWKE0036I: The server LibertySwarm stopped after 10 hours, 33 minutes, 39.839 seconds.
