********************************************************************************
product = Open Liberty 20.0.0.5 (wlp-1.0.40.cl200520200429-1655)
wlp.install.dir = C:/Users/Steve/Documents/git/Swarm/target/liberty/wlp/
java.home = C:\Program Files\AdoptOpenJDK\jdk-11.0.6.10-openj9
java.version = 11.0.6
java.runtime = OpenJDK Runtime Environment (11.0.6+10)
os = Windows 10 (10.0; amd64) (en_US)
process = 12064@Hubris
********************************************************************************
[5/19/20, 15:11:04:725 EDT] 00000001 com.ibm.ws.kernel.launch.internal.FrameworkManager           A CWWKE0001I: The server LibertySwarm has been launched.
[5/19/20, 15:11:06:932 EDT] 0000001d com.ibm.ws.config.xml.internal.ServerXMLConfiguration        A CWWKG0093A: Processing configuration drop-ins resource: C:\Users\Steve\Documents\git\Swarm\target\liberty\wlp\usr\servers\LibertySwarm\configDropins\overrides\liberty-plugin-variable-config.xml
[5/19/20, 15:11:07:259 EDT] 00000001 com.ibm.ws.kernel.launch.internal.FrameworkManager           I CWWKE0002I: The kernel started after 3.145 seconds
[5/19/20, 15:11:07:339 EDT] 00000028 com.ibm.ws.kernel.feature.internal.FeatureManager            I CWWKF0007I: Feature update started.
[5/19/20, 15:11:09:467 EDT] 0000001e .apache.cxf.cxf.core.3.2:1.0.40.cl200520200429-1655(id=175)] I Aries Blueprint packages not available. So namespaces will not be registered
[5/19/20, 15:11:09:476 EDT] 0000001e .apache.cxf.cxf.core.3.2:1.0.40.cl200520200429-1655(id=175)] I Aries Blueprint packages not available. So namespaces will not be registered
[5/19/20, 15:11:09:727 EDT] 0000001c com.ibm.ws.security.ready.internal.SecurityReadyServiceImpl  I CWWKS0007I: The security service is starting...
[5/19/20, 15:11:11:606 EDT] 00000020 com.ibm.ws.app.manager.internal.monitor.DropinMonitor        A CWWKZ0058I: Monitoring dropins for applications.
[5/19/20, 15:11:12:944 EDT] 0000001f com.ibm.ws.cache.ServerCache                                 I DYNA1001I: WebSphere Dynamic Cache instance named baseCache initialized successfully.
[5/19/20, 15:11:12:953 EDT] 0000001f com.ibm.ws.cache.ServerCache                                 I DYNA1071I: The cache provider default is being used.
[5/19/20, 15:11:12:955 EDT] 0000001f com.ibm.ws.cache.CacheServiceImpl                            I DYNA1056I: Dynamic Cache (object cache) initialized successfully.
[5/19/20, 15:11:14:162 EDT] 00000024 com.ibm.ws.ssl.config.WSKeyStore                             A CWPKI0820A: The default keystore has been created using the 'keystore_password' environment variable.
[5/19/20, 15:11:14:235 EDT] 00000029 com.ibm.ws.security.token.ltpa.internal.LTPAKeyCreateTask    I CWWKS4105I: LTPA configuration is ready after 0.043 seconds.
[5/19/20, 15:11:14:274 EDT] 0000001c ibm.ws.security.authentication.internal.jaas.JAASServiceImpl I CWWKS1123I: The collective authentication plugin with class name NullCollectiveAuthenticationPlugin has been activated. 
[5/19/20, 15:11:14:744 EDT] 00000024 com.ibm.ws.ssl.config.WSKeyStore                             I Successfully loaded default keystore: C:/Users/Steve/Documents/git/Swarm/target/liberty/wlp/usr/servers/LibertySwarm/resources/security/key.p12 of type: PKCS12
[5/19/20, 15:11:15:163 EDT] 0000001c com.ibm.ws.security.jwt.internal.ConsumerImpl                I CWWKS6012I: The JSON Web Token (JWT) consumer service is available.
[5/19/20, 15:11:15:227 EDT] 0000001c com.ibm.ws.security.jwt.web.JwtEndpointServices              I CWWKS6002I: The JSON Web Token (JWT) endpoint service is available.
[5/19/20, 15:11:15:310 EDT] 0000001c .ws.security.mp.jwt.v11.config.impl.MpConfigProxyServiceImpl I CWWKS5775I: The MicroProfile JWT version 1.1 mpConfigProxy processed successfully.
[5/19/20, 15:11:15:333 EDT] 0000001c com.ibm.ws.security.mp.jwt.impl.MicroProfileJwtConfigImpl    I CWWKS5500I: The MicroProfile JWT configuration [defaultMpJwt] was successfully processed.
[5/19/20, 15:11:15:340 EDT] 0000001c com.ibm.ws.security.mp.jwt.impl.MicroProfileJwtServiceImpl   I CWWKS5500I: The MicroProfile JWT configuration [MicroProfileJwtService] was successfully processed.
[5/19/20, 15:11:15:809 EDT] 0000001c com.ibm.ws.session.WASSessionCore                            I SESN8501I: The session manager did not find a persistent storage location; HttpSession objects will be stored in the local application server's memory.
[5/19/20, 15:11:17:011 EDT] 00000029 com.ibm.ws.webcontainer.osgi.webapp.WebGroup                 I SRVE0169I: Loading Web Module: OpenAPIUI.
[5/19/20, 15:11:17:013 EDT] 00000029 com.ibm.ws.webcontainer                                      I SRVE0250I: Web Module OpenAPIUI has been bound to default_host.
[5/19/20, 15:11:17:008 EDT] 0000002f com.ibm.ws.webcontainer.osgi.webapp.WebGroup                 I SRVE0169I: Loading Web Module: PrivateMicroProfileMetrics.
[5/19/20, 15:11:17:018 EDT] 0000002f com.ibm.ws.webcontainer                                      I SRVE0250I: Web Module PrivateMicroProfileMetrics has been bound to default_host.
[5/19/20, 15:11:17:018 EDT] 00000029 com.ibm.ws.http.internal.VirtualHostImpl                     A CWWKT0016I: Web application available (default_host): http://hubris.home:9081/openapi/ui/
[5/19/20, 15:11:17:024 EDT] 0000002f com.ibm.ws.http.internal.VirtualHostImpl                     A CWWKT0016I: Web application available (default_host): http://hubris.home:9081/metrics/
[5/19/20, 15:11:17:046 EDT] 0000002d com.ibm.ws.webcontainer.osgi.webapp.WebGroup                 I SRVE0169I: Loading Web Module: ibm/api.
[5/19/20, 15:11:17:047 EDT] 0000002d com.ibm.ws.webcontainer                                      I SRVE0250I: Web Module ibm/api has been bound to default_host.
[5/19/20, 15:11:17:051 EDT] 0000002d com.ibm.ws.http.internal.VirtualHostImpl                     A CWWKT0016I: Web application available (default_host): http://hubris.home:9081/ibm/api/
[5/19/20, 15:11:17:061 EDT] 0000002b com.ibm.ws.webcontainer.osgi.webapp.WebGroup                 I SRVE0169I: Loading Web Module: health.
[5/19/20, 15:11:17:061 EDT] 0000002b com.ibm.ws.webcontainer                                      I SRVE0250I: Web Module health has been bound to default_host.
[5/19/20, 15:11:17:081 EDT] 0000002b com.ibm.ws.http.internal.VirtualHostImpl                     A CWWKT0016I: Web application available (default_host): http://hubris.home:9081/health/
[5/19/20, 15:11:17:128 EDT] 0000002c com.ibm.ws.webcontainer.osgi.webapp.WebGroup                 I SRVE0169I: Loading Web Module: com.ibm.ws.security.jwt.
[5/19/20, 15:11:17:129 EDT] 0000002c com.ibm.ws.webcontainer                                      I SRVE0250I: Web Module com.ibm.ws.security.jwt has been bound to default_host.
[5/19/20, 15:11:17:129 EDT] 0000002c com.ibm.ws.http.internal.VirtualHostImpl                     A CWWKT0016I: Web application available (default_host): http://hubris.home:9081/jwt/
[5/19/20, 15:11:17:203 EDT] 0000002b com.ibm.ws.session.WASSessionCore                            I SESN0176I: A new session context will be created for application key default_host/ibm/api
[5/19/20, 15:11:17:204 EDT] 0000002d com.ibm.ws.session.WASSessionCore                            I SESN0176I: A new session context will be created for application key default_host/metrics
[5/19/20, 15:11:17:205 EDT] 0000002c com.ibm.ws.session.WASSessionCore                            I SESN0176I: A new session context will be created for application key default_host/health
[5/19/20, 15:11:17:205 EDT] 0000002f com.ibm.ws.session.WASSessionCore                            I SESN0176I: A new session context will be created for application key default_host/openapi/ui
[5/19/20, 15:11:17:224 EDT] 0000002b com.ibm.ws.util                                              I SESN0172I: The session manager is using the Java default SecureRandom implementation for session ID generation.
[5/19/20, 15:11:17:228 EDT] 00000029 com.ibm.ws.app.manager.AppMessageHelper                      I CWWKZ0018I: Starting application Swarm.
[5/19/20, 15:11:17:229 EDT] 0000002e com.ibm.ws.webcontainer.osgi.webapp.WebGroup                 I SRVE0169I: Loading Web Module: MicroProfileOpenAPI.
[5/19/20, 15:11:17:230 EDT] 0000002e com.ibm.ws.webcontainer                                      I SRVE0250I: Web Module MicroProfileOpenAPI has been bound to default_host.
[5/19/20, 15:11:17:230 EDT] 0000002e com.ibm.ws.http.internal.VirtualHostImpl                     A CWWKT0016I: Web application available (default_host): http://hubris.home:9081/openapi/
[5/19/20, 15:11:17:235 EDT] 00000029 bm.ws.app.manager.war.internal.WARDeployedAppInfoFactoryImpl I CWWKZ0134I: The Swarm application is using the loose application definition at the C:\Users\Steve\Documents\git\Swarm\target\liberty\wlp\usr\servers\LibertySwarm\dropins\Swarm.war.xml location.
[5/19/20, 15:11:17:241 EDT] 0000002f com.ibm.ws.util                                              I SESN0172I: The session manager is using the Java default SecureRandom implementation for session ID generation.
[5/19/20, 15:11:17:245 EDT] 0000002c com.ibm.ws.util                                              I SESN0172I: The session manager is using the Java default SecureRandom implementation for session ID generation.
[5/19/20, 15:11:17:247 EDT] 0000002d com.ibm.ws.util                                              I SESN0172I: The session manager is using the Java default SecureRandom implementation for session ID generation.
[5/19/20, 15:11:17:258 EDT] 0000002f com.ibm.ws.cache.CacheServiceImpl                            I DYNA1056I: Dynamic Cache (object cache) initialized successfully.
[5/19/20, 15:11:17:261 EDT] 0000002e com.ibm.ws.session.WASSessionCore                            I SESN0176I: A new session context will be created for application key default_host/jwt
[5/19/20, 15:11:17:262 EDT] 0000002e com.ibm.ws.util                                              I SESN0172I: The session manager is using the Java default SecureRandom implementation for session ID generation.
[5/19/20, 15:11:17:407 EDT] 0000002e com.ibm.ws.session.WASSessionCore                            I SESN0176I: A new session context will be created for application key default_host/openapi
[5/19/20, 15:11:17:408 EDT] 0000002e com.ibm.ws.util                                              I SESN0172I: The session manager is using the Java default SecureRandom implementation for session ID generation.
[5/19/20, 15:11:17:540 EDT] 0000002d com.ibm.ws.webcontainer.servlet                              I SRVE0242I: [com.ibm.ws.microprofile.metrics.private] [/metrics] [PrivateMetricsRESTProxyServlet]: Initialization successful.
[5/19/20, 15:11:17:558 EDT] 0000002c com.ibm.ws.webcontainer.servlet                              I SRVE0242I: [com.ibm.ws.microprofile.health.2.0] [/health] [HealthCheckReadinessServlet]: Initialization successful.
[5/19/20, 15:11:17:562 EDT] 0000002c com.ibm.ws.webcontainer.servlet                              I SRVE0242I: [com.ibm.ws.microprofile.health.2.0] [/health] [HealthCheckServlet]: Initialization successful.
[5/19/20, 15:11:17:584 EDT] 0000002e com.ibm.ws.webcontainer.servlet                              I SRVE0242I: [com.ibm.ws.microprofile.openapi] [/openapi] [OpenAPIServlet]: Initialization successful.
[5/19/20, 15:11:17:592 EDT] 0000002c com.ibm.ws.webcontainer.servlet                              I SRVE0242I: [com.ibm.ws.microprofile.health.2.0] [/health] [HealthCheckLivenessServlet]: Initialization successful.
[5/19/20, 15:11:19:699 EDT] 00000029 com.ibm.ws.microprofile.openapi.ApplicationProcessor         I CWWKO1660I: The application Swarm was processed and an OpenAPI document was produced.
[5/19/20, 15:11:19:940 EDT] 00000029 org.jboss.weld.Version                                       I WELD-000900: 3.1.4 (Final)
[5/19/20, 15:11:20:352 EDT] 0000002f com.ibm.ws.webcontainer.osgi.mbeans.PluginGenerator          I SRVE9103I: A configuration file for a web server plugin was automatically generated for this server at C:\Users\Steve\Documents\git\Swarm\target\liberty\wlp\usr\servers\LibertySwarm\logs\state\plugin-cfg.xml.
[5/19/20, 15:11:22:751 EDT] 00000029 com.ibm.ws.webcontainer.osgi.webapp.WebGroup                 I SRVE0169I: Loading Web Module: Swarm.
[5/19/20, 15:11:22:752 EDT] 00000029 com.ibm.ws.webcontainer                                      I SRVE0250I: Web Module Swarm has been bound to default_host.
[5/19/20, 15:11:22:753 EDT] 00000029 com.ibm.ws.http.internal.VirtualHostImpl                     A CWWKT0016I: Web application available (default_host): http://hubris.home:9081/Swarm/
[5/19/20, 15:11:22:760 EDT] 00000029 com.ibm.ws.app.manager.AppMessageHelper                      A CWWKZ0001I: Application Swarm started in 5.537 seconds.
[5/19/20, 15:11:22:790 EDT] 0000002c com.ibm.ws.session.WASSessionCore                            I SESN0176I: A new session context will be created for application key default_host/Swarm
[5/19/20, 15:11:22:792 EDT] 0000002c com.ibm.ws.util                                              I SESN0172I: The session manager is using the Java default SecureRandom implementation for session ID generation.
[5/19/20, 15:11:22:843 EDT] 00000028 com.ibm.ws.tcpchannel.internal.TCPPort                       I CWWKO0219I: TCP Channel defaultHttpEndpoint has been started and is now listening for requests on host *  (IPv6) port 9081.
[5/19/20, 15:11:22:847 EDT] 00000028 com.ibm.ws.tcpchannel.internal.TCPPort                       I CWWKO0219I: TCP Channel defaultHttpEndpoint-ssl has been started and is now listening for requests on host *  (IPv6) port 9445.
[5/19/20, 15:11:22:872 EDT] 00000028 com.ibm.ws.kernel.feature.internal.FeatureManager            A CWWKF0012I: The server installed the following features: [appSecurity-2.0, cdi-2.0, concurrent-1.0, distributedMap-1.0, jaxrs-2.1, jaxrsClient-2.1, jndi-1.0, json-1.0, jsonb-1.0, jsonp-1.1, jwt-1.0, microProfile-3.2, mpConfig-1.3, mpFaultTolerance-2.0, mpHealth-2.1, mpJwt-1.1, mpMetrics-2.2, mpOpenAPI-1.1, mpOpenTracing-1.3, mpRestClient-1.3, opentracing-1.3, servlet-4.0, ssl-1.0].
[5/19/20, 15:11:22:874 EDT] 00000028 com.ibm.ws.kernel.feature.internal.FeatureManager            I CWWKF0008I: Feature update completed in 15.617 seconds.
[5/19/20, 15:11:22:874 EDT] 00000028 com.ibm.ws.kernel.feature.internal.FeatureManager            A CWWKF0011I: The LibertySwarm server is ready to run a smarter planet. The LibertySwarm server started in 18.764 seconds.
[5/19/20, 15:11:23:512 EDT] 0000002b com.ibm.ws.webcontainer.osgi.mbeans.PluginGenerator          I SRVE9103I: A configuration file for a web server plugin was automatically generated for this server at C:\Users\Steve\Documents\git\Swarm\target\liberty\wlp\usr\servers\LibertySwarm\logs\state\plugin-cfg.xml.
