********************************************************************************
product = Open Liberty 20.0.0.5 (wlp-1.0.40.cl200520200429-1655)
wlp.install.dir = C:/Users/Steve/Documents/git/Swarm/target/liberty/wlp/
java.home = C:\Program Files\AdoptOpenJDK\jdk-11.0.6.10-openj9
java.version = 11.0.6
java.runtime = OpenJDK Runtime Environment (11.0.6+10)
os = Windows 10 (10.0; amd64) (en_US)
process = 2120@Hubris
********************************************************************************
[5/22/20, 9:55:02:901 EDT] 00000001 com.ibm.ws.kernel.launch.internal.FrameworkManager           A CWWKE0001I: The server LibertySwarm has been launched.
[5/22/20, 9:55:06:232 EDT] 0000001d com.ibm.ws.config.xml.internal.ServerXMLConfiguration        A CWWKG0093A: Processing configuration drop-ins resource: C:\Users\Steve\Documents\git\Swarm\target\liberty\wlp\usr\servers\LibertySwarm\configDropins\overrides\liberty-plugin-variable-config.xml
[5/22/20, 9:55:06:686 EDT] 00000001 com.ibm.ws.kernel.launch.internal.FrameworkManager           I CWWKE0002I: The kernel started after 4.266 seconds
[5/22/20, 9:55:06:872 EDT] 00000028 com.ibm.ws.kernel.feature.internal.FeatureManager            I CWWKF0007I: Feature update started.
[5/22/20, 9:55:14:629 EDT] 0000001e .apache.cxf.cxf.core.3.2:1.0.40.cl200520200429-1655(id=175)] I Aries Blueprint packages not available. So namespaces will not be registered
[5/22/20, 9:55:14:633 EDT] 0000001e .apache.cxf.cxf.core.3.2:1.0.40.cl200520200429-1655(id=175)] I Aries Blueprint packages not available. So namespaces will not be registered
[5/22/20, 9:55:14:858 EDT] 0000001c com.ibm.ws.security.ready.internal.SecurityReadyServiceImpl  I CWWKS0007I: The security service is starting...
[5/22/20, 9:55:16:355 EDT] 00000020 com.ibm.ws.app.manager.internal.monitor.DropinMonitor        A CWWKZ0058I: Monitoring dropins for applications.
[5/22/20, 9:55:17:306 EDT] 0000001d com.ibm.ws.cache.ServerCache                                 I DYNA1001I: WebSphere Dynamic Cache instance named baseCache initialized successfully.
[5/22/20, 9:55:17:312 EDT] 0000001d com.ibm.ws.cache.ServerCache                                 I DYNA1071I: The cache provider default is being used.
[5/22/20, 9:55:17:395 EDT] 0000001d com.ibm.ws.cache.CacheServiceImpl                            I DYNA1056I: Dynamic Cache (object cache) initialized successfully.
[5/22/20, 9:55:18:264 EDT] 00000024 com.ibm.ws.ssl.config.WSKeyStore                             A CWPKI0820A: The default keystore has been created using the 'keystore_password' environment variable.
[5/22/20, 9:55:18:273 EDT] 00000024 com.ibm.ws.ssl.config.WSKeyStore                             I CWPKI0802I: Creating the SSL certificate. This may take a few seconds.
[5/22/20, 9:55:18:303 EDT] 0000002e com.ibm.ws.security.token.ltpa.internal.LTPAKeyInfoManager   I CWWKS4103I: Creating the LTPA keys. This may take a few seconds.
[5/22/20, 9:55:18:363 EDT] 0000001c ibm.ws.security.authentication.internal.jaas.JAASServiceImpl I CWWKS1123I: The collective authentication plugin with class name NullCollectiveAuthenticationPlugin has been activated. 
[5/22/20, 9:55:18:770 EDT] 0000001c com.ibm.ws.security.jwt.internal.ConsumerImpl                I CWWKS6012I: The JSON Web Token (JWT) consumer service is available.
[5/22/20, 9:55:18:809 EDT] 0000001c com.ibm.ws.security.jwt.web.JwtEndpointServices              I CWWKS6002I: The JSON Web Token (JWT) endpoint service is available.
[5/22/20, 9:55:18:867 EDT] 0000001c .ws.security.mp.jwt.v11.config.impl.MpConfigProxyServiceImpl I CWWKS5775I: The MicroProfile JWT version 1.1 mpConfigProxy processed successfully.
[5/22/20, 9:55:18:902 EDT] 0000001c com.ibm.ws.security.mp.jwt.impl.MicroProfileJwtConfigImpl    I CWWKS5500I: The MicroProfile JWT configuration [defaultMpJwt] was successfully processed.
[5/22/20, 9:55:18:907 EDT] 0000001c com.ibm.ws.security.mp.jwt.impl.MicroProfileJwtServiceImpl   I CWWKS5500I: The MicroProfile JWT configuration [MicroProfileJwtService] was successfully processed.
[5/22/20, 9:55:19:339 EDT] 0000001c com.ibm.ws.session.WASSessionCore                            I SESN8501I: The session manager did not find a persistent storage location; HttpSession objects will be stored in the local application server's memory.
[5/22/20, 9:55:20:827 EDT] 0000002d com.ibm.ws.webcontainer.osgi.webapp.WebGroup                 I SRVE0169I: Loading Web Module: OpenAPIUI.
[5/22/20, 9:55:20:831 EDT] 0000002d com.ibm.ws.webcontainer                                      I SRVE0250I: Web Module OpenAPIUI has been bound to default_host.
[5/22/20, 9:55:20:901 EDT] 0000002d com.ibm.ws.http.internal.VirtualHostImpl                     A CWWKT0016I: Web application available (default_host): http://hubris.home:9081/openapi/ui/
[5/22/20, 9:55:20:912 EDT] 00000029 com.ibm.ws.webcontainer.osgi.webapp.WebGroup                 I SRVE0169I: Loading Web Module: MicroProfileOpenAPI.
[5/22/20, 9:55:20:913 EDT] 00000029 com.ibm.ws.webcontainer                                      I SRVE0250I: Web Module MicroProfileOpenAPI has been bound to default_host.
[5/22/20, 9:55:20:913 EDT] 00000029 com.ibm.ws.http.internal.VirtualHostImpl                     A CWWKT0016I: Web application available (default_host): http://hubris.home:9081/openapi/
[5/22/20, 9:55:20:928 EDT] 00000030 com.ibm.ws.webcontainer.osgi.webapp.WebGroup                 I SRVE0169I: Loading Web Module: com.ibm.ws.security.jwt.
[5/22/20, 9:55:20:929 EDT] 00000030 com.ibm.ws.webcontainer                                      I SRVE0250I: Web Module com.ibm.ws.security.jwt has been bound to default_host.
[5/22/20, 9:55:20:929 EDT] 00000030 com.ibm.ws.http.internal.VirtualHostImpl                     A CWWKT0016I: Web application available (default_host): http://hubris.home:9081/jwt/
[5/22/20, 9:55:20:936 EDT] 0000002a com.ibm.ws.webcontainer.osgi.webapp.WebGroup                 I SRVE0169I: Loading Web Module: PrivateMicroProfileMetrics.
[5/22/20, 9:55:20:941 EDT] 0000002a com.ibm.ws.webcontainer                                      I SRVE0250I: Web Module PrivateMicroProfileMetrics has been bound to default_host.
[5/22/20, 9:55:20:943 EDT] 0000002a com.ibm.ws.http.internal.VirtualHostImpl                     A CWWKT0016I: Web application available (default_host): http://hubris.home:9081/metrics/
[5/22/20, 9:55:20:953 EDT] 0000002f com.ibm.ws.webcontainer.osgi.webapp.WebGroup                 I SRVE0169I: Loading Web Module: ibm/api.
[5/22/20, 9:55:20:954 EDT] 0000002f com.ibm.ws.webcontainer                                      I SRVE0250I: Web Module ibm/api has been bound to default_host.
[5/22/20, 9:55:20:955 EDT] 0000002f com.ibm.ws.http.internal.VirtualHostImpl                     A CWWKT0016I: Web application available (default_host): http://hubris.home:9081/ibm/api/
[5/22/20, 9:55:21:011 EDT] 00000029 com.ibm.ws.app.manager.AppMessageHelper                      I CWWKZ0018I: Starting application Swarm.
[5/22/20, 9:55:21:012 EDT] 00000029 bm.ws.app.manager.war.internal.WARDeployedAppInfoFactoryImpl I CWWKZ0134I: The Swarm application is using the loose application definition at the C:\Users\Steve\Documents\git\Swarm\target\liberty\wlp\usr\servers\LibertySwarm\dropins\Swarm.war.xml location.
[5/22/20, 9:55:21:215 EDT] 0000002b com.ibm.ws.session.WASSessionCore                            I SESN0176I: A new session context will be created for application key default_host/metrics
[5/22/20, 9:55:21:217 EDT] 00000030 com.ibm.ws.session.WASSessionCore                            I SESN0176I: A new session context will be created for application key default_host/openapi/ui
[5/22/20, 9:55:21:224 EDT] 0000002d com.ibm.ws.webcontainer.osgi.webapp.WebGroup                 I SRVE0169I: Loading Web Module: health.
[5/22/20, 9:55:21:225 EDT] 0000002d com.ibm.ws.webcontainer                                      I SRVE0250I: Web Module health has been bound to default_host.
[5/22/20, 9:55:21:226 EDT] 0000002d com.ibm.ws.http.internal.VirtualHostImpl                     A CWWKT0016I: Web application available (default_host): http://hubris.home:9081/health/
[5/22/20, 9:55:21:232 EDT] 0000002a com.ibm.ws.session.WASSessionCore                            I SESN0176I: A new session context will be created for application key default_host/openapi
[5/22/20, 9:55:21:245 EDT] 00000030 com.ibm.ws.util                                              I SESN0172I: The session manager is using the Java default SecureRandom implementation for session ID generation.
[5/22/20, 9:55:21:261 EDT] 0000002f com.ibm.ws.session.WASSessionCore                            I SESN0176I: A new session context will be created for application key default_host/jwt
[5/22/20, 9:55:21:283 EDT] 0000002d com.ibm.ws.session.WASSessionCore                            I SESN0176I: A new session context will be created for application key default_host/ibm/api
[5/22/20, 9:55:21:302 EDT] 0000002a com.ibm.ws.util                                              I SESN0172I: The session manager is using the Java default SecureRandom implementation for session ID generation.
[5/22/20, 9:55:21:308 EDT] 0000002d com.ibm.ws.util                                              I SESN0172I: The session manager is using the Java default SecureRandom implementation for session ID generation.
[5/22/20, 9:55:21:326 EDT] 00000030 com.ibm.ws.cache.CacheServiceImpl                            I DYNA1056I: Dynamic Cache (object cache) initialized successfully.
[5/22/20, 9:55:21:333 EDT] 0000002f com.ibm.ws.util                                              I SESN0172I: The session manager is using the Java default SecureRandom implementation for session ID generation.
[5/22/20, 9:55:21:375 EDT] 0000002b com.ibm.ws.util                                              I SESN0172I: The session manager is using the Java default SecureRandom implementation for session ID generation.
[5/22/20, 9:55:21:405 EDT] 0000002e com.ibm.ws.security.token.ltpa.internal.LTPAKeyInfoManager   A CWWKS4104A: LTPA keys created in 3.102 seconds. LTPA key file: C:/Users/Steve/Documents/git/Swarm/target/liberty/wlp/usr/servers/LibertySwarm/resources/security/ltpa.keys
[5/22/20, 9:55:21:426 EDT] 0000002e com.ibm.ws.security.token.ltpa.internal.LTPAKeyCreateTask    I CWWKS4105I: LTPA configuration is ready after 3.128 seconds.
[5/22/20, 9:55:21:623 EDT] 00000030 com.ibm.ws.session.WASSessionCore                            I SESN0176I: A new session context will be created for application key default_host/health
[5/22/20, 9:55:21:624 EDT] 00000030 com.ibm.ws.util                                              I SESN0172I: The session manager is using the Java default SecureRandom implementation for session ID generation.
[5/22/20, 9:55:21:974 EDT] 0000002b com.ibm.ws.webcontainer.servlet                              I SRVE0242I: [com.ibm.ws.microprofile.metrics.private] [/metrics] [PrivateMetricsRESTProxyServlet]: Initialization successful.
[5/22/20, 9:55:21:997 EDT] 0000002a com.ibm.ws.webcontainer.servlet                              I SRVE0242I: [com.ibm.ws.microprofile.openapi] [/openapi] [OpenAPIServlet]: Initialization successful.
[5/22/20, 9:55:22:019 EDT] 00000030 com.ibm.ws.webcontainer.servlet                              I SRVE0242I: [com.ibm.ws.microprofile.health.2.0] [/health] [HealthCheckReadinessServlet]: Initialization successful.
[5/22/20, 9:55:22:023 EDT] 00000030 com.ibm.ws.webcontainer.servlet                              I SRVE0242I: [com.ibm.ws.microprofile.health.2.0] [/health] [HealthCheckServlet]: Initialization successful.
[5/22/20, 9:55:22:027 EDT] 00000030 com.ibm.ws.webcontainer.servlet                              I SRVE0242I: [com.ibm.ws.microprofile.health.2.0] [/health] [HealthCheckLivenessServlet]: Initialization successful.
[5/22/20, 9:55:23:277 EDT] 00000029 com.ibm.ws.microprofile.openapi.ApplicationProcessor         I CWWKO1660I: The application Swarm was processed and an OpenAPI document was produced.
[5/22/20, 9:55:23:326 EDT] 00000029 org.jboss.weld.Version                                       I WELD-000900: 3.1.4 (Final)
[5/22/20, 9:55:23:377 EDT] 00000024 com.ibm.ws.ssl.config.WSKeyStore                             A CWPKI0803A: SSL certificate created in 5.104 seconds. SSL key file: C:/Users/Steve/Documents/git/Swarm/target/liberty/wlp/usr/servers/LibertySwarm/resources/security/key.p12
[5/22/20, 9:55:23:378 EDT] 00000024 com.ibm.ws.ssl.config.WSKeyStore                             I Successfully loaded default keystore: C:/Users/Steve/Documents/git/Swarm/target/liberty/wlp/usr/servers/LibertySwarm/resources/security/key.p12 of type: PKCS12
[5/22/20, 9:55:23:529 EDT] 0000002e com.ibm.ws.webcontainer.osgi.mbeans.PluginGenerator          I SRVE9103I: A configuration file for a web server plugin was automatically generated for this server at C:\Users\Steve\Documents\git\Swarm\target\liberty\wlp\usr\servers\LibertySwarm\logs\state\plugin-cfg.xml.
[5/22/20, 9:55:24:071 EDT] 00000029 com.ibm.ws.webcontainer.osgi.webapp.WebGroup                 I SRVE0169I: Loading Web Module: Swarm.
[5/22/20, 9:55:24:071 EDT] 00000029 com.ibm.ws.webcontainer                                      I SRVE0250I: Web Module Swarm has been bound to default_host.
[5/22/20, 9:55:24:071 EDT] 00000029 com.ibm.ws.http.internal.VirtualHostImpl                     A CWWKT0016I: Web application available (default_host): http://hubris.home:9081/Swarm/
[5/22/20, 9:55:24:084 EDT] 0000002b com.ibm.ws.session.WASSessionCore                            I SESN0176I: A new session context will be created for application key default_host/Swarm
[5/22/20, 9:55:24:085 EDT] 0000002b com.ibm.ws.util                                              I SESN0172I: The session manager is using the Java default SecureRandom implementation for session ID generation.
[5/22/20, 9:55:24:092 EDT] 00000029 com.ibm.ws.app.manager.AppMessageHelper                      A CWWKZ0001I: Application Swarm started in 3.082 seconds.
[5/22/20, 9:55:24:129 EDT] 00000028 com.ibm.ws.tcpchannel.internal.TCPPort                       I CWWKO0219I: TCP Channel defaultHttpEndpoint has been started and is now listening for requests on host *  (IPv6) port 9081.
[5/22/20, 9:55:24:131 EDT] 00000028 com.ibm.ws.tcpchannel.internal.TCPPort                       I CWWKO0219I: TCP Channel defaultHttpEndpoint-ssl has been started and is now listening for requests on host *  (IPv6) port 9445.
[5/22/20, 9:55:24:225 EDT] 00000028 com.ibm.ws.kernel.feature.internal.FeatureManager            A CWWKF0012I: The server installed the following features: [appSecurity-2.0, cdi-2.0, concurrent-1.0, distributedMap-1.0, jaxrs-2.1, jaxrsClient-2.1, jndi-1.0, json-1.0, jsonb-1.0, jsonp-1.1, jwt-1.0, microProfile-3.2, mpConfig-1.3, mpFaultTolerance-2.0, mpHealth-2.1, mpJwt-1.1, mpMetrics-2.2, mpOpenAPI-1.1, mpOpenTracing-1.3, mpRestClient-1.3, opentracing-1.3, servlet-4.0, ssl-1.0].
[5/22/20, 9:55:24:227 EDT] 00000028 com.ibm.ws.kernel.feature.internal.FeatureManager            I CWWKF0008I: Feature update completed in 17.545 seconds.
[5/22/20, 9:55:24:229 EDT] 00000028 com.ibm.ws.kernel.feature.internal.FeatureManager            A CWWKF0011I: The LibertySwarm server is ready to run a smarter planet. The LibertySwarm server started in 21.811 seconds.
[5/22/20, 9:55:24:390 EDT] 0000003e com.ibm.ws.webcontainer.osgi.mbeans.PluginGenerator          I SRVE9103I: A configuration file for a web server plugin was automatically generated for this server at C:\Users\Steve\Documents\git\Swarm\target\liberty\wlp\usr\servers\LibertySwarm\logs\state\plugin-cfg.xml.
[5/22/20, 9:55:40:847 EDT] 00000042 .apache.cxf.cxf.core.3.2:1.0.40.cl200520200429-1655(id=175)] I Setting the server's publish address to be /
[5/22/20, 9:55:40:951 EDT] 00000042 com.ibm.ws.webcontainer.servlet                              I SRVE0242I: [Swarm] [/Swarm] [ServerBoardApplication]: Initialization successful.
[5/22/20, 9:55:41:029 EDT] 00000042 xf.rt.frontend.jaxrs.3.2:1.0.40.cl200520200429-1655(id=182)] W javax.ws.rs.ClientErrorException: HTTP 405 Method Not Allowed
	at org.apache.cxf.jaxrs.utils.SpecExceptions.toHttpException(SpecExceptions.java:117)
	at org.apache.cxf.jaxrs.utils.ExceptionUtils.toHttpException(ExceptionUtils.java:167)
	at org.apache.cxf.jaxrs.utils.JAXRSUtils.findTargetMethod(JAXRSUtils.java:561)
	at org.apache.cxf.jaxrs.interceptor.JAXRSInInterceptor.processRequest(JAXRSInInterceptor.java:251)
	at org.apache.cxf.jaxrs.interceptor.JAXRSInInterceptor.handleMessage(JAXRSInInterceptor.java:87)
	at org.apache.cxf.phase.PhaseInterceptorChain.doIntercept(PhaseInterceptorChain.java:316)
	at org.apache.cxf.transport.ChainInitiationObserver.onMessage(ChainInitiationObserver.java:123)
	at org.apache.cxf.transport.http.AbstractHTTPDestination.invoke(AbstractHTTPDestination.java:273)
	at com.ibm.ws.jaxrs20.endpoint.AbstractJaxRsWebEndpoint.invoke(AbstractJaxRsWebEndpoint.java:136)
	at com.ibm.websphere.jaxrs.server.IBMRestServlet.handleRequest(IBMRestServlet.java:146)
	at com.ibm.websphere.jaxrs.server.IBMRestServlet.doPost(IBMRestServlet.java:104)
	at javax.servlet.http.HttpServlet.service(HttpServlet.java:706)
	at com.ibm.websphere.jaxrs.server.IBMRestServlet.service(IBMRestServlet.java:96)
	at com.ibm.ws.webcontainer.servlet.ServletWrapper.service(ServletWrapper.java:1230)
	at com.ibm.ws.webcontainer.servlet.ServletWrapper.handleRequest(ServletWrapper.java:729)
	at com.ibm.ws.webcontainer.servlet.ServletWrapper.handleRequest(ServletWrapper.java:426)
	at com.ibm.ws.webcontainer.filter.WebAppFilterManager.invokeFilters(WebAppFilterManager.java:1226)
	at com.ibm.ws.webcontainer.webapp.WebApp.handleRequest(WebApp.java:5021)
	at com.ibm.ws.webcontainer.osgi.DynamicVirtualHost$2.handleRequest(DynamicVirtualHost.java:314)
	at com.ibm.ws.webcontainer.WebContainer.handleRequest(WebContainer.java:1007)
	at com.ibm.ws.webcontainer.osgi.DynamicVirtualHost$2.run(DynamicVirtualHost.java:279)
	at com.ibm.ws.http.dispatcher.internal.channel.HttpDispatcherLink$TaskWrapper.run(HttpDispatcherLink.java:1134)
	at com.ibm.ws.http.dispatcher.internal.channel.HttpDispatcherLink.wrapHandlerAndExecute(HttpDispatcherLink.java:415)
	at com.ibm.ws.http.dispatcher.internal.channel.HttpDispatcherLink.ready(HttpDispatcherLink.java:374)
	at com.ibm.ws.http.channel.internal.inbound.HttpInboundLink.handleDiscrimination(HttpInboundLink.java:551)
	at com.ibm.ws.http.channel.internal.inbound.HttpInboundLink.handleNewRequest(HttpInboundLink.java:484)
	at com.ibm.ws.http.channel.internal.inbound.HttpInboundLink.processRequest(HttpInboundLink.java:346)
	at com.ibm.ws.http.channel.internal.inbound.HttpInboundLink.ready(HttpInboundLink.java:317)
	at com.ibm.ws.tcpchannel.internal.NewConnectionInitialReadCallback.sendToDiscriminators(NewConnectionInitialReadCallback.java:167)
	at com.ibm.ws.tcpchannel.internal.NewConnectionInitialReadCallback.complete(NewConnectionInitialReadCallback.java:75)
	at com.ibm.ws.tcpchannel.internal.WorkQueueManager.requestComplete(WorkQueueManager.java:504)
	at com.ibm.ws.tcpchannel.internal.WorkQueueManager.attemptIO(WorkQueueManager.java:574)
	at com.ibm.ws.tcpchannel.internal.WorkQueueManager.workerRun(WorkQueueManager.java:958)
	at com.ibm.ws.tcpchannel.internal.WorkQueueManager$Worker.run(WorkQueueManager.java:1047)
	at com.ibm.ws.threading.internal.ExecutorServiceImpl$RunnableWrapper.run(ExecutorServiceImpl.java:239)
	at java.base/java.util.concurrent.ThreadPoolExecutor.runWorker(ThreadPoolExecutor.java:1128)
	at java.base/java.util.concurrent.ThreadPoolExecutor$Worker.run(ThreadPoolExecutor.java:628)
	at java.base/java.lang.Thread.run(Thread.java:834)

[5/22/20, 9:55:50:371 EDT] 0000004c com.ibm.ws.opentracing.OpentracingUserFeatureAccessService   W CWMOT0010W: OpenTracing cannot track JAX-RS requests because an OpentracingTracerFactory class was not provided or client libraries for tracing backend are not in the class path.
[5/22/20, 9:58:10:629 EDT] 0000001a com.ibm.ws.kernel.launch.internal.ServerCommandListener      A CWWKE0055I: Server shutdown requested on Friday, May 22, 2020 at 9:58 AM. The server LibertySwarm is shutting down.
[5/22/20, 9:58:10:634 EDT] 000000a7 com.ibm.ws.runtime.update.internal.RuntimeUpdateManagerImpl  A CWWKE1100I: Waiting for up to 30 seconds for the server to quiesce.
[5/22/20, 9:58:10:642 EDT] 0000009b com.ibm.ws.tcpchannel.internal.TCPChannel                    I CWWKO0220I: TCP Channel defaultHttpEndpoint-ssl has stopped listening for requests on host *  (IPv6) port 9445.
[5/22/20, 9:58:10:645 EDT] 0000009b com.ibm.ws.tcpchannel.internal.TCPChannel                    I CWWKO0220I: TCP Channel defaultHttpEndpoint has stopped listening for requests on host *  (IPv6) port 9081.
[5/22/20, 9:58:10:646 EDT] 0000009b com.ibm.ws.http.internal.VirtualHostImpl                     A CWWKT0017I: Web application removed (default_host): http://hubris.home:9081/jwt/
[5/22/20, 9:58:10:646 EDT] 0000009b com.ibm.ws.http.internal.VirtualHostImpl                     A CWWKT0017I: Web application removed (default_host): http://hubris.home:9081/openapi/ui/
[5/22/20, 9:58:10:648 EDT] 0000009b com.ibm.ws.http.internal.VirtualHostImpl                     A CWWKT0017I: Web application removed (default_host): http://hubris.home:9081/metrics/
[5/22/20, 9:58:10:648 EDT] 0000009b com.ibm.ws.http.internal.VirtualHostImpl                     A CWWKT0017I: Web application removed (default_host): http://hubris.home:9081/health/
[5/22/20, 9:58:10:649 EDT] 0000009b com.ibm.ws.http.internal.VirtualHostImpl                     A CWWKT0017I: Web application removed (default_host): http://hubris.home:9081/openapi/
[5/22/20, 9:58:10:649 EDT] 0000009b com.ibm.ws.http.internal.VirtualHostImpl                     A CWWKT0017I: Web application removed (default_host): http://hubris.home:9081/ibm/api/
[5/22/20, 9:58:10:650 EDT] 0000009b com.ibm.ws.http.internal.VirtualHostImpl                     A CWWKT0017I: Web application removed (default_host): http://hubris.home:9081/Swarm/
[5/22/20, 9:58:11:658 EDT] 000000a7 com.ibm.ws.runtime.update.internal.RuntimeUpdateManagerImpl  I CWWKE1101I: Server quiesce complete.
[5/22/20, 9:58:11:702 EDT] 000000a3 com.ibm.ws.webcontainer.servlet                              I SRVE0253I: [Swarm] [/Swarm] [ServerBoardApplication]: Destroy successful.
[5/22/20, 9:58:11:712 EDT] 000000a3 com.ibm.ws.app.manager.AppMessageHelper                      A CWWKZ0009I: The application Swarm has stopped successfully.
[5/22/20, 9:58:11:753 EDT] 000000a7 com.ibm.ws.webcontainer.servlet                              I SRVE0253I: [com.ibm.ws.microprofile.metrics.private] [/metrics] [PrivateMetricsRESTProxyServlet]: Destroy successful.
[5/22/20, 9:58:11:757 EDT] 000000a7 com.ibm.ws.webcontainer.servlet                              I SRVE0253I: [com.ibm.ws.microprofile.health.2.0] [/health] [HealthCheckReadinessServlet]: Destroy successful.
[5/22/20, 9:58:11:757 EDT] 000000a7 com.ibm.ws.webcontainer.servlet                              I SRVE0253I: [com.ibm.ws.microprofile.health.2.0] [/health] [HealthCheckLivenessServlet]: Destroy successful.
[5/22/20, 9:58:11:759 EDT] 000000a7 com.ibm.ws.webcontainer.servlet                              I SRVE0253I: [com.ibm.ws.microprofile.health.2.0] [/health] [HealthCheckServlet]: Destroy successful.
[5/22/20, 9:58:11:763 EDT] 000000a7 com.ibm.ws.webcontainer.servlet                              I SRVE0253I: [com.ibm.ws.microprofile.openapi] [/openapi] [OpenAPIServlet]: Destroy successful.
[5/22/20, 9:58:12:062 EDT] 000000a7 .ws.security.mp.jwt.v11.config.impl.MpConfigProxyServiceImpl I CWWKS5777I: The MicroProfile JWT version 1.1 mpConfigProxy deactivated successfully.
[5/22/20, 9:58:12:066 EDT] 000000a7 com.ibm.ws.security.mp.jwt.impl.MicroProfileJwtConfigImpl    I CWWKS5502I: The MicroProfile JWT configuration [defaultMpJwt] was successfully deactivated.
[5/22/20, 9:58:12:068 EDT] 000000a7 com.ibm.ws.security.mp.jwt.impl.MicroProfileJwtServiceImpl   I CWWKS5502I: The MicroProfile JWT configuration [MicroProfileJwtService] was successfully deactivated.
[5/22/20, 9:58:12:194 EDT] 000000a7 com.ibm.ws.security.ready.internal.SecurityReadyServiceImpl  I CWWKS0009I: The security service has stopped.
[5/22/20, 9:58:12:234 EDT] 000000a7 ibm.ws.security.authentication.internal.jaas.JAASServiceImpl I CWWKS1124I: The collective authentication plugin with class name NullCollectiveAuthenticationPlugin has been deactivated. 
[5/22/20, 9:58:12:865 EDT] 00000001 com.ibm.ws.kernel.launch.internal.FrameworkManager           A CWWKE0036I: The server LibertySwarm stopped after 3 minutes, 10.447 seconds.
