********************************************************************************
product = Open Liberty 20.0.0.4 (wlp-1.0.39.cl200420200401-1714)
wlp.install.dir = C:/Users/Steve/Documents/git/Swarm/target/liberty/wlp/
java.home = C:\Program Files\AdoptOpenJDK\jdk-11.0.6.10-openj9
java.version = 11.0.6
java.runtime = OpenJDK Runtime Environment (11.0.6+10)
os = Windows 10 (10.0; amd64) (en_US)
process = 1856@Hubris
********************************************************************************
[4/17/20, 11:55:11:077 EDT] 00000001 com.ibm.ws.kernel.launch.internal.FrameworkManager           A CWWKE0001I: The server LibertySwarm has been launched.
[4/17/20, 11:55:12:773 EDT] 0000001d com.ibm.ws.config.xml.internal.ServerXMLConfiguration        A CWWKG0093A: Processing configuration drop-ins resource: C:\Users\Steve\Documents\git\Swarm\target\liberty\wlp\usr\servers\LibertySwarm\configDropins\overrides\liberty-plugin-variable-config.xml
[4/17/20, 11:55:13:073 EDT] 00000001 com.ibm.ws.kernel.launch.internal.FrameworkManager           I CWWKE0002I: The kernel started after 2.455 seconds
[4/17/20, 11:55:13:134 EDT] 00000028 com.ibm.ws.kernel.feature.internal.FeatureManager            I CWWKF0007I: Feature update started.
[4/17/20, 11:55:13:781 EDT] 00000020 .apache.cxf.cxf.core.3.2:1.0.39.cl200420200401-1714(id=175)] I Aries Blueprint packages not available. So namespaces will not be registered
[4/17/20, 11:55:13:787 EDT] 00000020 .apache.cxf.cxf.core.3.2:1.0.39.cl200420200401-1714(id=175)] I Aries Blueprint packages not available. So namespaces will not be registered
[4/17/20, 11:55:13:859 EDT] 0000001c com.ibm.ws.security.ready.internal.SecurityReadyServiceImpl  I CWWKS0007I: The security service is starting...
[4/17/20, 11:55:14:197 EDT] 00000020 com.ibm.ws.annocache.service                                 I OSGi Work Path [ C:\Users\Steve\Documents\git\Swarm\target\liberty\wlp\usr\servers\LibertySwarm\workarea\org.eclipse.osgi\41\data ]
[4/17/20, 11:55:14:272 EDT] 0000001f com.ibm.ws.app.manager.internal.monitor.DropinMonitor        A CWWKZ0058I: Monitoring dropins for applications.
[4/17/20, 11:55:14:837 EDT] 0000001f com.ibm.ws.cache.ServerCache                                 I DYNA1001I: WebSphere Dynamic Cache instance named baseCache initialized successfully.
[4/17/20, 11:55:14:842 EDT] 0000001f com.ibm.ws.cache.ServerCache                                 I DYNA1071I: The cache provider default is being used.
[4/17/20, 11:55:14:845 EDT] 0000001f com.ibm.ws.cache.CacheServiceImpl                            I DYNA1056I: Dynamic Cache (object cache) initialized successfully.
[4/17/20, 11:55:15:857 EDT] 00000024 com.ibm.ws.ssl.config.WSKeyStore                             A CWPKI0820A: The default keystore has been created using the 'keystore_password' environment variable.
[4/17/20, 11:55:15:988 EDT] 0000002e com.ibm.ws.security.token.ltpa.internal.LTPAKeyCreateTask    I CWWKS4105I: LTPA configuration is ready after 0.093 seconds.
[4/17/20, 11:55:15:985 EDT] 0000001c ibm.ws.security.authentication.internal.jaas.JAASServiceImpl I CWWKS1123I: The collective authentication plugin with class name NullCollectiveAuthenticationPlugin has been activated. 
[4/17/20, 11:55:16:344 EDT] 00000024 com.ibm.ws.ssl.config.WSKeyStore                             I Successfully loaded default keystore: C:/Users/Steve/Documents/git/Swarm/target/liberty/wlp/usr/servers/LibertySwarm/resources/security/key.p12 of type: PKCS12
[4/17/20, 11:55:16:537 EDT] 0000001c com.ibm.ws.security.jwt.internal.ConsumerImpl                I CWWKS6012I: The JSON Web Token (JWT) consumer service is available.
[4/17/20, 11:55:16:565 EDT] 0000001c com.ibm.ws.security.jwt.web.JwtEndpointServices              I CWWKS6002I: The JSON Web Token (JWT) endpoint service is available.
[4/17/20, 11:55:16:597 EDT] 0000001c .ws.security.mp.jwt.v11.config.impl.MpConfigProxyServiceImpl I CWWKS5775I: The MicroProfile JWT version 1.1 mpConfigProxy processed successfully.
[4/17/20, 11:55:16:614 EDT] 0000001c com.ibm.ws.security.mp.jwt.impl.MicroProfileJwtConfigImpl    I CWWKS5500I: The MicroProfile JWT configuration [defaultMpJwt] was successfully processed.
[4/17/20, 11:55:16:620 EDT] 0000001c com.ibm.ws.security.mp.jwt.impl.MicroProfileJwtServiceImpl   I CWWKS5500I: The MicroProfile JWT configuration [MicroProfileJwtService] was successfully processed.
[4/17/20, 11:55:16:846 EDT] 0000001c com.ibm.ws.session.WASSessionCore                            I SESN8501I: The session manager did not find a persistent storage location; HttpSession objects will be stored in the local application server's memory.
[4/17/20, 11:55:17:575 EDT] 00000029 com.ibm.ws.app.manager.AppMessageHelper                      I CWWKZ0018I: Starting application Swarm.
[4/17/20, 11:55:17:577 EDT] 00000029 bm.ws.app.manager.war.internal.WARDeployedAppInfoFactoryImpl I CWWKZ0134I: The Swarm application is using the loose application definition at the C:\Users\Steve\Documents\git\Swarm\target\liberty\wlp\usr\servers\LibertySwarm\dropins\Swarm.war.xml location.
[4/17/20, 11:55:18:103 EDT] 0000003c com.ibm.ws.webcontainer.osgi.webapp.WebGroup                 I SRVE0169I: Loading Web Module: OpenAPIUI.
[4/17/20, 11:55:18:119 EDT] 0000003c com.ibm.ws.webcontainer                                      I SRVE0250I: Web Module OpenAPIUI has been bound to default_host.
[4/17/20, 11:55:18:148 EDT] 0000003c com.ibm.ws.http.internal.VirtualHostImpl                     A CWWKT0016I: Web application available (default_host): http://hubris.home:9081/openapi/ui/
[4/17/20, 11:55:18:175 EDT] 0000002e com.ibm.ws.webcontainer.osgi.webapp.WebGroup                 I SRVE0169I: Loading Web Module: ibm/api.
[4/17/20, 11:55:18:176 EDT] 0000002e com.ibm.ws.webcontainer                                      I SRVE0250I: Web Module ibm/api has been bound to default_host.
[4/17/20, 11:55:18:176 EDT] 0000002e com.ibm.ws.http.internal.VirtualHostImpl                     A CWWKT0016I: Web application available (default_host): http://hubris.home:9081/ibm/api/
[4/17/20, 11:55:18:181 EDT] 0000002d com.ibm.ws.webcontainer.osgi.webapp.WebGroup                 I SRVE0169I: Loading Web Module: health.
[4/17/20, 11:55:18:181 EDT] 0000002d com.ibm.ws.webcontainer                                      I SRVE0250I: Web Module health has been bound to default_host.
[4/17/20, 11:55:18:182 EDT] 0000002d com.ibm.ws.http.internal.VirtualHostImpl                     A CWWKT0016I: Web application available (default_host): http://hubris.home:9081/health/
[4/17/20, 11:55:18:184 EDT] 00000031 com.ibm.ws.webcontainer.osgi.webapp.WebGroup                 I SRVE0169I: Loading Web Module: PrivateMicroProfileMetrics.
[4/17/20, 11:55:18:185 EDT] 00000031 com.ibm.ws.webcontainer                                      I SRVE0250I: Web Module PrivateMicroProfileMetrics has been bound to default_host.
[4/17/20, 11:55:18:186 EDT] 00000031 com.ibm.ws.http.internal.VirtualHostImpl                     A CWWKT0016I: Web application available (default_host): http://hubris.home:9081/metrics/
[4/17/20, 11:55:18:229 EDT] 0000003a com.ibm.ws.webcontainer.osgi.webapp.WebGroup                 I SRVE0169I: Loading Web Module: com.ibm.ws.security.jwt.
[4/17/20, 11:55:18:236 EDT] 0000003a com.ibm.ws.webcontainer                                      I SRVE0250I: Web Module com.ibm.ws.security.jwt has been bound to default_host.
[4/17/20, 11:55:18:237 EDT] 0000003a com.ibm.ws.http.internal.VirtualHostImpl                     A CWWKT0016I: Web application available (default_host): http://hubris.home:9081/jwt/
[4/17/20, 11:55:18:425 EDT] 0000003b com.ibm.ws.webcontainer.osgi.webapp.WebGroup                 I SRVE0169I: Loading Web Module: MicroProfileOpenAPI.
[4/17/20, 11:55:18:426 EDT] 0000003b com.ibm.ws.webcontainer                                      I SRVE0250I: Web Module MicroProfileOpenAPI has been bound to default_host.
[4/17/20, 11:55:18:427 EDT] 0000003b com.ibm.ws.http.internal.VirtualHostImpl                     A CWWKT0016I: Web application available (default_host): http://hubris.home:9081/openapi/
[4/17/20, 11:55:18:477 EDT] 0000002b com.ibm.ws.session.WASSessionCore                            I SESN0176I: A new session context will be created for application key default_host/openapi/ui
[4/17/20, 11:55:18:479 EDT] 0000003b com.ibm.ws.session.WASSessionCore                            I SESN0176I: A new session context will be created for application key default_host/openapi
[4/17/20, 11:55:18:479 EDT] 0000002d com.ibm.ws.session.WASSessionCore                            I SESN0176I: A new session context will be created for application key default_host/jwt
[4/17/20, 11:55:18:480 EDT] 00000039 com.ibm.ws.session.WASSessionCore                            I SESN0176I: A new session context will be created for application key default_host/ibm/api
[4/17/20, 11:55:18:480 EDT] 00000030 com.ibm.ws.session.WASSessionCore                            I SESN0176I: A new session context will be created for application key default_host/health
[4/17/20, 11:55:18:481 EDT] 0000003c com.ibm.ws.session.WASSessionCore                            I SESN0176I: A new session context will be created for application key default_host/metrics
[4/17/20, 11:55:18:492 EDT] 0000002b com.ibm.ws.util                                              I SESN0172I: The session manager is using the Java default SecureRandom implementation for session ID generation.
[4/17/20, 11:55:18:512 EDT] 0000003b com.ibm.ws.util                                              I SESN0172I: The session manager is using the Java default SecureRandom implementation for session ID generation.
[4/17/20, 11:55:18:516 EDT] 00000030 com.ibm.ws.util                                              I SESN0172I: The session manager is using the Java default SecureRandom implementation for session ID generation.
[4/17/20, 11:55:18:520 EDT] 00000039 com.ibm.ws.util                                              I SESN0172I: The session manager is using the Java default SecureRandom implementation for session ID generation.
[4/17/20, 11:55:18:523 EDT] 0000002d com.ibm.ws.util                                              I SESN0172I: The session manager is using the Java default SecureRandom implementation for session ID generation.
[4/17/20, 11:55:18:525 EDT] 0000003c com.ibm.ws.util                                              I SESN0172I: The session manager is using the Java default SecureRandom implementation for session ID generation.
[4/17/20, 11:55:18:543 EDT] 0000002b com.ibm.ws.cache.CacheServiceImpl                            I DYNA1056I: Dynamic Cache (object cache) initialized successfully.
[4/17/20, 11:55:18:840 EDT] 0000003b com.ibm.ws.webcontainer.servlet                              I SRVE0242I: [com.ibm.ws.microprofile.openapi] [/openapi] [OpenAPIServlet]: Initialization successful.
[4/17/20, 11:55:18:862 EDT] 0000003c com.ibm.ws.webcontainer.servlet                              I SRVE0242I: [com.ibm.ws.microprofile.metrics.private] [/metrics] [PrivateMetricsRESTProxyServlet]: Initialization successful.
[4/17/20, 11:55:18:874 EDT] 00000030 com.ibm.ws.webcontainer.servlet                              I SRVE0242I: [com.ibm.ws.microprofile.health.2.0] [/health] [HealthCheckReadinessServlet]: Initialization successful.
[4/17/20, 11:55:18:878 EDT] 00000030 com.ibm.ws.webcontainer.servlet                              I SRVE0242I: [com.ibm.ws.microprofile.health.2.0] [/health] [HealthCheckServlet]: Initialization successful.
[4/17/20, 11:55:18:882 EDT] 00000030 com.ibm.ws.webcontainer.servlet                              I SRVE0242I: [com.ibm.ws.microprofile.health.2.0] [/health] [HealthCheckLivenessServlet]: Initialization successful.
[4/17/20, 11:55:19:361 EDT] 00000029 com.ibm.ws.microprofile.openapi.ApplicationProcessor         I CWWKO1660I: The application Swarm was processed and an OpenAPI document was produced.
[4/17/20, 11:55:19:424 EDT] 00000029 org.jboss.weld.Version                                       I WELD-000900: 3.1.1 (Final)
[4/17/20, 11:55:19:593 EDT] 0000002e com.ibm.ws.webcontainer.osgi.mbeans.PluginGenerator          I SRVE9103I: A configuration file for a web server plugin was automatically generated for this server at C:\Users\Steve\Documents\git\Swarm\target\liberty\wlp\usr\servers\LibertySwarm\logs\state\plugin-cfg.xml.
[4/17/20, 11:55:20:500 EDT] 00000029 com.ibm.ws.webcontainer.osgi.webapp.WebGroup                 I SRVE0169I: Loading Web Module: Swarm.
[4/17/20, 11:55:20:502 EDT] 00000029 com.ibm.ws.webcontainer                                      I SRVE0250I: Web Module Swarm has been bound to default_host.
[4/17/20, 11:55:20:502 EDT] 00000029 com.ibm.ws.http.internal.VirtualHostImpl                     A CWWKT0016I: Web application available (default_host): http://hubris.home:9081/Swarm/
[4/17/20, 11:55:20:508 EDT] 00000029 com.ibm.ws.app.manager.AppMessageHelper                      A CWWKZ0001I: Application Swarm started in 2.934 seconds.
[4/17/20, 11:55:20:515 EDT] 00000029 com.ibm.ws.session.WASSessionCore                            I SESN0176I: A new session context will be created for application key default_host/Swarm
[4/17/20, 11:55:20:516 EDT] 00000029 com.ibm.ws.util                                              I SESN0172I: The session manager is using the Java default SecureRandom implementation for session ID generation.
[4/17/20, 11:55:20:593 EDT] 00000028 com.ibm.ws.tcpchannel.internal.TCPPort                       I CWWKO0219I: TCP Channel defaultHttpEndpoint has been started and is now listening for requests on host *  (IPv6) port 9081.
[4/17/20, 11:55:20:600 EDT] 00000028 com.ibm.ws.tcpchannel.internal.TCPPort                       I CWWKO0219I: TCP Channel defaultHttpEndpoint-ssl has been started and is now listening for requests on host *  (IPv6) port 9445.
[4/17/20, 11:55:20:624 EDT] 00000028 com.ibm.ws.kernel.feature.internal.FeatureManager            A CWWKF0012I: The server installed the following features: [appSecurity-2.0, cdi-2.0, concurrent-1.0, distributedMap-1.0, jaxrs-2.1, jaxrsClient-2.1, jndi-1.0, json-1.0, jsonb-1.0, jsonp-1.1, jwt-1.0, microProfile-3.2, mpConfig-1.3, mpFaultTolerance-2.0, mpHealth-2.1, mpJwt-1.1, mpMetrics-2.2, mpOpenAPI-1.1, mpOpenTracing-1.3, mpRestClient-1.3, opentracing-1.3, servlet-4.0, ssl-1.0].
[4/17/20, 11:55:20:626 EDT] 00000028 com.ibm.ws.kernel.feature.internal.FeatureManager            I CWWKF0008I: Feature update completed in 7.555 seconds.
[4/17/20, 11:55:20:627 EDT] 00000028 com.ibm.ws.kernel.feature.internal.FeatureManager            A CWWKF0011I: The LibertySwarm server is ready to run a smarter planet. The LibertySwarm server started in 10.013 seconds.
[4/17/20, 11:55:20:814 EDT] 0000003a com.ibm.ws.webcontainer.osgi.mbeans.PluginGenerator          I SRVE9103I: A configuration file for a web server plugin was automatically generated for this server at C:\Users\Steve\Documents\git\Swarm\target\liberty\wlp\usr\servers\LibertySwarm\logs\state\plugin-cfg.xml.
[4/17/20, 11:55:31:113 EDT] 00000040 .apache.cxf.cxf.core.3.2:1.0.39.cl200420200401-1714(id=175)] I Setting the server's publish address to be /
[4/17/20, 11:55:31:226 EDT] 00000040 com.ibm.ws.webcontainer.servlet                              I SRVE0242I: [Swarm] [/Swarm] [ServerBoardApplication]: Initialization successful.
[4/17/20, 11:55:31:330 EDT] 00000040 com.ibm.ws.opentracing.OpentracingUserFeatureAccessService   W CWMOT0010W: OpenTracing cannot track JAX-RS requests because an OpentracingTracerFactory class was not provided or client libraries for tracing backend are not in the class path.
[4/17/20, 11:55:31:937 EDT] 00000040 com.ibm.ws.logging.internal.impl.IncidentImpl                I FFDC1015I: An FFDC Incident has been created: "java.lang.reflect.InvocationTargetException org.apache.cxf.jaxrs.lifecycle.PerRequestResourceProvider 107" at ffdc_20.04.17_11.55.31.0.log
[4/17/20, 11:55:31:977 EDT] 00000040 com.ibm.ws.opentracing.OpentracingContainerFilter            W CWMOT0009W: The OpenTracing exception mapper detected and is handling an unhandled exception from the JAX-RS application. 
                                                                                                               com.mysql.jdbc.exceptions.jdbc4.MySQLNonTransientConnectionException: Could not create connection to database server.
	at jdk.internal.reflect.GeneratedConstructorAccessor524.newInstance(Unknown Source)
	at java.base/java.lang.reflect.Constructor.newInstance(Constructor.java:490)
	at com.mysql.jdbc.Util.handleNewInstance(Util.java:400)
	at com.mysql.jdbc.Util.getInstance(Util.java:383)
	at com.mysql.jdbc.SQLError.createSQLException(SQLError.java:958)
	at com.mysql.jdbc.SQLError.createSQLException(SQLError.java:937)
	at com.mysql.jdbc.SQLError.createSQLException(SQLError.java:926)
	at com.mysql.jdbc.SQLError.createSQLException(SQLError.java:872)
	at com.mysql.jdbc.ConnectionImpl.connectOneTryOnly(ConnectionImpl.java:2326)
	at com.mysql.jdbc.ConnectionImpl.createNewIO(ConnectionImpl.java:2079)
	at com.mysql.jdbc.ConnectionImpl.<init>(ConnectionImpl.java:794)
	at com.mysql.jdbc.JDBC4Connection.<init>(JDBC4Connection.java:44)
	at jdk.internal.reflect.GeneratedConstructorAccessor521.newInstance(Unknown Source)
	at java.base/java.lang.reflect.Constructor.newInstance(Constructor.java:490)
	at com.mysql.jdbc.Util.handleNewInstance(Util.java:400)
	at com.mysql.jdbc.ConnectionImpl.getInstance(ConnectionImpl.java:399)
	at com.mysql.jdbc.NonRegisteringDriver.connect(NonRegisteringDriver.java:325)
	at java.sql/java.sql.DriverManager.getConnection(DriverManager.java:677)
	at java.sql/java.sql.DriverManager.getConnection(DriverManager.java:251)
	at ServerBoard.<init>(ServerBoard.java:44)
	at jdk.internal.reflect.GeneratedConstructorAccessor518.newInstance(Unknown Source)
	at java.base/java.lang.reflect.Constructor.newInstance(Constructor.java:490)
	at org.apache.cxf.jaxrs.lifecycle.PerRequestResourceProvider.createInstance(PerRequestResourceProvider.java:94)
	at org.apache.cxf.jaxrs.lifecycle.PerRequestResourceProvider.getInstance(PerRequestResourceProvider.java:84)
	at org.apache.cxf.jaxrs.JAXRSInvoker.getServiceObject(JAXRSInvoker.java:467)
	at org.apache.cxf.jaxrs.JAXRSInvoker.invoke(JAXRSInvoker.java:108)
	at org.apache.cxf.interceptor.ServiceInvokerInterceptor$1.run(ServiceInvokerInterceptor.java:61)
	at org.apache.cxf.interceptor.ServiceInvokerInterceptor.handleMessage(ServiceInvokerInterceptor.java:99)
	at org.apache.cxf.phase.PhaseInterceptorChain.doIntercept(PhaseInterceptorChain.java:308)
	at org.apache.cxf.transport.ChainInitiationObserver.onMessage(ChainInitiationObserver.java:124)
	at org.apache.cxf.transport.http.AbstractHTTPDestination.invoke(AbstractHTTPDestination.java:274)
	at com.ibm.ws.jaxrs20.endpoint.AbstractJaxRsWebEndpoint.invoke(AbstractJaxRsWebEndpoint.java:136)
	at com.ibm.websphere.jaxrs.server.IBMRestServlet.handleRequest(IBMRestServlet.java:146)
	at com.ibm.websphere.jaxrs.server.IBMRestServlet.doGet(IBMRestServlet.java:112)
	at javax.servlet.http.HttpServlet.service(HttpServlet.java:686)
	at com.ibm.websphere.jaxrs.server.IBMRestServlet.service(IBMRestServlet.java:96)
	at com.ibm.ws.webcontainer.servlet.ServletWrapper.service(ServletWrapper.java:1230)
	at com.ibm.ws.webcontainer.servlet.ServletWrapper.handleRequest(ServletWrapper.java:729)
	at com.ibm.ws.webcontainer.servlet.ServletWrapper.handleRequest(ServletWrapper.java:426)
	at com.ibm.ws.webcontainer.filter.WebAppFilterManager.invokeFilters(WebAppFilterManager.java:1226)
	at com.ibm.ws.webcontainer.webapp.WebApp.handleRequest(WebApp.java:5021)
	at com.ibm.ws.webcontainer.osgi.DynamicVirtualHost$2.handleRequest(DynamicVirtualHost.java:314)
	at com.ibm.ws.webcontainer.WebContainer.handleRequest(WebContainer.java:1007)
	at com.ibm.ws.webcontainer.osgi.DynamicVirtualHost$2.run(DynamicVirtualHost.java:279)
	at com.ibm.ws.http.dispatcher.internal.channel.HttpDispatcherLink$TaskWrapper.run(HttpDispatcherLink.java:1134)
	at com.ibm.ws.http.dispatcher.internal.channel.HttpDispatcherLink.wrapHandlerAndExecute(HttpDispatcherLink.java:415)
	at com.ibm.ws.http.dispatcher.internal.channel.HttpDispatcherLink.ready(HttpDispatcherLink.java:374)
	at com.ibm.ws.http.channel.internal.inbound.HttpInboundLink.handleDiscrimination(HttpInboundLink.java:551)
	at com.ibm.ws.http.channel.internal.inbound.HttpInboundLink.handleNewRequest(HttpInboundLink.java:484)
	at com.ibm.ws.http.channel.internal.inbound.HttpInboundLink.processRequest(HttpInboundLink.java:346)
	at com.ibm.ws.http.channel.internal.inbound.HttpInboundLink.ready(HttpInboundLink.java:317)
	at com.ibm.ws.tcpchannel.internal.NewConnectionInitialReadCallback.sendToDiscriminators(NewConnectionInitialReadCallback.java:167)
	at com.ibm.ws.tcpchannel.internal.NewConnectionInitialReadCallback.complete(NewConnectionInitialReadCallback.java:75)
	at com.ibm.ws.tcpchannel.internal.WorkQueueManager.requestComplete(WorkQueueManager.java:504)
	at com.ibm.ws.tcpchannel.internal.WorkQueueManager.attemptIO(WorkQueueManager.java:574)
	at com.ibm.ws.tcpchannel.internal.WorkQueueManager.workerRun(WorkQueueManager.java:958)
	at com.ibm.ws.tcpchannel.internal.WorkQueueManager$Worker.run(WorkQueueManager.java:1047)
	at com.ibm.ws.threading.internal.ExecutorServiceImpl$RunnableWrapper.run(ExecutorServiceImpl.java:239)
	at java.base/java.util.concurrent.ThreadPoolExecutor.runWorker(ThreadPoolExecutor.java:1128)
	at java.base/java.util.concurrent.ThreadPoolExecutor$Worker.run(ThreadPoolExecutor.java:628)
	at java.base/java.lang.Thread.run(Thread.java:834)
Caused by: java.lang.NullPointerException
	at com.mysql.jdbc.ConnectionImpl.getServerCharset(ConnectionImpl.java:2999)
	at com.mysql.jdbc.MysqlIO.sendConnectionAttributes(MysqlIO.java:1885)
	at com.mysql.jdbc.MysqlIO.proceedHandshakeWithPluggableAuthentication(MysqlIO.java:1814)
	at com.mysql.jdbc.MysqlIO.doHandshake(MysqlIO.java:1207)
	at com.mysql.jdbc.ConnectionImpl.coreConnect(ConnectionImpl.java:2249)
	at com.mysql.jdbc.ConnectionImpl.connectOneTryOnly(ConnectionImpl.java:2280)
	... 52 more

[4/17/20, 11:57:07:838 EDT] 00000079 com.ibm.ws.config.xml.internal.ConfigRefresher               A CWWKG0016I: Starting server configuration update.
[4/17/20, 11:57:07:845 EDT] 00000079 com.ibm.ws.config.xml.internal.ServerXMLConfiguration        A CWWKG0093A: Processing configuration drop-ins resource: C:\Users\Steve\Documents\git\Swarm\target\liberty\wlp\usr\servers\LibertySwarm\configDropins\overrides\liberty-plugin-variable-config.xml
[4/17/20, 11:57:07:863 EDT] 00000079 com.ibm.ws.config.xml.internal.ConfigRefresher               A CWWKG0018I: The server configuration was not updated. No functional changes were detected.
[4/17/20, 11:57:08:184 EDT] 00000043 com.ibm.ws.http.internal.VirtualHostImpl                     A CWWKT0017I: Web application removed (default_host): http://hubris.home:9081/Swarm/
[4/17/20, 11:57:08:189 EDT] 00000043 com.ibm.ws.webcontainer.servlet                              I SRVE0253I: [Swarm] [/Swarm] [ServerBoardApplication]: Destroy successful.
[4/17/20, 11:57:08:202 EDT] 00000043 com.ibm.ws.app.manager.AppMessageHelper                      A CWWKZ0009I: The application Swarm has stopped successfully.
[4/17/20, 11:57:08:220 EDT] 00000043 com.ibm.ws.app.manager.AppMessageHelper                      I CWWKZ0018I: Starting application Swarm.
[4/17/20, 11:57:08:221 EDT] 00000043 bm.ws.app.manager.war.internal.WARDeployedAppInfoFactoryImpl I CWWKZ0134I: The Swarm application is using the loose application definition at the C:\Users\Steve\Documents\git\Swarm\target\liberty\wlp\usr\servers\LibertySwarm\dropins\Swarm.war.xml location.
[4/17/20, 11:57:08:818 EDT] 0000006c com.ibm.ws.webcontainer.osgi.mbeans.PluginGenerator          I SRVE9103I: A configuration file for a web server plugin was automatically generated for this server at C:\Users\Steve\Documents\git\Swarm\target\liberty\wlp\usr\servers\LibertySwarm\logs\state\plugin-cfg.xml.
[4/17/20, 11:57:08:880 EDT] 00000043 com.ibm.ws.microprofile.openapi.ApplicationProcessor         I CWWKO1660I: The application Swarm was processed and an OpenAPI document was produced.
[4/17/20, 11:57:09:235 EDT] 00000043 com.ibm.ws.webcontainer.osgi.webapp.WebGroup                 I SRVE0169I: Loading Web Module: Swarm.
[4/17/20, 11:57:09:236 EDT] 00000043 com.ibm.ws.webcontainer                                      I SRVE0250I: Web Module Swarm has been bound to default_host.
[4/17/20, 11:57:09:237 EDT] 00000043 com.ibm.ws.http.internal.VirtualHostImpl                     A CWWKT0016I: Web application available (default_host): http://hubris.home:9081/Swarm/
[4/17/20, 11:57:09:241 EDT] 00000043 com.ibm.ws.app.manager.AppMessageHelper                      A CWWKZ0003I: The application Swarm updated in 1.021 seconds.
[4/17/20, 11:57:09:248 EDT] 00000043 com.ibm.ws.session.WASSessionCore                            I SESN0176I: A new session context will be created for application key default_host/Swarm
[4/17/20, 11:57:09:249 EDT] 00000043 com.ibm.ws.util                                              I SESN0172I: The session manager is using the Java default SecureRandom implementation for session ID generation.
[4/17/20, 11:57:09:689 EDT] 0000005b com.ibm.ws.webcontainer.osgi.mbeans.PluginGenerator          I SRVE9103I: A configuration file for a web server plugin was automatically generated for this server at C:\Users\Steve\Documents\git\Swarm\target\liberty\wlp\usr\servers\LibertySwarm\logs\state\plugin-cfg.xml.
[4/17/20, 11:57:16:709 EDT] 0000006c .apache.cxf.cxf.core.3.2:1.0.39.cl200420200401-1714(id=175)] I Setting the server's publish address to be /
[4/17/20, 11:57:16:724 EDT] 0000006c com.ibm.ws.webcontainer.servlet                              I SRVE0242I: [Swarm] [/Swarm] [ServerBoardApplication]: Initialization successful.
[4/17/20, 11:57:16:752 EDT] 0000006c com.ibm.ws.opentracing.OpentracingContainerFilter            W CWMOT0009W: The OpenTracing exception mapper detected and is handling an unhandled exception from the JAX-RS application. 
                                                                                                               java.sql.SQLException: No suitable driver found for jdbc:mysql://localhost:3306/swarm?user=root&password=root
	at java.sql/java.sql.DriverManager.getConnection(DriverManager.java:702)
	at java.sql/java.sql.DriverManager.getConnection(DriverManager.java:251)
	at ServerBoard.<init>(ServerBoard.java:44)
	at jdk.internal.reflect.GeneratedConstructorAccessor535.newInstance(Unknown Source)
	at java.base/java.lang.reflect.Constructor.newInstance(Constructor.java:490)
	at org.apache.cxf.jaxrs.lifecycle.PerRequestResourceProvider.createInstance(PerRequestResourceProvider.java:94)
	at org.apache.cxf.jaxrs.lifecycle.PerRequestResourceProvider.getInstance(PerRequestResourceProvider.java:84)
	at org.apache.cxf.jaxrs.JAXRSInvoker.getServiceObject(JAXRSInvoker.java:467)
	at org.apache.cxf.jaxrs.JAXRSInvoker.invoke(JAXRSInvoker.java:108)
	at org.apache.cxf.interceptor.ServiceInvokerInterceptor$1.run(ServiceInvokerInterceptor.java:61)
	at org.apache.cxf.interceptor.ServiceInvokerInterceptor.handleMessage(ServiceInvokerInterceptor.java:99)
	at org.apache.cxf.phase.PhaseInterceptorChain.doIntercept(PhaseInterceptorChain.java:308)
	at org.apache.cxf.transport.ChainInitiationObserver.onMessage(ChainInitiationObserver.java:124)
	at org.apache.cxf.transport.http.AbstractHTTPDestination.invoke(AbstractHTTPDestination.java:274)
	at com.ibm.ws.jaxrs20.endpoint.AbstractJaxRsWebEndpoint.invoke(AbstractJaxRsWebEndpoint.java:136)
	at com.ibm.websphere.jaxrs.server.IBMRestServlet.handleRequest(IBMRestServlet.java:146)
	at com.ibm.websphere.jaxrs.server.IBMRestServlet.doGet(IBMRestServlet.java:112)
	at javax.servlet.http.HttpServlet.service(HttpServlet.java:686)
	at com.ibm.websphere.jaxrs.server.IBMRestServlet.service(IBMRestServlet.java:96)
	at com.ibm.ws.webcontainer.servlet.ServletWrapper.service(ServletWrapper.java:1230)
	at com.ibm.ws.webcontainer.servlet.ServletWrapper.handleRequest(ServletWrapper.java:729)
	at com.ibm.ws.webcontainer.servlet.ServletWrapper.handleRequest(ServletWrapper.java:426)
	at com.ibm.ws.webcontainer.filter.WebAppFilterManager.invokeFilters(WebAppFilterManager.java:1226)
	at com.ibm.ws.webcontainer.webapp.WebApp.handleRequest(WebApp.java:5021)
	at com.ibm.ws.webcontainer.osgi.DynamicVirtualHost$2.handleRequest(DynamicVirtualHost.java:314)
	at com.ibm.ws.webcontainer.WebContainer.handleRequest(WebContainer.java:1007)
	at com.ibm.ws.webcontainer.osgi.DynamicVirtualHost$2.run(DynamicVirtualHost.java:279)
	at com.ibm.ws.http.dispatcher.internal.channel.HttpDispatcherLink$TaskWrapper.run(HttpDispatcherLink.java:1134)
	at com.ibm.ws.http.dispatcher.internal.channel.HttpDispatcherLink.wrapHandlerAndExecute(HttpDispatcherLink.java:415)
	at com.ibm.ws.http.dispatcher.internal.channel.HttpDispatcherLink.ready(HttpDispatcherLink.java:374)
	at com.ibm.ws.http.channel.internal.inbound.HttpInboundLink.handleDiscrimination(HttpInboundLink.java:551)
	at com.ibm.ws.http.channel.internal.inbound.HttpInboundLink.handleNewRequest(HttpInboundLink.java:484)
	at com.ibm.ws.http.channel.internal.inbound.HttpInboundLink.processRequest(HttpInboundLink.java:346)
	at com.ibm.ws.http.channel.internal.inbound.HttpInboundLink.ready(HttpInboundLink.java:317)
	at com.ibm.ws.tcpchannel.internal.NewConnectionInitialReadCallback.sendToDiscriminators(NewConnectionInitialReadCallback.java:167)
	at com.ibm.ws.tcpchannel.internal.NewConnectionInitialReadCallback.complete(NewConnectionInitialReadCallback.java:75)
	at com.ibm.ws.tcpchannel.internal.WorkQueueManager.requestComplete(WorkQueueManager.java:504)
	at com.ibm.ws.tcpchannel.internal.WorkQueueManager.attemptIO(WorkQueueManager.java:574)
	at com.ibm.ws.tcpchannel.internal.WorkQueueManager.workerRun(WorkQueueManager.java:958)
	at com.ibm.ws.tcpchannel.internal.WorkQueueManager$Worker.run(WorkQueueManager.java:1047)
	at com.ibm.ws.threading.internal.ExecutorServiceImpl$RunnableWrapper.run(ExecutorServiceImpl.java:239)
	at java.base/java.util.concurrent.ThreadPoolExecutor.runWorker(ThreadPoolExecutor.java:1128)
	at java.base/java.util.concurrent.ThreadPoolExecutor$Worker.run(ThreadPoolExecutor.java:628)
	at java.base/java.lang.Thread.run(Thread.java:834)

[4/17/20, 11:58:27:090 EDT] 00000085 com.ibm.ws.http.internal.VirtualHostImpl                     A CWWKT0017I: Web application removed (default_host): http://hubris.home:9081/Swarm/
[4/17/20, 11:58:27:099 EDT] 00000085 com.ibm.ws.webcontainer.servlet                              I SRVE0253I: [Swarm] [/Swarm] [ServerBoardApplication]: Destroy successful.
[4/17/20, 11:58:27:140 EDT] 00000085 com.ibm.ws.app.manager.AppMessageHelper                      A CWWKZ0009I: The application Swarm has stopped successfully.
[4/17/20, 11:58:27:197 EDT] 00000085 com.ibm.ws.app.manager.AppMessageHelper                      I CWWKZ0018I: Starting application Swarm.
[4/17/20, 11:58:27:198 EDT] 00000085 bm.ws.app.manager.war.internal.WARDeployedAppInfoFactoryImpl I CWWKZ0134I: The Swarm application is using the loose application definition at the C:\Users\Steve\Documents\git\Swarm\target\liberty\wlp\usr\servers\LibertySwarm\dropins\Swarm.war.xml location.
[4/17/20, 11:58:28:715 EDT] 00000085 com.ibm.ws.microprofile.openapi.ApplicationProcessor         I CWWKO1660I: The application Swarm was processed and an OpenAPI document was produced.
[4/17/20, 11:58:29:093 EDT] 00000085 com.ibm.ws.webcontainer.osgi.webapp.WebGroup                 I SRVE0169I: Loading Web Module: Swarm.
[4/17/20, 11:58:29:093 EDT] 00000085 com.ibm.ws.webcontainer                                      I SRVE0250I: Web Module Swarm has been bound to default_host.
[4/17/20, 11:58:29:093 EDT] 00000085 com.ibm.ws.http.internal.VirtualHostImpl                     A CWWKT0016I: Web application available (default_host): http://hubris.home:9081/Swarm/
[4/17/20, 11:58:29:096 EDT] 00000085 com.ibm.ws.app.manager.AppMessageHelper                      A CWWKZ0003I: The application Swarm updated in 1.899 seconds.
[4/17/20, 11:58:29:105 EDT] 000000b6 com.ibm.ws.session.WASSessionCore                            I SESN0176I: A new session context will be created for application key default_host/Swarm
[4/17/20, 11:58:29:107 EDT] 000000b6 com.ibm.ws.util                                              I SESN0172I: The session manager is using the Java default SecureRandom implementation for session ID generation.
[4/17/20, 11:58:29:126 EDT] 00000030 com.ibm.ws.webcontainer.osgi.mbeans.PluginGenerator          I SRVE9103I: A configuration file for a web server plugin was automatically generated for this server at C:\Users\Steve\Documents\git\Swarm\target\liberty\wlp\usr\servers\LibertySwarm\logs\state\plugin-cfg.xml.
[4/17/20, 11:58:30:144 EDT] 000000b7 com.ibm.ws.webcontainer.osgi.mbeans.PluginGenerator          I SRVE9103I: A configuration file for a web server plugin was automatically generated for this server at C:\Users\Steve\Documents\git\Swarm\target\liberty\wlp\usr\servers\LibertySwarm\logs\state\plugin-cfg.xml.
[4/17/20, 11:58:30:505 EDT] 0000007f com.ibm.ws.http.internal.VirtualHostImpl                     A CWWKT0017I: Web application removed (default_host): http://hubris.home:9081/Swarm/
[4/17/20, 11:58:30:513 EDT] 0000007f com.ibm.ws.app.manager.AppMessageHelper                      A CWWKZ0009I: The application Swarm has stopped successfully.
[4/17/20, 11:58:30:531 EDT] 0000007f com.ibm.ws.app.manager.AppMessageHelper                      I CWWKZ0018I: Starting application Swarm.
[4/17/20, 11:58:30:532 EDT] 0000007f bm.ws.app.manager.war.internal.WARDeployedAppInfoFactoryImpl I CWWKZ0134I: The Swarm application is using the loose application definition at the C:\Users\Steve\Documents\git\Swarm\target\liberty\wlp\usr\servers\LibertySwarm\dropins\Swarm.war.xml location.
[4/17/20, 11:58:30:875 EDT] 0000007f com.ibm.ws.microprofile.openapi.ApplicationProcessor         I CWWKO1660I: The application Swarm was processed and an OpenAPI document was produced.
[4/17/20, 11:58:31:191 EDT] 0000007f com.ibm.ws.webcontainer.osgi.webapp.WebGroup                 I SRVE0169I: Loading Web Module: Swarm.
[4/17/20, 11:58:31:193 EDT] 0000007f com.ibm.ws.webcontainer                                      I SRVE0250I: Web Module Swarm has been bound to default_host.
[4/17/20, 11:58:31:194 EDT] 0000007f com.ibm.ws.http.internal.VirtualHostImpl                     A CWWKT0016I: Web application available (default_host): http://hubris.home:9081/Swarm/
[4/17/20, 11:58:31:200 EDT] 000000b7 com.ibm.ws.session.WASSessionCore                            I SESN0176I: A new session context will be created for application key default_host/Swarm
[4/17/20, 11:58:31:202 EDT] 000000b7 com.ibm.ws.util                                              I SESN0172I: The session manager is using the Java default SecureRandom implementation for session ID generation.
[4/17/20, 11:58:31:200 EDT] 0000007f com.ibm.ws.app.manager.AppMessageHelper                      A CWWKZ0003I: The application Swarm updated in 0.669 seconds.
[4/17/20, 11:58:38:046 EDT] 0000008b com.ibm.ws.http.internal.VirtualHostImpl                     A CWWKT0017I: Web application removed (default_host): http://hubris.home:9081/Swarm/
[4/17/20, 11:58:38:062 EDT] 0000008b com.ibm.ws.app.manager.AppMessageHelper                      A CWWKZ0009I: The application Swarm has stopped successfully.
[4/17/20, 11:58:38:095 EDT] 0000008b com.ibm.ws.app.manager.AppMessageHelper                      I CWWKZ0018I: Starting application Swarm.
[4/17/20, 11:58:38:096 EDT] 0000008b bm.ws.app.manager.war.internal.WARDeployedAppInfoFactoryImpl I CWWKZ0134I: The Swarm application is using the loose application definition at the C:\Users\Steve\Documents\git\Swarm\target\liberty\wlp\usr\servers\LibertySwarm\dropins\Swarm.war.xml location.
[4/17/20, 11:58:38:610 EDT] 0000008b com.ibm.ws.microprofile.openapi.ApplicationProcessor         I CWWKO1660I: The application Swarm was processed and an OpenAPI document was produced.
[4/17/20, 11:58:38:942 EDT] 0000008b com.ibm.ws.webcontainer.osgi.webapp.WebGroup                 I SRVE0169I: Loading Web Module: Swarm.
[4/17/20, 11:58:38:942 EDT] 0000008b com.ibm.ws.webcontainer                                      I SRVE0250I: Web Module Swarm has been bound to default_host.
[4/17/20, 11:58:38:942 EDT] 0000008b com.ibm.ws.http.internal.VirtualHostImpl                     A CWWKT0016I: Web application available (default_host): http://hubris.home:9081/Swarm/
[4/17/20, 11:58:38:945 EDT] 0000008b com.ibm.ws.app.manager.AppMessageHelper                      A CWWKZ0003I: The application Swarm updated in 0.850 seconds.
[4/17/20, 11:58:38:945 EDT] 00000098 com.ibm.ws.session.WASSessionCore                            I SESN0176I: A new session context will be created for application key default_host/Swarm
[4/17/20, 11:58:38:946 EDT] 00000098 com.ibm.ws.util                                              I SESN0172I: The session manager is using the Java default SecureRandom implementation for session ID generation.
[4/17/20, 11:59:06:097 EDT] 000000c1 .apache.cxf.cxf.core.3.2:1.0.39.cl200420200401-1714(id=175)] I Setting the server's publish address to be /
[4/17/20, 11:59:06:106 EDT] 000000c1 com.ibm.ws.webcontainer.servlet                              I SRVE0242I: [Swarm] [/Swarm] [ServerBoardApplication]: Initialization successful.
[4/17/20, 11:59:06:321 EDT] 000000c1 SystemErr                                                    R Fri Apr 17 11:59:06 EDT 2020 WARN: Establishing SSL connection without server's identity verification is not recommended. According to MySQL 5.5.45+, 5.6.26+ and 5.7.6+ requirements SSL connection must be established by default if explicit option isn't set. For compliance with existing applications not using SSL the verifyServerCertificate property is set to 'false'. You need either to explicitly disable SSL by setting useSSL=false, or set useSSL=true and provide truststore for server certificate verification.
[4/17/20, 11:59:06:699 EDT] 000000c1 SystemOut                                                    O z1
[4/17/20, 11:59:06:699 EDT] 000000c1 SystemOut                                                    O  
[4/17/20, 11:59:06:700 EDT] 000000c1 SystemOut                                                    O  
[4/17/20, 11:59:06:700 EDT] 000000c1 SystemOut                                                    O  
[4/17/20, 11:59:06:700 EDT] 000000c1 SystemOut                                                    O  
[4/17/20, 11:59:06:701 EDT] 000000c1 SystemOut                                                    O  
[4/17/20, 11:59:06:701 EDT] 000000c1 SystemOut                                                    O  
[4/17/20, 11:59:06:701 EDT] 000000c1 SystemOut                                                    O 	
[4/17/20, 11:59:06:703 EDT] 000000c1 SystemOut                                                    O 5
[4/17/20, 11:59:06:703 EDT] 000000c1 SystemOut                                                    O  
[4/17/20, 11:59:06:704 EDT] 000000c1 SystemOut                                                    O  
[4/17/20, 11:59:06:704 EDT] 000000c1 SystemOut                                                    O  
[4/17/20, 11:59:06:704 EDT] 000000c1 SystemOut                                                    O  
[4/17/20, 11:59:06:705 EDT] 000000c1 SystemOut                                                    O  
[4/17/20, 11:59:06:705 EDT] 000000c1 SystemOut                                                    O  
[4/17/20, 11:59:06:705 EDT] 000000c1 SystemOut                                                    O  
[4/17/20, 11:59:06:705 EDT] 000000c1 SystemOut                                                    O 	
[4/17/20, 11:59:06:706 EDT] 000000c1 SystemOut                                                    O 5
[4/17/20, 11:59:06:706 EDT] 000000c1 SystemOut                                                    O  
[4/17/20, 11:59:06:706 EDT] 000000c1 SystemOut                                                    O  
[4/17/20, 11:59:06:707 EDT] 000000c1 SystemOut                                                    O  
[4/17/20, 11:59:06:707 EDT] 000000c1 SystemOut                                                    O  
[4/17/20, 11:59:06:708 EDT] 000000c1 SystemOut                                                    O  
[4/17/20, 11:59:06:708 EDT] 000000c1 SystemOut                                                    O  
[4/17/20, 11:59:06:708 EDT] 000000c1 SystemOut                                                    O  
[4/17/20, 11:59:06:709 EDT] 000000c1 SystemOut                                                    O 	
[4/17/20, 11:59:06:709 EDT] 000000c1 SystemOut                                                    O z2
[4/17/20, 11:59:06:710 EDT] 000000c1 SystemOut                                                    O  
[4/17/20, 11:59:06:710 EDT] 000000c1 SystemOut                                                    O  
[4/17/20, 11:59:06:711 EDT] 000000c1 SystemOut                                                    O  
[4/17/20, 11:59:06:712 EDT] 000000c1 SystemOut                                                    O  
[4/17/20, 11:59:06:713 EDT] 000000c1 SystemOut                                                    O  
[4/17/20, 11:59:06:713 EDT] 000000c1 SystemOut                                                    O  
[4/17/20, 11:59:06:713 EDT] 000000c1 SystemOut                                                    O 	
[4/17/20, 11:59:06:714 EDT] 000000c1 SystemOut                                                    O 15
[4/17/20, 11:59:06:714 EDT] 000000c1 SystemOut                                                    O  
[4/17/20, 11:59:06:714 EDT] 000000c1 SystemOut                                                    O  
[4/17/20, 11:59:06:714 EDT] 000000c1 SystemOut                                                    O  
[4/17/20, 11:59:06:715 EDT] 000000c1 SystemOut                                                    O  
[4/17/20, 11:59:06:715 EDT] 000000c1 SystemOut                                                    O  
[4/17/20, 11:59:06:715 EDT] 000000c1 SystemOut                                                    O  
[4/17/20, 11:59:06:715 EDT] 000000c1 SystemOut                                                    O 	
[4/17/20, 11:59:06:716 EDT] 000000c1 SystemOut                                                    O 25
[4/17/20, 11:59:06:716 EDT] 000000c1 SystemOut                                                    O  
[4/17/20, 11:59:06:717 EDT] 000000c1 SystemOut                                                    O  
[4/17/20, 11:59:06:717 EDT] 000000c1 SystemOut                                                    O  
[4/17/20, 11:59:06:717 EDT] 000000c1 SystemOut                                                    O  
[4/17/20, 11:59:06:717 EDT] 000000c1 SystemOut                                                    O  
[4/17/20, 11:59:06:718 EDT] 000000c1 SystemOut                                                    O  
[4/17/20, 11:59:06:718 EDT] 000000c1 SystemOut                                                    O 	
[4/17/20, 11:59:06:719 EDT] 000000c1 SystemOut                                                    O z3
[4/17/20, 11:59:06:719 EDT] 000000c1 SystemOut                                                    O  
[4/17/20, 11:59:06:720 EDT] 000000c1 SystemOut                                                    O  
[4/17/20, 11:59:06:720 EDT] 000000c1 SystemOut                                                    O  
[4/17/20, 11:59:06:720 EDT] 000000c1 SystemOut                                                    O  
[4/17/20, 11:59:06:722 EDT] 000000c1 SystemOut                                                    O  
[4/17/20, 11:59:06:722 EDT] 000000c1 SystemOut                                                    O  
[4/17/20, 11:59:06:724 EDT] 000000c1 SystemOut                                                    O 	
[4/17/20, 11:59:06:725 EDT] 000000c1 SystemOut                                                    O 215
[4/17/20, 11:59:06:726 EDT] 000000c1 SystemOut                                                    O  
[4/17/20, 11:59:06:732 EDT] 000000c1 SystemOut                                                    O  
[4/17/20, 11:59:06:732 EDT] 000000c1 SystemOut                                                    O  
[4/17/20, 11:59:06:733 EDT] 000000c1 SystemOut                                                    O  
[4/17/20, 11:59:06:734 EDT] 000000c1 SystemOut                                                    O  
[4/17/20, 11:59:06:734 EDT] 000000c1 SystemOut                                                    O 	
[4/17/20, 11:59:06:734 EDT] 000000c1 SystemOut                                                    O 125
[4/17/20, 11:59:06:735 EDT] 000000c1 SystemOut                                                    O  
[4/17/20, 11:59:06:735 EDT] 000000c1 SystemOut                                                    O  
[4/17/20, 11:59:06:736 EDT] 000000c1 SystemOut                                                    O  
[4/17/20, 11:59:06:737 EDT] 000000c1 SystemOut                                                    O  
[4/17/20, 11:59:06:738 EDT] 000000c1 SystemOut                                                    O  
[4/17/20, 11:59:06:739 EDT] 000000c1 SystemOut                                                    O 	
[4/17/20, 11:59:06:739 EDT] 000000c1 SystemOut                                                    O z4
[4/17/20, 11:59:06:740 EDT] 000000c1 SystemOut                                                    O  
[4/17/20, 11:59:06:740 EDT] 000000c1 SystemOut                                                    O  
[4/17/20, 11:59:06:740 EDT] 000000c1 SystemOut                                                    O  
[4/17/20, 11:59:06:741 EDT] 000000c1 SystemOut                                                    O  
[4/17/20, 11:59:06:741 EDT] 000000c1 SystemOut                                                    O  
[4/17/20, 11:59:06:742 EDT] 000000c1 SystemOut                                                    O  
[4/17/20, 11:59:06:743 EDT] 000000c1 SystemOut                                                    O 	
[4/17/20, 11:59:06:744 EDT] 000000c1 SystemOut                                                    O 211
[4/17/20, 11:59:06:744 EDT] 000000c1 SystemOut                                                    O  
[4/17/20, 11:59:06:744 EDT] 000000c1 SystemOut                                                    O  
[4/17/20, 11:59:06:745 EDT] 000000c1 SystemOut                                                    O  
[4/17/20, 11:59:06:745 EDT] 000000c1 SystemOut                                                    O  
[4/17/20, 11:59:06:745 EDT] 000000c1 SystemOut                                                    O  
[4/17/20, 11:59:06:745 EDT] 000000c1 SystemOut                                                    O 	
[4/17/20, 11:59:06:746 EDT] 000000c1 SystemOut                                                    O 115
[4/17/20, 11:59:06:746 EDT] 000000c1 SystemOut                                                    O  
[4/17/20, 11:59:06:746 EDT] 000000c1 SystemOut                                                    O  
[4/17/20, 11:59:06:746 EDT] 000000c1 SystemOut                                                    O  
[4/17/20, 11:59:06:746 EDT] 000000c1 SystemOut                                                    O  
[4/17/20, 11:59:06:747 EDT] 000000c1 SystemOut                                                    O  
[4/17/20, 11:59:06:747 EDT] 000000c1 SystemOut                                                    O 	
[4/17/20, 11:59:57:300 EDT] 000000da com.ibm.ws.http.internal.VirtualHostImpl                     A CWWKT0017I: Web application removed (default_host): http://hubris.home:9081/Swarm/
[4/17/20, 11:59:57:303 EDT] 000000da com.ibm.ws.webcontainer.servlet                              I SRVE0253I: [Swarm] [/Swarm] [ServerBoardApplication]: Destroy successful.
[4/17/20, 11:59:57:315 EDT] 000000da com.ibm.ws.app.manager.AppMessageHelper                      A CWWKZ0009I: The application Swarm has stopped successfully.
[4/17/20, 11:59:57:349 EDT] 000000da com.ibm.ws.app.manager.AppMessageHelper                      I CWWKZ0018I: Starting application Swarm.
[4/17/20, 11:59:57:350 EDT] 000000da bm.ws.app.manager.war.internal.WARDeployedAppInfoFactoryImpl I CWWKZ0134I: The Swarm application is using the loose application definition at the C:\Users\Steve\Documents\git\Swarm\target\liberty\wlp\usr\servers\LibertySwarm\dropins\Swarm.war.xml location.
[4/17/20, 11:59:57:872 EDT] 000000da com.ibm.ws.microprofile.openapi.ApplicationProcessor         I CWWKO1660I: The application Swarm was processed and an OpenAPI document was produced.
[4/17/20, 11:59:58:088 EDT] 000000da com.ibm.ws.webcontainer.osgi.webapp.WebGroup                 I SRVE0169I: Loading Web Module: Swarm.
[4/17/20, 11:59:58:088 EDT] 000000da com.ibm.ws.webcontainer                                      I SRVE0250I: Web Module Swarm has been bound to default_host.
[4/17/20, 11:59:58:089 EDT] 000000da com.ibm.ws.http.internal.VirtualHostImpl                     A CWWKT0016I: Web application available (default_host): http://hubris.home:9081/Swarm/
[4/17/20, 11:59:58:093 EDT] 000000da com.ibm.ws.app.manager.AppMessageHelper                      A CWWKZ0003I: The application Swarm updated in 0.744 seconds.
[4/17/20, 11:59:58:095 EDT] 000000db com.ibm.ws.session.WASSessionCore                            I SESN0176I: A new session context will be created for application key default_host/Swarm
[4/17/20, 11:59:58:097 EDT] 000000db com.ibm.ws.util                                              I SESN0172I: The session manager is using the Java default SecureRandom implementation for session ID generation.
[4/17/20, 11:59:59:436 EDT] 0000007f com.ibm.ws.http.internal.VirtualHostImpl                     A CWWKT0017I: Web application removed (default_host): http://hubris.home:9081/Swarm/
[4/17/20, 11:59:59:450 EDT] 0000007f com.ibm.ws.app.manager.AppMessageHelper                      A CWWKZ0009I: The application Swarm has stopped successfully.
[4/17/20, 11:59:59:474 EDT] 0000007f com.ibm.ws.app.manager.AppMessageHelper                      I CWWKZ0018I: Starting application Swarm.
[4/17/20, 11:59:59:475 EDT] 0000007f bm.ws.app.manager.war.internal.WARDeployedAppInfoFactoryImpl I CWWKZ0134I: The Swarm application is using the loose application definition at the C:\Users\Steve\Documents\git\Swarm\target\liberty\wlp\usr\servers\LibertySwarm\dropins\Swarm.war.xml location.
[4/17/20, 11:59:59:902 EDT] 000000da com.ibm.ws.webcontainer.osgi.mbeans.PluginGenerator          I SRVE9103I: A configuration file for a web server plugin was automatically generated for this server at C:\Users\Steve\Documents\git\Swarm\target\liberty\wlp\usr\servers\LibertySwarm\logs\state\plugin-cfg.xml.
[4/17/20, 11:59:59:953 EDT] 0000007f com.ibm.ws.microprofile.openapi.ApplicationProcessor         I CWWKO1660I: The application Swarm was processed and an OpenAPI document was produced.
[4/17/20, 12:00:00:121 EDT] 0000007f com.ibm.ws.webcontainer.osgi.webapp.WebGroup                 I SRVE0169I: Loading Web Module: Swarm.
[4/17/20, 12:00:00:121 EDT] 0000007f com.ibm.ws.webcontainer                                      I SRVE0250I: Web Module Swarm has been bound to default_host.
[4/17/20, 12:00:00:122 EDT] 0000007f com.ibm.ws.http.internal.VirtualHostImpl                     A CWWKT0016I: Web application available (default_host): http://hubris.home:9081/Swarm/
[4/17/20, 12:00:00:126 EDT] 000000da com.ibm.ws.session.WASSessionCore                            I SESN0176I: A new session context will be created for application key default_host/Swarm
[4/17/20, 12:00:00:127 EDT] 0000007f com.ibm.ws.app.manager.AppMessageHelper                      A CWWKZ0003I: The application Swarm updated in 0.652 seconds.
[4/17/20, 12:00:00:127 EDT] 000000da com.ibm.ws.util                                              I SESN0172I: The session manager is using the Java default SecureRandom implementation for session ID generation.
[4/17/20, 12:00:00:362 EDT] 000000e1 com.ibm.ws.webcontainer.osgi.mbeans.PluginGenerator          I SRVE9103I: A configuration file for a web server plugin was automatically generated for this server at C:\Users\Steve\Documents\git\Swarm\target\liberty\wlp\usr\servers\LibertySwarm\logs\state\plugin-cfg.xml.
[4/17/20, 12:01:35:399 EDT] 00000127 .apache.cxf.cxf.core.3.2:1.0.39.cl200420200401-1714(id=175)] I Setting the server's publish address to be /
[4/17/20, 12:01:35:413 EDT] 00000127 com.ibm.ws.webcontainer.servlet                              I SRVE0242I: [Swarm] [/Swarm] [ServerBoardApplication]: Initialization successful.
[4/17/20, 12:01:35:623 EDT] 00000127 SystemErr                                                    R Fri Apr 17 12:01:35 EDT 2020 WARN: Establishing SSL connection without server's identity verification is not recommended. According to MySQL 5.5.45+, 5.6.26+ and 5.7.6+ requirements SSL connection must be established by default if explicit option isn't set. For compliance with existing applications not using SSL the verifyServerCertificate property is set to 'false'. You need either to explicitly disable SSL by setting useSSL=false, or set useSSL=true and provide truststore for server certificate verification.
[4/17/20, 12:01:35:849 EDT] 00000127 SystemOut                                                    O z1
[4/17/20, 12:01:35:850 EDT] 00000127 SystemOut                                                    O  
[4/17/20, 12:01:35:850 EDT] 00000127 SystemOut                                                    O  
[4/17/20, 12:01:35:850 EDT] 00000127 SystemOut                                                    O  
[4/17/20, 12:01:35:850 EDT] 00000127 SystemOut                                                    O  
[4/17/20, 12:01:35:851 EDT] 00000127 SystemOut                                                    O  
[4/17/20, 12:01:35:851 EDT] 00000127 SystemOut                                                    O  
[4/17/20, 12:01:35:851 EDT] 00000127 SystemOut                                                    O 	
[4/17/20, 12:01:35:852 EDT] 00000127 SystemOut                                                    O 5
[4/17/20, 12:01:35:852 EDT] 00000127 SystemOut                                                    O  
[4/17/20, 12:01:35:852 EDT] 00000127 SystemOut                                                    O  
[4/17/20, 12:01:35:853 EDT] 00000127 SystemOut                                                    O  
[4/17/20, 12:01:35:853 EDT] 00000127 SystemOut                                                    O  
[4/17/20, 12:01:35:853 EDT] 00000127 SystemOut                                                    O  
[4/17/20, 12:01:35:853 EDT] 00000127 SystemOut                                                    O  
[4/17/20, 12:01:35:854 EDT] 00000127 SystemOut                                                    O  
[4/17/20, 12:01:35:854 EDT] 00000127 SystemOut                                                    O 	
[4/17/20, 12:01:35:854 EDT] 00000127 SystemOut                                                    O 5
[4/17/20, 12:01:35:854 EDT] 00000127 SystemOut                                                    O  
[4/17/20, 12:01:35:854 EDT] 00000127 SystemOut                                                    O  
[4/17/20, 12:01:35:855 EDT] 00000127 SystemOut                                                    O  
[4/17/20, 12:01:35:855 EDT] 00000127 SystemOut                                                    O  
[4/17/20, 12:01:35:855 EDT] 00000127 SystemOut                                                    O  
[4/17/20, 12:01:35:855 EDT] 00000127 SystemOut                                                    O  
[4/17/20, 12:01:35:855 EDT] 00000127 SystemOut                                                    O  
[4/17/20, 12:01:35:856 EDT] 00000127 SystemOut                                                    O 	
[4/17/20, 12:01:35:856 EDT] 00000127 SystemOut                                                    O z2
[4/17/20, 12:01:35:856 EDT] 00000127 SystemOut                                                    O  
[4/17/20, 12:01:35:856 EDT] 00000127 SystemOut                                                    O  
[4/17/20, 12:01:35:857 EDT] 00000127 SystemOut                                                    O  
[4/17/20, 12:01:35:858 EDT] 00000127 SystemOut                                                    O  
[4/17/20, 12:01:35:858 EDT] 00000127 SystemOut                                                    O  
[4/17/20, 12:01:35:858 EDT] 00000127 SystemOut                                                    O  
[4/17/20, 12:01:35:858 EDT] 00000127 SystemOut                                                    O 	
[4/17/20, 12:01:35:859 EDT] 00000127 SystemOut                                                    O 15
[4/17/20, 12:01:35:859 EDT] 00000127 SystemOut                                                    O  
[4/17/20, 12:01:35:860 EDT] 00000127 SystemOut                                                    O  
[4/17/20, 12:01:35:860 EDT] 00000127 SystemOut                                                    O  
[4/17/20, 12:01:35:860 EDT] 00000127 SystemOut                                                    O  
[4/17/20, 12:01:35:860 EDT] 00000127 SystemOut                                                    O  
[4/17/20, 12:01:35:861 EDT] 00000127 SystemOut                                                    O  
[4/17/20, 12:01:35:861 EDT] 00000127 SystemOut                                                    O 	
[4/17/20, 12:01:35:862 EDT] 00000127 SystemOut                                                    O 25
[4/17/20, 12:01:35:862 EDT] 00000127 SystemOut                                                    O  
[4/17/20, 12:01:35:862 EDT] 00000127 SystemOut                                                    O  
[4/17/20, 12:01:35:863 EDT] 00000127 SystemOut                                                    O  
[4/17/20, 12:01:35:863 EDT] 00000127 SystemOut                                                    O  
[4/17/20, 12:01:35:864 EDT] 00000127 SystemOut                                                    O  
[4/17/20, 12:01:35:864 EDT] 00000127 SystemOut                                                    O  
[4/17/20, 12:01:35:864 EDT] 00000127 SystemOut                                                    O 	
[4/17/20, 12:01:35:864 EDT] 00000127 SystemOut                                                    O z3
[4/17/20, 12:01:35:865 EDT] 00000127 SystemOut                                                    O  
[4/17/20, 12:01:35:865 EDT] 00000127 SystemOut                                                    O  
[4/17/20, 12:01:35:865 EDT] 00000127 SystemOut                                                    O  
[4/17/20, 12:01:35:865 EDT] 00000127 SystemOut                                                    O  
[4/17/20, 12:01:35:865 EDT] 00000127 SystemOut                                                    O  
[4/17/20, 12:01:35:866 EDT] 00000127 SystemOut                                                    O  
[4/17/20, 12:01:35:866 EDT] 00000127 SystemOut                                                    O 	
[4/17/20, 12:01:35:866 EDT] 00000127 SystemOut                                                    O 215
[4/17/20, 12:01:35:866 EDT] 00000127 SystemOut                                                    O  
[4/17/20, 12:01:35:867 EDT] 00000127 SystemOut                                                    O  
[4/17/20, 12:01:35:868 EDT] 00000127 SystemOut                                                    O  
[4/17/20, 12:01:35:868 EDT] 00000127 SystemOut                                                    O  
[4/17/20, 12:01:35:868 EDT] 00000127 SystemOut                                                    O  
[4/17/20, 12:01:35:868 EDT] 00000127 SystemOut                                                    O 	
[4/17/20, 12:01:35:869 EDT] 00000127 SystemOut                                                    O 125
[4/17/20, 12:01:35:869 EDT] 00000127 SystemOut                                                    O  
[4/17/20, 12:01:35:870 EDT] 00000127 SystemOut                                                    O  
[4/17/20, 12:01:35:870 EDT] 00000127 SystemOut                                                    O  
[4/17/20, 12:01:35:870 EDT] 00000127 SystemOut                                                    O  
[4/17/20, 12:01:35:871 EDT] 00000127 SystemOut                                                    O  
[4/17/20, 12:01:35:871 EDT] 00000127 SystemOut                                                    O 	
[4/17/20, 12:01:35:871 EDT] 00000127 SystemOut                                                    O z4
[4/17/20, 12:01:35:872 EDT] 00000127 SystemOut                                                    O  
[4/17/20, 12:01:35:872 EDT] 00000127 SystemOut                                                    O  
[4/17/20, 12:01:35:872 EDT] 00000127 SystemOut                                                    O  
[4/17/20, 12:01:35:873 EDT] 00000127 SystemOut                                                    O  
[4/17/20, 12:01:35:874 EDT] 00000127 SystemOut                                                    O  
[4/17/20, 12:01:35:875 EDT] 00000127 SystemOut                                                    O  
[4/17/20, 12:01:35:876 EDT] 00000127 SystemOut                                                    O 	
[4/17/20, 12:01:35:876 EDT] 00000127 SystemOut                                                    O 211
[4/17/20, 12:01:35:877 EDT] 00000127 SystemOut                                                    O  
[4/17/20, 12:01:35:877 EDT] 00000127 SystemOut                                                    O  
[4/17/20, 12:01:35:877 EDT] 00000127 SystemOut                                                    O  
[4/17/20, 12:01:35:877 EDT] 00000127 SystemOut                                                    O  
[4/17/20, 12:01:35:877 EDT] 00000127 SystemOut                                                    O  
[4/17/20, 12:01:35:878 EDT] 00000127 SystemOut                                                    O 	
[4/17/20, 12:01:35:878 EDT] 00000127 SystemOut                                                    O 115
[4/17/20, 12:01:35:879 EDT] 00000127 SystemOut                                                    O  
[4/17/20, 12:01:35:880 EDT] 00000127 SystemOut                                                    O  
[4/17/20, 12:01:35:880 EDT] 00000127 SystemOut                                                    O  
[4/17/20, 12:01:35:880 EDT] 00000127 SystemOut                                                    O  
[4/17/20, 12:01:35:880 EDT] 00000127 SystemOut                                                    O  
[4/17/20, 12:01:35:881 EDT] 00000127 SystemOut                                                    O 	
[4/17/20, 12:03:13:261 EDT] 000000ee com.ibm.ws.http.internal.VirtualHostImpl                     A CWWKT0017I: Web application removed (default_host): http://hubris.home:9081/Swarm/
[4/17/20, 12:03:13:262 EDT] 000000ee com.ibm.ws.webcontainer.servlet                              I SRVE0253I: [Swarm] [/Swarm] [ServerBoardApplication]: Destroy successful.
[4/17/20, 12:03:13:272 EDT] 000000ee com.ibm.ws.app.manager.AppMessageHelper                      A CWWKZ0009I: The application Swarm has stopped successfully.
[4/17/20, 12:03:13:307 EDT] 000000ee com.ibm.ws.app.manager.AppMessageHelper                      I CWWKZ0018I: Starting application Swarm.
[4/17/20, 12:03:13:307 EDT] 000000ee bm.ws.app.manager.war.internal.WARDeployedAppInfoFactoryImpl I CWWKZ0134I: The Swarm application is using the loose application definition at the C:\Users\Steve\Documents\git\Swarm\target\liberty\wlp\usr\servers\LibertySwarm\dropins\Swarm.war.xml location.
[4/17/20, 12:03:13:866 EDT] 000000ee com.ibm.ws.microprofile.openapi.ApplicationProcessor         I CWWKO1660I: The application Swarm was processed and an OpenAPI document was produced.
[4/17/20, 12:03:14:550 EDT] 000000ee com.ibm.ws.webcontainer.osgi.webapp.WebGroup                 I SRVE0169I: Loading Web Module: Swarm.
[4/17/20, 12:03:14:552 EDT] 000000ee com.ibm.ws.webcontainer                                      I SRVE0250I: Web Module Swarm has been bound to default_host.
[4/17/20, 12:03:14:553 EDT] 000000ee com.ibm.ws.http.internal.VirtualHostImpl                     A CWWKT0016I: Web application available (default_host): http://hubris.home:9081/Swarm/
[4/17/20, 12:03:14:557 EDT] 000000ee com.ibm.ws.app.manager.AppMessageHelper                      A CWWKZ0003I: The application Swarm updated in 1.249 seconds.
[4/17/20, 12:03:14:584 EDT] 00000182 com.ibm.ws.session.WASSessionCore                            I SESN0176I: A new session context will be created for application key default_host/Swarm
[4/17/20, 12:03:14:587 EDT] 00000182 com.ibm.ws.util                                              I SESN0172I: The session manager is using the Java default SecureRandom implementation for session ID generation.
[4/17/20, 12:03:15:551 EDT] 00000181 com.ibm.ws.http.internal.VirtualHostImpl                     A CWWKT0017I: Web application removed (default_host): http://hubris.home:9081/Swarm/
[4/17/20, 12:03:15:558 EDT] 00000181 com.ibm.ws.app.manager.AppMessageHelper                      A CWWKZ0009I: The application Swarm has stopped successfully.
[4/17/20, 12:03:15:574 EDT] 00000181 com.ibm.ws.app.manager.AppMessageHelper                      I CWWKZ0018I: Starting application Swarm.
[4/17/20, 12:03:15:574 EDT] 00000181 bm.ws.app.manager.war.internal.WARDeployedAppInfoFactoryImpl I CWWKZ0134I: The Swarm application is using the loose application definition at the C:\Users\Steve\Documents\git\Swarm\target\liberty\wlp\usr\servers\LibertySwarm\dropins\Swarm.war.xml location.
[4/17/20, 12:03:15:737 EDT] 00000181 com.ibm.ws.microprofile.openapi.ApplicationProcessor         I CWWKO1660I: The application Swarm was processed and an OpenAPI document was produced.
[4/17/20, 12:03:15:845 EDT] 00000181 com.ibm.ws.webcontainer.osgi.webapp.WebGroup                 I SRVE0169I: Loading Web Module: Swarm.
[4/17/20, 12:03:15:846 EDT] 00000181 com.ibm.ws.webcontainer                                      I SRVE0250I: Web Module Swarm has been bound to default_host.
[4/17/20, 12:03:15:846 EDT] 00000181 com.ibm.ws.http.internal.VirtualHostImpl                     A CWWKT0016I: Web application available (default_host): http://hubris.home:9081/Swarm/
[4/17/20, 12:03:15:849 EDT] 00000181 com.ibm.ws.app.manager.AppMessageHelper                      A CWWKZ0003I: The application Swarm updated in 0.275 seconds.
[4/17/20, 12:03:15:851 EDT] 00000179 com.ibm.ws.session.WASSessionCore                            I SESN0176I: A new session context will be created for application key default_host/Swarm
[4/17/20, 12:03:15:856 EDT] 00000179 com.ibm.ws.util                                              I SESN0172I: The session manager is using the Java default SecureRandom implementation for session ID generation.
[4/17/20, 12:03:20:947 EDT] 00000185 .apache.cxf.cxf.core.3.2:1.0.39.cl200420200401-1714(id=175)] I Setting the server's publish address to be /
[4/17/20, 12:03:20:958 EDT] 00000185 com.ibm.ws.webcontainer.servlet                              I SRVE0242I: [Swarm] [/Swarm] [ServerBoardApplication]: Initialization successful.
[4/17/20, 12:03:21:152 EDT] 00000185 SystemErr                                                    R Fri Apr 17 12:03:21 EDT 2020 WARN: Establishing SSL connection without server's identity verification is not recommended. According to MySQL 5.5.45+, 5.6.26+ and 5.7.6+ requirements SSL connection must be established by default if explicit option isn't set. For compliance with existing applications not using SSL the verifyServerCertificate property is set to 'false'. You need either to explicitly disable SSL by setting useSSL=false, or set useSSL=true and provide truststore for server certificate verification.
[4/17/20, 12:15:15:665 EDT] 000003a0 com.ibm.ws.http.internal.VirtualHostImpl                     A CWWKT0017I: Web application removed (default_host): http://hubris.home:9081/Swarm/
[4/17/20, 12:15:15:671 EDT] 000003a0 com.ibm.ws.webcontainer.servlet                              I SRVE0253I: [Swarm] [/Swarm] [ServerBoardApplication]: Destroy successful.
[4/17/20, 12:15:15:683 EDT] 000003a0 com.ibm.ws.app.manager.AppMessageHelper                      A CWWKZ0009I: The application Swarm has stopped successfully.
[4/17/20, 12:15:15:702 EDT] 000003a0 com.ibm.ws.app.manager.AppMessageHelper                      I CWWKZ0018I: Starting application Swarm.
[4/17/20, 12:15:15:703 EDT] 000003a0 bm.ws.app.manager.war.internal.WARDeployedAppInfoFactoryImpl I CWWKZ0134I: The Swarm application is using the loose application definition at the C:\Users\Steve\Documents\git\Swarm\target\liberty\wlp\usr\servers\LibertySwarm\dropins\Swarm.war.xml location.
[4/17/20, 12:15:15:930 EDT] 000003a0 com.ibm.ws.microprofile.openapi.ApplicationProcessor         I CWWKO1660I: The application Swarm was processed and an OpenAPI document was produced.
[4/17/20, 12:15:16:060 EDT] 000003a0 com.ibm.ws.webcontainer.osgi.webapp.WebGroup                 I SRVE0169I: Loading Web Module: Swarm.
[4/17/20, 12:15:16:061 EDT] 000003a0 com.ibm.ws.webcontainer                                      I SRVE0250I: Web Module Swarm has been bound to default_host.
[4/17/20, 12:15:16:062 EDT] 000003a0 com.ibm.ws.http.internal.VirtualHostImpl                     A CWWKT0016I: Web application available (default_host): http://hubris.home:9081/Swarm/
[4/17/20, 12:15:16:065 EDT] 000003a0 com.ibm.ws.app.manager.AppMessageHelper                      A CWWKZ0003I: The application Swarm updated in 0.363 seconds.
[4/17/20, 12:15:16:115 EDT] 000003a3 com.ibm.ws.session.WASSessionCore                            I SESN0176I: A new session context will be created for application key default_host/Swarm
[4/17/20, 12:15:16:118 EDT] 000003a3 com.ibm.ws.util                                              I SESN0172I: The session manager is using the Java default SecureRandom implementation for session ID generation.
[4/17/20, 12:15:16:196 EDT] 00000310 com.ibm.ws.webcontainer.osgi.mbeans.PluginGenerator          I SRVE9103I: A configuration file for a web server plugin was automatically generated for this server at C:\Users\Steve\Documents\git\Swarm\target\liberty\wlp\usr\servers\LibertySwarm\logs\state\plugin-cfg.xml.
[4/17/20, 12:15:16:448 EDT] 000003a4 com.ibm.ws.webcontainer.osgi.mbeans.PluginGenerator          I SRVE9103I: A configuration file for a web server plugin was automatically generated for this server at C:\Users\Steve\Documents\git\Swarm\target\liberty\wlp\usr\servers\LibertySwarm\logs\state\plugin-cfg.xml.
[4/17/20, 12:15:22:845 EDT] 0000001a com.ibm.ws.kernel.launch.internal.ServerCommandListener      A CWWKE0055I: Server shutdown requested on Friday, April 17, 2020 at 12:15 PM. The server LibertySwarm is shutting down.
[4/17/20, 12:15:22:850 EDT] 000003a7 com.ibm.ws.runtime.update.internal.RuntimeUpdateManagerImpl  A CWWKE1100I: Waiting for up to 30 seconds for the server to quiesce.
[4/17/20, 12:15:22:859 EDT] 000002fa com.ibm.ws.tcpchannel.internal.TCPChannel                    I CWWKO0220I: TCP Channel defaultHttpEndpoint-ssl has stopped listening for requests on host *  (IPv6) port 9445.
[4/17/20, 12:15:22:864 EDT] 000002fa com.ibm.ws.tcpchannel.internal.TCPChannel                    I CWWKO0220I: TCP Channel defaultHttpEndpoint has stopped listening for requests on host *  (IPv6) port 9081.
[4/17/20, 12:15:22:864 EDT] 000002fa com.ibm.ws.http.internal.VirtualHostImpl                     A CWWKT0017I: Web application removed (default_host): http://hubris.home:9081/jwt/
[4/17/20, 12:15:22:865 EDT] 000002fa com.ibm.ws.http.internal.VirtualHostImpl                     A CWWKT0017I: Web application removed (default_host): http://hubris.home:9081/openapi/ui/
[4/17/20, 12:15:22:865 EDT] 000002fa com.ibm.ws.http.internal.VirtualHostImpl                     A CWWKT0017I: Web application removed (default_host): http://hubris.home:9081/health/
[4/17/20, 12:15:22:866 EDT] 000002fa com.ibm.ws.http.internal.VirtualHostImpl                     A CWWKT0017I: Web application removed (default_host): http://hubris.home:9081/metrics/
[4/17/20, 12:15:22:866 EDT] 000002fa com.ibm.ws.http.internal.VirtualHostImpl                     A CWWKT0017I: Web application removed (default_host): http://hubris.home:9081/ibm/api/
[4/17/20, 12:15:22:867 EDT] 000002fa com.ibm.ws.http.internal.VirtualHostImpl                     A CWWKT0017I: Web application removed (default_host): http://hubris.home:9081/openapi/
[4/17/20, 12:15:22:868 EDT] 000002fa com.ibm.ws.http.internal.VirtualHostImpl                     A CWWKT0017I: Web application removed (default_host): http://hubris.home:9081/Swarm/
[4/17/20, 12:15:23:876 EDT] 000003a7 com.ibm.ws.runtime.update.internal.RuntimeUpdateManagerImpl  I CWWKE1101I: Server quiesce complete.
[4/17/20, 12:15:23:920 EDT] 00000179 com.ibm.ws.app.manager.AppMessageHelper                      A CWWKZ0009I: The application Swarm has stopped successfully.
[4/17/20, 12:15:23:952 EDT] 000003a7 com.ibm.ws.webcontainer.servlet                              I SRVE0253I: [com.ibm.ws.microprofile.metrics.private] [/metrics] [PrivateMetricsRESTProxyServlet]: Destroy successful.
[4/17/20, 12:15:23:960 EDT] 000003a7 com.ibm.ws.webcontainer.servlet                              I SRVE0253I: [com.ibm.ws.microprofile.health.2.0] [/health] [HealthCheckReadinessServlet]: Destroy successful.
[4/17/20, 12:15:23:960 EDT] 000003a7 com.ibm.ws.webcontainer.servlet                              I SRVE0253I: [com.ibm.ws.microprofile.health.2.0] [/health] [HealthCheckLivenessServlet]: Destroy successful.
[4/17/20, 12:15:23:960 EDT] 000003a7 com.ibm.ws.webcontainer.servlet                              I SRVE0253I: [com.ibm.ws.microprofile.health.2.0] [/health] [HealthCheckServlet]: Destroy successful.
[4/17/20, 12:15:23:968 EDT] 000003a7 com.ibm.ws.webcontainer.servlet                              I SRVE0253I: [com.ibm.ws.microprofile.openapi] [/openapi] [OpenAPIServlet]: Destroy successful.
[4/17/20, 12:15:24:515 EDT] 000003a7 .ws.security.mp.jwt.v11.config.impl.MpConfigProxyServiceImpl I CWWKS5777I: The MicroProfile JWT version 1.1 mpConfigProxy deactivated successfully.
[4/17/20, 12:15:24:519 EDT] 000003a7 com.ibm.ws.security.mp.jwt.impl.MicroProfileJwtConfigImpl    I CWWKS5502I: The MicroProfile JWT configuration [defaultMpJwt] was successfully deactivated.
[4/17/20, 12:15:24:521 EDT] 000003a7 com.ibm.ws.security.mp.jwt.impl.MicroProfileJwtServiceImpl   I CWWKS5502I: The MicroProfile JWT configuration [MicroProfileJwtService] was successfully deactivated.
[4/17/20, 12:15:24:714 EDT] 000003a7 ibm.ws.security.authentication.internal.jaas.JAASServiceImpl I CWWKS1124I: The collective authentication plugin with class name NullCollectiveAuthenticationPlugin has been deactivated. 
[4/17/20, 12:15:24:943 EDT] 000003a7 com.ibm.ws.security.ready.internal.SecurityReadyServiceImpl  I CWWKS0009I: The security service has stopped.
[4/17/20, 12:15:25:483 EDT] 00000001 com.ibm.ws.kernel.launch.internal.FrameworkManager           A CWWKE0036I: The server LibertySwarm stopped after 20 minutes, 14.867 seconds.
