------Start of DE processing------ = [4/9/20, 9:01:40:401 EDT]
Exception = javax.servlet.ServletException
Source = com.ibm.ws.jaxrs20.server.LibertyJaxRsServerFactoryBean
probeid = 288
Stack Dump = javax.servlet.ServletException: No valid constructor found for ServerBoard
	at com.ibm.ws.jaxrs20.server.LibertyJaxRsServerFactoryBean.createSingletonInstance(LibertyJaxRsServerFactoryBean.java:222)
	at com.ibm.ws.jaxrs20.server.LibertyJaxRsServerFactoryBean.onApplicationInit(LibertyJaxRsServerFactoryBean.java:155)
	at com.ibm.ws.jaxrs20.server.LibertyJaxRsServerFactoryBean.doInit(LibertyJaxRsServerFactoryBean.java:280)
	at com.ibm.ws.jaxrs20.server.JaxRsWebEndpointImpl.init(JaxRsWebEndpointImpl.java:66)
	at com.ibm.websphere.jaxrs.server.IBMRestServlet.init(IBMRestServlet.java:64)
	at com.ibm.ws.webcontainer.servlet.ServletWrapper.init(ServletWrapper.java:291)
	at com.ibm.ws.webcontainer.servlet.ServletWrapper.handleRequest(ServletWrapper.java:584)
	at com.ibm.ws.webcontainer.servlet.ServletWrapper.handleRequest(ServletWrapper.java:426)
	at com.ibm.ws.webcontainer.filter.WebAppFilterManager.invokeFilters(WebAppFilterManager.java:1226)
	at com.ibm.ws.webcontainer.webapp.WebApp.handleRequest(WebApp.java:5021)
	at com.ibm.ws.webcontainer.osgi.DynamicVirtualHost$2.handleRequest(DynamicVirtualHost.java:314)
	at com.ibm.ws.webcontainer.WebContainer.handleRequest(WebContainer.java:1007)
	at com.ibm.ws.webcontainer.osgi.DynamicVirtualHost$2.run(DynamicVirtualHost.java:279)
	at com.ibm.ws.http.dispatcher.internal.channel.HttpDispatcherLink$TaskWrapper.run(HttpDispatcherLink.java:1134)
	at com.ibm.ws.http.dispatcher.internal.channel.HttpDispatcherLink.wrapHandlerAndExecute(HttpDispatcherLink.java:415)
	at com.ibm.ws.http.dispatcher.internal.channel.HttpDispatcherLink.ready(HttpDispatcherLink.java:374)
	at com.ibm.ws.http.channel.internal.inbound.HttpInboundLink.handleDiscrimination(HttpInboundLink.java:551)
	at com.ibm.ws.http.channel.internal.inbound.HttpInboundLink.handleNewRequest(HttpInboundLink.java:484)
	at com.ibm.ws.http.channel.internal.inbound.HttpInboundLink.processRequest(HttpInboundLink.java:346)
	at com.ibm.ws.http.channel.internal.inbound.HttpInboundLink.ready(HttpInboundLink.java:317)
	at com.ibm.ws.tcpchannel.internal.NewConnectionInitialReadCallback.sendToDiscriminators(NewConnectionInitialReadCallback.java:167)
	at com.ibm.ws.tcpchannel.internal.NewConnectionInitialReadCallback.complete(NewConnectionInitialReadCallback.java:75)
	at com.ibm.ws.tcpchannel.internal.WorkQueueManager.requestComplete(WorkQueueManager.java:504)
	at com.ibm.ws.tcpchannel.internal.WorkQueueManager.attemptIO(WorkQueueManager.java:574)
	at com.ibm.ws.tcpchannel.internal.WorkQueueManager.workerRun(WorkQueueManager.java:958)
	at com.ibm.ws.tcpchannel.internal.WorkQueueManager$Worker.run(WorkQueueManager.java:1047)
	at com.ibm.ws.threading.internal.ExecutorServiceImpl$RunnableWrapper.run(ExecutorServiceImpl.java:239)
	at java.base/java.util.concurrent.ThreadPoolExecutor.runWorker(ThreadPoolExecutor.java:1128)
	at java.base/java.util.concurrent.ThreadPoolExecutor$Worker.run(ThreadPoolExecutor.java:628)
	at java.base/java.lang.Thread.run(Thread.java:834)

Dump of callerThis
Object type = com.ibm.ws.jaxrs20.server.LibertyJaxRsServerFactoryBean
  tc = class com.ibm.websphere.ras.TraceComponent@a77018e7
    strings[0] = "TraceComponent[com.ibm.ws.jaxrs20.server.LibertyJaxRsServerFactoryBean,class com.ibm.ws.jaxrs20.server.LibertyJaxRsServerFactoryBean,[JaxRsServer],com.ibm.ws.jaxrs20.server.internal.resources.JaxRsServerMessages,null]"
  beanCustomizers = class java.util.LinkedList@f0c8f8cf
    size = "/* Could not access size */"
    first = "/* Could not access first */"
    last = "/* Could not access last */"
    serialVersionUID = "/* Could not access serialVersionUID */"
    modCount = "/* Could not access modCount */"
    MAX_ARRAY_SIZE = "/* Could not access MAX_ARRAY_SIZE */"
  beanCustomizerContexts = class java.util.HashMap@de8c7db2
    serialVersionUID = "/* Could not access serialVersionUID */"
    DEFAULT_INITIAL_CAPACITY = "/* Could not access DEFAULT_INITIAL_CAPACITY */"
    MAXIMUM_CAPACITY = "/* Could not access MAXIMUM_CAPACITY */"
    DEFAULT_LOAD_FACTOR = "/* Could not access DEFAULT_LOAD_FACTOR */"
    TREEIFY_THRESHOLD = "/* Could not access TREEIFY_THRESHOLD */"
    UNTREEIFY_THRESHOLD = "/* Could not access UNTREEIFY_THRESHOLD */"
    MIN_TREEIFY_CAPACITY = "/* Could not access MIN_TREEIFY_CAPACITY */"
    table = "/* Could not access table */"
    entrySet = "/* Could not access entrySet */"
    size = "/* Could not access size */"
    modCount = "/* Could not access modCount */"
    threshold = "/* Could not access threshold */"
    loadFactor = "/* Could not access loadFactor */"
    keySet = "/* Could not access keySet */"
    values = "/* Could not access values */"
  endpointInfo = class com.ibm.ws.jaxrs20.metadata.EndpointInfo@7d0fc901
    serialVersionUID = 97168420190792502
    servletName = "ServerBoard"
    servletClassName = null
    servletMappingUrl = null
    appClassName = "ServerBoard"
    appPath = "/*"
    providerAndPathClassNames = class java.util.HashSet@c4907e19
      serialVersionUID = "/* Could not access serialVersionUID */"
      map = "/* Could not access map */"
      PRESENT = "/* Could not access PRESENT */"
      MAX_ARRAY_SIZE = "/* Could not access MAX_ARRAY_SIZE */"
    address = "/"
    app = null
    customizedApp = false
    perRequestProviderAndPathInfos = class java.util.HashSet@cb00e5aa
      serialVersionUID = "/* Could not access serialVersionUID */"
      map = "/* Could not access map */"
      PRESENT = "/* Could not access PRESENT */"
      MAX_ARRAY_SIZE = "/* Could not access MAX_ARRAY_SIZE */"
    singletonProviderAndPathInfos = class java.util.HashSet@58dd4574
      serialVersionUID = "/* Could not access serialVersionUID */"
      map = "/* Could not access map */"
      PRESENT = "/* Could not access PRESENT */"
      MAX_ARRAY_SIZE = "/* Could not access MAX_ARRAY_SIZE */"
    abstractClassInterfaceList = class java.util.ArrayList@1fa1b09a
      serialVersionUID = "/* Could not access serialVersionUID */"
      DEFAULT_CAPACITY = "/* Could not access DEFAULT_CAPACITY */"
      EMPTY_ELEMENTDATA = "/* Could not access EMPTY_ELEMENTDATA */"
      DEFAULTCAPACITY_EMPTY_ELEMENTDATA = "/* Could not access DEFAULTCAPACITY_EMPTY_ELEMENTDATA */"
      elementData = "/* Could not access elementData */"
      size = "/* Could not access size */"
      MAX_ARRAY_SIZE = "/* Could not access MAX_ARRAY_SIZE */"
      modCount = "/* Could not access modCount */"
      MAX_ARRAY_SIZE = "/* Could not access MAX_ARRAY_SIZE */"
    configuredInWebXml = false
    endpointProperties = null
    $$$tc$$$ = class com.ibm.websphere.ras.TraceComponent@e1cfacc9
      strings[0] = "TraceComponent[com.ibm.ws.jaxrs20.metadata.EndpointInfo,class com.ibm.ws.jaxrs20.metadata.EndpointInfo,[],null,null]"
  moduleMetadata = class com.ibm.ws.jaxrs20.metadata.JaxRsModuleMetaData@51c1dee1
    tc = class com.ibm.websphere.ras.TraceComponent@f1c538b2
      strings[0] = "TraceComponent[com.ibm.ws.jaxrs20.metadata.JaxRsModuleMetaData,class com.ibm.ws.jaxrs20.metadata.JaxRsModuleMetaData,[],null,null]"
    serverMetaData = class com.ibm.ws.jaxrs20.metadata.JaxRsServerMetaData@451a7ad1
      applicationBus = class com.ibm.ws.jaxrs20.bus.LibertyApplicationBus@11ef638d
      resourceMethodCache = class com.ibm.ws.jaxrs20.cache.LibertyJaxRsResourceMethodCache@8c5c54e
      serialVersionUID = -79057202256860152
      $$$tc$$$ = class com.ibm.websphere.ras.TraceComponent@126ca160
    name = null
    appContextClassLoader = class com.ibm.ws.classloading.internal.ThreadContextClassLoader@d0cd23ed
      tc = class com.ibm.websphere.ras.TraceComponent@ecdae3a5
      bundle = class java.util.concurrent.atomic.AtomicReference@62fe9233
      key = "WebModule:Swarm#Swarm.war"
      refCount = class java.util.concurrent.atomic.AtomicInteger@cc50a5b6
      appLoader = class com.ibm.ws.classloading.internal.AppClassLoader@9d1093d
      clSvc = class com.ibm.ws.classloading.internal.ClassLoadingServiceImpl@142da934
      serialVersionUID = 846416563800781557
      tc = class com.ibm.websphere.ras.TraceComponent@af2dd178
      followOnClassLoaders = class java.util.ArrayList@9efe78d1
      serialVersionUID = 8829649920524275888
      serialVersionUID = -4586727107834513475
      $$$tc$$$ = class com.ibm.websphere.ras.TraceComponent@b080279d
      serialVersionUID = -7709588811276454856
      $$$tc$$$ = class com.ibm.websphere.ras.TraceComponent@26b5398f
      initialized = "/* Could not access initialized */"
      pdcache = "/* Could not access pdcache */"
      defaultCodeSource = "/* Could not access defaultCodeSource */"
      bootstrapClassLoader = "/* Could not access bootstrapClassLoader */"
      servicesCatalog = "/* Could not access servicesCatalog */"
      unnamedModule = "/* Could not access unnamedModule */"
      classLoaderName = "/* Could not access classLoaderName */"
      DELEGATING_CL = "/* Could not access DELEGATING_CL */"
      isDelegatingCL = "/* Could not access isDelegatingCL */"
      applicationClassLoader = "/* Could not access applicationClassLoader */"
      initSystemClassLoader = "/* Could not access initSystemClassLoader */"
      isAssertOptionFound = "/* Could not access isAssertOptionFound */"
      vmRef = "/* Could not access vmRef */"
      parent = "/* Could not access parent */"
      checkAssertionOptions = "/* Could not access checkAssertionOptions */"
      assertionLock = "/* Could not access assertionLock */"
      defaultAssertionStatus = "/* Could not access defaultAssertionStatus */"
      packageAssertionStatus = "/* Could not access packageAssertionStatus */"
      classAssertionStatus = "/* Could not access classAssertionStatus */"
      packages = "/* Could not access packages */"
      classLoaderValueMap = "/* Could not access classLoaderValueMap */"
      lazyInitLock = "/* Could not access lazyInitLock */"
      classSigners = "/* Could not access classSigners */"
      packageSigners = "/* Could not access packageSigners */"
      emptyCertificates = "/* Could not access emptyCertificates */"
      defaultProtectionDomain = "/* Could not access defaultProtectionDomain */"
      parallelCapableCollection = "/* Could not access parallelCapableCollection */"
      classNameBasedLock = "/* Could not access classNameBasedLock */"
      isParallelCapable = "/* Could not access isParallelCapable */"
      EMPTY_PACKAGE_ARRAY = "/* Could not access EMPTY_PACKAGE_ARRAY */"
      methodTypeFromMethodDescriptorStringCache = "/* Could not access methodTypeFromMethodDescriptorStringCache */"
      allowArraySyntax = "/* Could not access allowArraySyntax */"
      lazyClassLoaderInit = "/* Could not access lazyClassLoaderInit */"
      specialLoaderInited = "/* Could not access specialLoaderInited */"
      internalAnonClassLoader = "/* Could not access internalAnonClassLoader */"
    j2EEName = class com.ibm.ws.container.service.metadata.internal.J2EENameImpl@cbaba6c9
      serialVersionUID = 7488184044073147667
      application = "Swarm"
      module = "Swarm.war"
      component = null
      string = "Swarm#Swarm.war"
      j2eeNameBytes = null
      $$$tc$$$ = class com.ibm.websphere.ras.TraceComponent@2ef35749
    moduleContainer = class com.ibm.ws.adaptable.module.internal.AdaptableContainerImpl@8e552bd4
      root = class com.ibm.ws.adaptable.module.internal.AdaptableContainerImpl@8e552bd4
      rootOverlay = class com.ibm.ws.artifact.overlay.internal.DirectoryBasedOverlayContainerImpl@df614f88
      factoryHolder = class com.ibm.ws.adaptable.module.internal.AdaptableModuleFactoryImpl@67157778
      delegate = class com.ibm.ws.artifact.overlay.internal.DirectoryBasedOverlayContainerImpl@df614f88
      notifier = class com.ibm.ws.adaptable.module.internal.NotifierImpl@2a7ff369
      serialVersionUID = -5950528200509051684
      $$$tc$$$ = class com.ibm.websphere.ras.TraceComponent@43942026
    moduleInfo = class com.ibm.ws.app.manager.module.internal.WebModuleInfoImpl@851af39b
      contextRoot = "/Swarm"
      isDefaultContextRootUsed = true
      defaultContextRoot = "Swarm"
      serialVersionUID = -6699247856069243844
      $$$tc$$$ = class com.ibm.websphere.ras.TraceComponent@31faad28
      tc = class com.ibm.websphere.ras.TraceComponent@766fdd7c
      appInfo = class com.ibm.ws.container.service.app.deploy.internal.ApplicationInfoImpl@2c81f352
      moduleName = "Swarm"
      path = "Swarm.war"
      moduleContainer = class com.ibm.ws.adaptable.module.internal.AdaptableContainerImpl@8e552bd4
      altDDEntry = null
      moduleClassesContainers = class java.util.ArrayList@164d59a7
      classLoaderFactory = class com.ibm.ws.app.manager.war.internal.WARDeployedAppInfo@e61fe218
      containerInfoType = class com.ibm.ws.container.service.app.deploy.ContainerInfo$Type@d625ccb
      classLoader = class com.ibm.ws.classloading.internal.AppClassLoader@9d1093d
      moduleMetaData = class com.ibm.ws.webcontainer.osgi.metadata.WebModuleMetaDataImpl@64e2edc7
      nestedModuleMetaDataTypes = null
      nestedModuleMetaDataValues = null
      serialVersionUID = 3986734351620206554
    managedAppRef = null
    jaxrsModuleSlot = class com.ibm.ws.runtime.metadata.MetaDataSlotImpl@9a4a7b7e
      id = 0
      destroyed = false
      metadataIntf = class java.lang.Class@372b1e34
      manager = class com.ibm.ws.container.service.metadata.internal.ModuleMetaDataManager@82907e76
      bundle = class org.eclipse.osgi.internal.framework.EquinoxBundle@a6dbdaf0
    enclosingModuleMetaDatas = class java.util.ArrayList@4033ebf5
      serialVersionUID = "/* Could not access serialVersionUID */"
      DEFAULT_CAPACITY = "/* Could not access DEFAULT_CAPACITY */"
      EMPTY_ELEMENTDATA = "/* Could not access EMPTY_ELEMENTDATA */"
      DEFAULTCAPACITY_EMPTY_ELEMENTDATA = "/* Could not access DEFAULTCAPACITY_EMPTY_ELEMENTDATA */"
      elementData = "/* Could not access elementData */"
      size = "/* Could not access size */"
      MAX_ARRAY_SIZE = "/* Could not access MAX_ARRAY_SIZE */"
      modCount = "/* Could not access modCount */"
      MAX_ARRAY_SIZE = "/* Could not access MAX_ARRAY_SIZE */"
    serialVersionUID = -7464020320882459427
  servletConfig = class com.ibm.ws.webcontainer.servlet.ServletConfig@612d6fa8
    logger = class com.ibm.ws.logging.internal.WsLogger@8cd03c05
      tc = class com.ibm.websphere.ras.TraceComponent@f485dc1d
      ivCachedResourceBundleName = "com.ibm.ws.webcontainer.resources.Messages"
      ivCachedResourceBundle = class com.ibm.ws.webcontainer.resources.Messages@84df19c6
      ivComponent = null
      ivOrganization = null
      ivProduct = null
      ivMinimumLocalizationLevelIntValue = 625
      ivTC = class com.ibm.websphere.ras.TraceComponent@809d67fe
      loggerRegistrationComponent = class java.lang.ThreadLocal@37dc082c
      emptyHandlers = "/* Could not access emptyHandlers */"
      offValue = "/* Could not access offValue */"
      SYSTEM_LOGGER_RB_NAME = "/* Could not access SYSTEM_LOGGER_RB_NAME */"
      SYSTEM_BUNDLE = "/* Could not access SYSTEM_BUNDLE */"
      NO_RESOURCE_BUNDLE = "/* Could not access NO_RESOURCE_BUNDLE */"
      config = "/* Could not access config */"
      manager = "/* Could not access manager */"
      name = "/* Could not access name */"
      loggerBundle = "/* Could not access loggerBundle */"
      anonymous = "/* Could not access anonymous */"
      catalog = "/* Could not access catalog */"
      catalogName = "/* Could not access catalogName */"
      catalogLocale = "/* Could not access catalogLocale */"
      treeLock = "/* Could not access treeLock */"
      parent = "/* Could not access parent */"
      kids = "/* Could not access kids */"
      callerModuleRef = "/* Could not access callerModuleRef */"
      isSystemLogger = "/* Could not access isSystemLogger */"
      GLOBAL_LOGGER_NAME = "global"
      global = class java.util.logging.Logger@98e9e2d1
    CLASS_NAME = "com.ibm.ws.webcontainer.servlet.ServletConfig"
    nls = class com.ibm.ejs.ras.TraceNLS@c01f8d05
      resolver = class com.ibm.ws.logging.internal.TraceNLSResolver@b8e45f1c
      finder = null
      ivBundleName = "com.ibm.ws.webcontainer.resources.Messages"
      caller = class java.lang.Class@916fcdf8
    liberty_nls = class com.ibm.ejs.ras.TraceNLS@4c1fad4b
      resolver = class com.ibm.ws.logging.internal.TraceNLSResolver@b8e45f1c
      finder = null
      ivBundleName = "com.ibm.ws.webcontainer.resources.LShimMessages"
      caller = class java.lang.Class@916fcdf8
    enabled = true
    servletName = "ServerBoard"
    className = null
    mappings = class java.util.ArrayList@20b6764a
      serialVersionUID = "/* Could not access serialVersionUID */"
      DEFAULT_CAPACITY = "/* Could not access DEFAULT_CAPACITY */"
      EMPTY_ELEMENTDATA = "/* Could not access EMPTY_ELEMENTDATA */"
      DEFAULTCAPACITY_EMPTY_ELEMENTDATA = "/* Could not access DEFAULTCAPACITY_EMPTY_ELEMENTDATA */"
      elementData = "/* Could not access elementData */"
      size = "/* Could not access size */"
      MAX_ARRAY_SIZE = "/* Could not access MAX_ARRAY_SIZE */"
      modCount = "/* Could not access modCount */"
      MAX_ARRAY_SIZE = "/* Could not access MAX_ARRAY_SIZE */"
    startUpWeight = null
    DEFAULT_STARTUP = -1
    isCachingEnabled = true
    isStatisticsEnabled = true
    isInternal = false
    metaData = class com.ibm.ws.webcontainer.osgi.metadata.WebComponentMetaDataImpl@b7250561
      j2eeName = class com.ibm.ws.container.service.metadata.internal.J2EENameImpl@8c5ea8de
      webModuleMetaData = class com.ibm.ws.webcontainer.osgi.metadata.WebModuleMetaDataImpl@64e2edc7
      mBeanServiceReg = null
      tc = class com.ibm.websphere.ras.TraceComponent@a5af9653
      NUM_STATIC_SLOTS = 4
      ID_UNINITIALIZED = -1
      id = 21
      metaDataInterface = class java.lang.Class@925d5786
      staticSlots = class java.lang.Object[4]
      dynamicSlots = null
    singleThreadModelServlet = false
    isJsp = false
    webAppConfig = class com.ibm.ws.webcontainer.osgi.webapp.WebAppConfiguration@2acfdd8f
      webModuleMetaData = class com.ibm.ws.webcontainer.osgi.metadata.WebModuleMetaDataImpl@64e2edc7
      webComponentMetaData = class com.ibm.ws.webcontainer.osgi.metadata.WebComponentMetaDataImpl@c4e2d792
      dVirtualHost = class com.ibm.ws.webcontainer.osgi.DynamicVirtualHost@5e4b9319
      orderedLibPaths = class java.util.Collections$UnmodifiableRandomAccessList@9a88664
      bundleHeaders = null
      cdiEnabled = false
      CLASS_NAME = "com.ibm.ws.webcontainer.webapp.WebAppConfiguration"
      logger = class com.ibm.ws.logging.internal.WsLogger@60e27e80
      tc = class com.ibm.websphere.ras.TraceComponent@b0373dcc
      nls = class com.ibm.ejs.ras.TraceNLS@a0bdd779
      version = 30
      contextRoot = "/Swarm"
      isDefaultContextRootUsed = true
      sessionTimeout = 0
      moduleSessionTimeoutSet = false
      moduleSessionTrackingModeSet = false
      sessionCookieConfig = class com.ibm.ws.session.SessionCookieConfigImpl@7d029cab
      hasProgrammaticCookieConfig = false
      sessionDefaultTrackingModeSet = class java.util.RegularEnumSet@f5f25361
      sessionManagerConfig = class com.ibm.ws.session.SessionManagerConfig@a01c4b25
      displayName = "Swarm"
      description = null
      reloadInterval = 0
      distributable = false
      denyUncoveredHttpMethods = false
      reloadingEnabled = false
      serveServletsByClassnameEnabled = false
      defaultErrorPage = null
      additionalClassPath = null
      fileServingEnabled = null
      directoryBrowsingEnabled = false
      autoRequestEncoding = false
      autoResponseEncoding = false
      autoLoadFilters = false
      requestListeners = null
      requestAttributeListeners = null
      sessionListeners = null
      localeMap = null
      moduleName = "Swarm"
      j2eeModuleName = "Swarm.war"
      moduleId = null
      isSyncToThreadEnabled = false
      encodeDispatchedRequestURI = false
      isSystemApp = false
      ardEnabled = false
      ardDispatchType = null
      listeners = class java.util.ArrayList@d95a2f3
      welcomeFileList = class java.util.ArrayList@c2aae2e4
      servletMappings = class java.util.HashMap@16c3f4e7
      lastIndexBeforeDeclaredFilters = 0
      filterMappings = class java.util.ArrayList@df69545f
      servletInfo = class java.util.concurrent.ConcurrentHashMap@3aedc372
      filterInfo = class java.util.HashMap@48d86a5f
      mimeMappings = class java.util.HashMap@15f31d3c
      mimeFilters = null
      isMimeFilteringEnabled = false
      theWebGroup = null
      jspAttributes = class java.util.HashMap@db580167
      fileServingAttributes = class java.util.HashMap@64a2ec06
      invokerAttributes = class java.util.HashMap@442f5cc
      contextParams = class java.util.HashMap@75461c52
      virtualHost = "default_host"
      exceptionErrorPages = class java.util.HashMap@244fba1e
      codeErrorPages = class java.util.HashMap@86576a67
      tagLibList = null
      precompileJsps = false
      webApp = class com.ibm.ws.webcontainer40.osgi.webapp.WebApp40@8296d457
      virtualHostList = class java.util.Collections$EmptyList@e41a72f4
      appStartupWeight = 0
      moduleStartupWeight = 0
      metaDataComplete = false
      classesToScan = class java.util.ArrayList@f1a81d2a
      uriFilterMappingInfos = null
      servletFilterMappingInfos = null
      dynamicServletRegistrationMap = null
      applicationName = "Swarm"
      libBinPathList = class java.util.ArrayList@5bc6770a
      webXmlDefinedListeners = class java.util.HashSet@ac31826f
      allRefs = class java.util.EnumMap@9d13bdf6
      allRefBindings = class java.util.EnumMap@93877ad8
      envEntryValues = class java.util.HashMap@78403c34
      resourceRefConfigList = null
      disallowAllFileServingProp = "false"
      disallowServeServletsByClassnameProp = "true"
      disableStaticMappingCache = false
      jspCachedLocations = null
      primedSTSHeader = "NoValue"
      enablemultireadofpostdata = false
      requestEncoding = null
      responseEncoding = null
      NULLSERVLETNAME = "com.ibm.ws.webcontainer.NullServletName"
      _id = "WebAppGeneratedId8"
      _attributes = null
      serialVersionUID = 7511545662945734886
      $$$tc$$$ = class com.ibm.websphere.ras.TraceComponent@1c960524
    servletWrapper = class com.ibm.ws.webcontainer.osgi.servlet.ServletWrapper@e3131954
      serialVersionUID = 1
      _mo = null
      serialVersionUID = -4479626085298397598
      notifyInvocationListeners = false
      UNINITIALIZED_STATE = -1
      AVAILABLE_STATE = 0
      UNAVAILABLE_STATE = 1
      UNAVAILABLE_PERMANENTLY_STATE = 2
      collabHelper = class com.ibm.ws.webcontainer.osgi.collaborator.CollaboratorHelperImpl@d8a5e5df
      nServicing = class java.util.concurrent.atomic.AtomicInteger@2bff3f3e
      lastAccessTime = 1586437280479
      state = -1
      logger = class com.ibm.ws.logging.internal.WsLogger@8cd03c05
      CLASS_NAME = "com.ibm.ws.webcontainer.servlet.ServletWrapper"
      nls = class com.ibm.ejs.ras.TraceNLS@d4736211
      servletConfig = class com.ibm.ws.webcontainer.servlet.ServletConfig@612d6fa8
      context = class com.ibm.ws.webcontainer40.osgi.webapp.WebApp40@8296d457
      target = class com.ibm.websphere.jaxrs.server.IBMRestServlet@61c4a0b7
      cacheWrappers = null
      targetLoader = null
      evtSource = class com.ibm.ws.webcontainer.webapp.WebAppEventSource@46ba6836
      event = class com.ibm.websphere.servlet.event.ServletEvent@e863b63
      unavailableMessage = null
      unavailableUntil = -1
      isSTM = false
      internalServlet = false
      webAppInvocationCollaborators = null
      platformHelper = class com.ibm.ws.webcontainer.PlatformHelper@3488e442
      webAppNameSpaceCollab = class com.ibm.ws.webcontainer.osgi.collaborator.WebAppNameSpaceCollaboratorImpl@2e4696e3
      txCollab = class com.ibm.ws.transaction.services.WebAppTransactionCollaboratorImpl@85a49faf
      suppressServletExceptionLogging = false
      throwExceptionEnum = class java.util.RegularEnumSet@9191a1c
      discernUnavailableServlet = false
      reInitServletonInitUnavailableException = true
      destroyServletonServiceUnavailableException = false
      servlet23 = true
      PARAMS_HEAD_TRACE = class java.lang.Class[2]
      defaultHeadMethodInUse = false
      defaultTraceMethodInUse = false
      checkedForDefaultMethods = null
      defaultTraceRequestBehavior = false
      defaultHeadRequestBehavior = false
      useOriginalRequestState = false
      warningStatusSet = false
      LSTRING_FILE = "javax.servlet.LocalStrings"
      lStrings = class java.util.PropertyResourceBundle@27b0797c
      config = null
    servletClass = class java.lang.Class@6431a17f
      serialVersionUID = "/* Could not access serialVersionUID */"
      AllPermissionsPD = "/* Could not access AllPermissionsPD */"
      SYNTHETIC = "/* Could not access SYNTHETIC */"
      ANNOTATION = "/* Could not access ANNOTATION */"
      ENUM = "/* Could not access ENUM */"
      MEMBER_INVALID_TYPE = "/* Could not access MEMBER_INVALID_TYPE */"
      EmptyParameters = "/* Could not access EmptyParameters */"
      vmRef = "/* Could not access vmRef */"
      module = "/* Could not access module */"
      protectionDomain = "/* Could not access protectionDomain */"
      classNameString = "/* Could not access classNameString */"
      fileNameString = "/* Could not access fileNameString */"
      annotationVars = "/* Could not access annotationVars */"
      annotationVarsOffset = "/* Could not access annotationVarsOffset */"
      classValueMap = "/* Could not access classValueMap */"
      enumVars = "/* Could not access enumVars */"
      enumVarsOffset = "/* Could not access enumVarsOffset */"
      initializationLock = "/* Could not access initializationLock */"
      methodHandleCache = "/* Could not access methodHandleCache */"
      classRepoHolder = "/* Could not access classRepoHolder */"
      annotationCache = "/* Could not access annotationCache */"
      annotationCacheOffset = "/* Could not access annotationCacheOffset */"
      reflectCacheEnabled = "/* Could not access reflectCacheEnabled */"
      reflectCacheDebug = "/* Could not access reflectCacheDebug */"
      reflectCacheAppOnly = "/* Could not access reflectCacheAppOnly */"
      cachedInterfaces = "/* Could not access cachedInterfaces */"
      cachedInterfacesOffset = "/* Could not access cachedInterfacesOffset */"
      cachedDeclaringClass = "/* Could not access cachedDeclaringClass */"
      cachedDeclaringClassOffset = "/* Could not access cachedDeclaringClassOffset */"
      cachedEnclosingClass = "/* Could not access cachedEnclosingClass */"
      cachedEnclosingClassOffset = "/* Could not access cachedEnclosingClassOffset */"
      EMPTY_ANNOTATION_ARRAY = "/* Could not access EMPTY_ANNOTATION_ARRAY */"
      implLookup = "/* Could not access implLookup */"
      unsafe = "/* Could not access unsafe */"
      nestHost = "/* Could not access nestHost */"
      copyMethod = "/* Could not access copyMethod */"
      copyField = "/* Could not access copyField */"
      copyConstructor = "/* Could not access copyConstructor */"
      methodParameterTypesField = "/* Could not access methodParameterTypesField */"
      constructorParameterTypesField = "/* Could not access constructorParameterTypesField */"
      NoArgs = "/* Could not access NoArgs */"
      reflectCache = "/* Could not access reflectCache */"
      reflectCacheOffset = "/* Could not access reflectCacheOffset */"
    servlet = class com.ibm.websphere.jaxrs.server.IBMRestServlet@61c4a0b7
      serialVersionUID = -6835560282014155024
      KNOWN_HTTP_VERBS = class java.util.Arrays$ArrayList@e8c57ad3
      HTML_CONTENT_TYPE = "text/html"
      endpoint = class com.ibm.ws.jaxrs20.server.JaxRsWebEndpointImpl@6436d416
      collaborator = class com.ibm.ws.webcontainer.osgi.collaborator.WebAppNameSpaceCollaboratorImpl@2e4696e3
      providerFactoryService = class com.ibm.ws.jaxrs20.component.JaxRsProviderFactory@b23b4ef1
      $$$tc$$$ = class com.ibm.websphere.ras.TraceComponent@d04379b7
      METHOD_DELETE = "DELETE"
      METHOD_HEAD = "HEAD"
      METHOD_GET = "GET"
      METHOD_OPTIONS = "OPTIONS"
      METHOD_POST = "POST"
      METHOD_PUT = "PUT"
      METHOD_TRACE = "TRACE"
      HEADER_IFMODSINCE = "If-Modified-Since"
      HEADER_LASTMOD = "Last-Modified"
      LSTRING_FILE = "javax.servlet.http.LocalStrings"
      lStrings = class java.util.PropertyResourceBundle@ac89c4c6
      LSTRING_FILE = "javax.servlet.LocalStrings"
      lStrings = class java.util.PropertyResourceBundle@27b0797c
      config = class com.ibm.ws.webcontainer.servlet.ServletConfig@612d6fa8
    addedToLoadOnStartup = true
    previousWeight = null
    multipartConfig = null
    multipartConfigBaseLocation = null
    runAsRole = null
    servletSecurityElement = null
    declareRolesAnnotation = null
    logger = class com.ibm.ws.logging.internal.WsLogger@8cd03c05
    CLASS_NAME = "com.ibm.ws.webcontainer.servlet.TargetConfig"
    initParams = null
    fileName = null
    displayName = null
    name = "ServerBoard"
    description = null
    smallIcon = null
    largeIcon = null
    context = class com.ibm.ws.webcontainer40.facade.ServletContextFacade40@2d80e167
      context = class com.ibm.ws.webcontainer40.osgi.webapp.WebApp40@8296d457
    className = null
    asyncSupported = true
    _id = "ServerBoard"
    _attributes = null
    serialVersionUID = 7511545662945734886
    $$$tc$$$ = class com.ibm.websphere.ras.TraceComponent@1c960524
      strings[0] = "TraceComponent[com.ibm.ws.container.BaseConfiguration,class com.ibm.ws.container.BaseConfiguration,[],null,null]"
  providerFactoryService = class com.ibm.ws.jaxrs20.component.JaxRsProviderFactory@b23b4ef1
    jsonpProvider = class org.glassfish.json.JsonProviderImpl@1a3e49d7
      bufferPool = class org.glassfish.json.BufferPoolImpl@7417f306
      DEFAULT_PROVIDER = "org.glassfish.json.JsonProviderImpl"
    jsonbProvider = class org.eclipse.yasson.JsonBindingProvider@47c37bf2
      DEFAULT_PROVIDER = "org.eclipse.yasson.JsonBindingProvider"
    serviceInstance = class com.ibm.ws.jaxrs20.component.JaxRsProviderFactory@b23b4ef1
    providerRegisterList = class java.util.concurrent.CopyOnWriteArrayList@7b134ce9
      serialVersionUID = "/* Could not access serialVersionUID */"
      lock = "/* Could not access lock */"
      array = "/* Could not access array */"
    _featureProvisioner = class com.ibm.wsspi.kernel.service.utils.AtomicServiceReference@de2bbdab
      referenceName = "featureProvisioner"
      tuple = class java.util.concurrent.atomic.AtomicReference@fef70aba
      serialVersionUID = 2226592364007985000
      $$$tc$$$ = class com.ibm.websphere.ras.TraceComponent@14ad0aae
    serialVersionUID = -7573543353316237221
    $$$tc$$$ = class com.ibm.websphere.ras.TraceComponent@2e34f371
      strings[0] = "TraceComponent[com.ibm.ws.jaxrs20.component.JaxRsProviderFactory,class com.ibm.ws.jaxrs20.component.JaxRsProviderFactory,[],null,null]"
  lockObject = 0
  serialVersionUID = -6237935879847761486
  resourceProviders = class java.util.HashMap@bd44ec85
    serialVersionUID = "/* Could not access serialVersionUID */"
    DEFAULT_INITIAL_CAPACITY = "/* Could not access DEFAULT_INITIAL_CAPACITY */"
    MAXIMUM_CAPACITY = "/* Could not access MAXIMUM_CAPACITY */"
    DEFAULT_LOAD_FACTOR = "/* Could not access DEFAULT_LOAD_FACTOR */"
    TREEIFY_THRESHOLD = "/* Could not access TREEIFY_THRESHOLD */"
    UNTREEIFY_THRESHOLD = "/* Could not access UNTREEIFY_THRESHOLD */"
    MIN_TREEIFY_CAPACITY = "/* Could not access MIN_TREEIFY_CAPACITY */"
    table = "/* Could not access table */"
    entrySet = "/* Could not access entrySet */"
    size = "/* Could not access size */"
    modCount = "/* Could not access modCount */"
    threshold = "/* Could not access threshold */"
    loadFactor = "/* Could not access loadFactor */"
    keySet = "/* Could not access keySet */"
    values = "/* Could not access values */"
  server = null
  start = false
  languageMappings = null
  extensionMappings = null
  rc = null
  appProvider = null
  documentLocation = null
  LOG = class com.ibm.ws.logging.internal.WsLogger@a2d62213
    tc = class com.ibm.websphere.ras.TraceComponent@f485dc1d
      strings[0] = "TraceComponent[com.ibm.ws.logging.internal.WsLogger,class com.ibm.ws.logging.internal.WsLogger,[logging],com.ibm.ws.logging.internal.resources.LoggingMessages,null]"
    ivCachedResourceBundleName = null
    ivCachedResourceBundle = null
    ivComponent = null
    ivOrganization = null
    ivProduct = null
    ivMinimumLocalizationLevelIntValue = 625
    ivTC = class com.ibm.websphere.ras.TraceComponent@b0115535
      strings[0] = "TraceComponent[org.apache.cxf.jaxrs.AbstractJAXRSFactoryBeanorg.eclipse.osgi.internal.loader.EquinoxClassLoader@375c17ba[com.ibm.ws.org.apache.cxf.cxf.rt.frontend.jaxrs.3.2:1.0.39.cl200420200401-1714(id=181)],class org.apache.cxf.common.logging.LogUtils,[org.apache.cxf.jaxrs.AbstractJAXRSFactoryBeanorg.eclipse.osgi.internal.loader.EquinoxClassLoader@375c17ba[com.ibm.ws.org.apache.cxf.cxf.rt.frontend.jaxrs.3.2:1.0.39.cl200420200401-1714(id=181)]],null,null]"
    loggerRegistrationComponent = class java.lang.ThreadLocal@37dc082c
      threadLocalHashCode = "/* Could not access threadLocalHashCode */"
      nextHashCode = "/* Could not access nextHashCode */"
      HASH_INCREMENT = "/* Could not access HASH_INCREMENT */"
    emptyHandlers = "/* Could not access emptyHandlers */"
    offValue = "/* Could not access offValue */"
    SYSTEM_LOGGER_RB_NAME = "/* Could not access SYSTEM_LOGGER_RB_NAME */"
    SYSTEM_BUNDLE = "/* Could not access SYSTEM_BUNDLE */"
    NO_RESOURCE_BUNDLE = "/* Could not access NO_RESOURCE_BUNDLE */"
    config = "/* Could not access config */"
    manager = "/* Could not access manager */"
    name = "/* Could not access name */"
    loggerBundle = "/* Could not access loggerBundle */"
    anonymous = "/* Could not access anonymous */"
    catalog = "/* Could not access catalog */"
    catalogName = "/* Could not access catalogName */"
    catalogLocale = "/* Could not access catalogLocale */"
    treeLock = "/* Could not access treeLock */"
    parent = "/* Could not access parent */"
    kids = "/* Could not access kids */"
    callerModuleRef = "/* Could not access callerModuleRef */"
    isSystemLogger = "/* Could not access isSystemLogger */"
    GLOBAL_LOGGER_NAME = "global"
    global = class java.util.logging.Logger@98e9e2d1
      emptyHandlers = "/* Could not access emptyHandlers */"
      offValue = "/* Could not access offValue */"
      SYSTEM_LOGGER_RB_NAME = "/* Could not access SYSTEM_LOGGER_RB_NAME */"
      SYSTEM_BUNDLE = "/* Could not access SYSTEM_BUNDLE */"
      NO_RESOURCE_BUNDLE = "/* Could not access NO_RESOURCE_BUNDLE */"
      config = "/* Could not access config */"
      manager = "/* Could not access manager */"
      name = "/* Could not access name */"
      loggerBundle = "/* Could not access loggerBundle */"
      anonymous = "/* Could not access anonymous */"
      catalog = "/* Could not access catalog */"
      catalogName = "/* Could not access catalogName */"
      catalogLocale = "/* Could not access catalogLocale */"
      treeLock = "/* Could not access treeLock */"
      parent = "/* Could not access parent */"
      kids = "/* Could not access kids */"
      callerModuleRef = "/* Could not access callerModuleRef */"
      isSystemLogger = "/* Could not access isSystemLogger */"
      GLOBAL_LOGGER_NAME = "global"
      global = class java.util.logging.Logger@98e9e2d1
  BUNDLE = class java.util.PropertyResourceBundle@9bb8b491
    encoding = "/* Could not access encoding */"
    lookup = "/* Could not access lookup */"
    INITIAL_CACHE_SIZE = "/* Could not access INITIAL_CACHE_SIZE */"
    NONEXISTENT_BUNDLE = "/* Could not access NONEXISTENT_BUNDLE */"
    cacheList = "/* Could not access cacheList */"
    referenceQueue = "/* Could not access referenceQueue */"
    parent = "/* Could not access parent */"
    locale = "/* Could not access locale */"
    name = "/* Could not access name */"
    expired = "/* Could not access expired */"
    cacheKey = "/* Could not access cacheKey */"
    keySet = "/* Could not access keySet */"
    UNKNOWN_FORMAT = "/* Could not access UNKNOWN_FORMAT */"
    TRACE_ON = "/* Could not access TRACE_ON */"
    $assertionsDisabled = "/* Could not access $assertionsDisabled */"
  schemaLocations = null
  serviceFactory = class org.apache.cxf.jaxrs.JAXRSServiceFactoryBean@8500fabc
    classResourceInfos = class java.util.ArrayList@a050ba76
      serialVersionUID = "/* Could not access serialVersionUID */"
      DEFAULT_CAPACITY = "/* Could not access DEFAULT_CAPACITY */"
      EMPTY_ELEMENTDATA = "/* Could not access EMPTY_ELEMENTDATA */"
      DEFAULTCAPACITY_EMPTY_ELEMENTDATA = "/* Could not access DEFAULTCAPACITY_EMPTY_ELEMENTDATA */"
      elementData = "/* Could not access elementData */"
      size = "/* Could not access size */"
      MAX_ARRAY_SIZE = "/* Could not access MAX_ARRAY_SIZE */"
      modCount = "/* Could not access modCount */"
      MAX_ARRAY_SIZE = "/* Could not access MAX_ARRAY_SIZE */"
    invoker = null
    executor = null
    enableStatic = false
    serviceName = null
    defaultModelClass = null
    LOG = class com.ibm.ws.logging.internal.WsLogger@2e3239cf
      tc = class com.ibm.websphere.ras.TraceComponent@f485dc1d
      ivCachedResourceBundleName = null
      ivCachedResourceBundle = null
      ivComponent = null
      ivOrganization = null
      ivProduct = null
      ivMinimumLocalizationLevelIntValue = 625
      ivTC = class com.ibm.websphere.ras.TraceComponent@9237eab
      loggerRegistrationComponent = class java.lang.ThreadLocal@37dc082c
      emptyHandlers = "/* Could not access emptyHandlers */"
      offValue = "/* Could not access offValue */"
      SYSTEM_LOGGER_RB_NAME = "/* Could not access SYSTEM_LOGGER_RB_NAME */"
      SYSTEM_BUNDLE = "/* Could not access SYSTEM_BUNDLE */"
      NO_RESOURCE_BUNDLE = "/* Could not access NO_RESOURCE_BUNDLE */"
      config = "/* Could not access config */"
      manager = "/* Could not access manager */"
      name = "/* Could not access name */"
      loggerBundle = "/* Could not access loggerBundle */"
      anonymous = "/* Could not access anonymous */"
      catalog = "/* Could not access catalog */"
      catalogName = "/* Could not access catalogName */"
      catalogLocale = "/* Could not access catalogLocale */"
      treeLock = "/* Could not access treeLock */"
      parent = "/* Could not access parent */"
      kids = "/* Could not access kids */"
      callerModuleRef = "/* Could not access callerModuleRef */"
      isSystemLogger = "/* Could not access isSystemLogger */"
      GLOBAL_LOGGER_NAME = "global"
      global = class java.util.logging.Logger@98e9e2d1
    dataBindingSet = false
    schemaLocations = null
    bus = class com.ibm.ws.jaxrs20.bus.LibertyApplicationBus@11ef638d
    dataBinding = null
    service = null
    listeners = class org.apache.cxf.common.util.ModCountCopyOnWriteArrayList@2117842c
      serialVersionUID = 1783937035760941219
      modCount = class java.util.concurrent.atomic.AtomicInteger@7302a307
      serialVersionUID = "/* Could not access serialVersionUID */"
      lock = "/* Could not access lock */"
      array = "/* Could not access array */"
    sessionState = class java.util.HashMap@2615542e
      serialVersionUID = "/* Could not access serialVersionUID */"
      DEFAULT_INITIAL_CAPACITY = "/* Could not access DEFAULT_INITIAL_CAPACITY */"
      MAXIMUM_CAPACITY = "/* Could not access MAXIMUM_CAPACITY */"
      DEFAULT_LOAD_FACTOR = "/* Could not access DEFAULT_LOAD_FACTOR */"
      TREEIFY_THRESHOLD = "/* Could not access TREEIFY_THRESHOLD */"
      UNTREEIFY_THRESHOLD = "/* Could not access UNTREEIFY_THRESHOLD */"
      MIN_TREEIFY_CAPACITY = "/* Could not access MIN_TREEIFY_CAPACITY */"
      table = "/* Could not access table */"
      entrySet = "/* Could not access entrySet */"
      size = "/* Could not access size */"
      modCount = "/* Could not access modCount */"
      threshold = "/* Could not access threshold */"
      loadFactor = "/* Could not access loadFactor */"
      keySet = "/* Could not access keySet */"
      values = "/* Could not access values */"
    serialVersionUID = 5209506916578988249
  entityProviders = class java.util.LinkedList@340df25c
    size = "/* Could not access size */"
    first = "/* Could not access first */"
    last = "/* Could not access last */"
    serialVersionUID = "/* Could not access serialVersionUID */"
    modCount = "/* Could not access modCount */"
    MAX_ARRAY_SIZE = "/* Could not access MAX_ARRAY_SIZE */"
  providerComparator = null
  LOG = class com.ibm.ws.logging.internal.WsLogger@89539098
    tc = class com.ibm.websphere.ras.TraceComponent@f485dc1d
    ivCachedResourceBundleName = null
    ivCachedResourceBundle = null
    ivComponent = null
    ivOrganization = null
    ivProduct = null
    ivMinimumLocalizationLevelIntValue = 625
    ivTC = class com.ibm.websphere.ras.TraceComponent@538aefba
      strings[0] = "TraceComponent[org.apache.cxf.endpoint.AbstractEndpointFactoryorg.eclipse.osgi.internal.loader.EquinoxClassLoader@a454d369[com.ibm.ws.org.apache.cxf.cxf.core.3.2:1.0.39.cl200420200401-1714(id=175)],class org.apache.cxf.common.logging.LogUtils,[org.apache.cxf.endpoint.AbstractEndpointFactoryorg.eclipse.osgi.internal.loader.EquinoxClassLoader@a454d369[com.ibm.ws.org.apache.cxf.cxf.core.3.2:1.0.39.cl200420200401-1714(id=175)]],null,null]"
    loggerRegistrationComponent = class java.lang.ThreadLocal@37dc082c
    emptyHandlers = "/* Could not access emptyHandlers */"
    offValue = "/* Could not access offValue */"
    SYSTEM_LOGGER_RB_NAME = "/* Could not access SYSTEM_LOGGER_RB_NAME */"
    SYSTEM_BUNDLE = "/* Could not access SYSTEM_BUNDLE */"
    NO_RESOURCE_BUNDLE = "/* Could not access NO_RESOURCE_BUNDLE */"
    config = "/* Could not access config */"
    manager = "/* Could not access manager */"
    name = "/* Could not access name */"
    loggerBundle = "/* Could not access loggerBundle */"
    anonymous = "/* Could not access anonymous */"
    catalog = "/* Could not access catalog */"
    catalogName = "/* Could not access catalogName */"
    catalogLocale = "/* Could not access catalogLocale */"
    treeLock = "/* Could not access treeLock */"
    parent = "/* Could not access parent */"
    kids = "/* Could not access kids */"
    callerModuleRef = "/* Could not access callerModuleRef */"
    isSystemLogger = "/* Could not access isSystemLogger */"
    GLOBAL_LOGGER_NAME = "global"
    global = class java.util.logging.Logger@98e9e2d1
  PRIVATE_ENDPOINT = "org.apache.cxf.endpoint.private"
  PRIVATE_ENDPOINTS = "org.apache.cxf.private.endpoints"
  bus = class com.ibm.ws.jaxrs20.bus.LibertyApplicationBus@11ef638d
    busCounter = class java.util.concurrent.atomic.AtomicInteger@364f9409
      serialVersionUID = "/* Could not access serialVersionUID */"
      U = "/* Could not access U */"
      VALUE = "/* Could not access VALUE */"
      value = "/* Could not access value */"
      serialVersionUID = "/* Could not access serialVersionUID */"
    serialVersionUID = 2386792285914827878
    $$$tc$$$ = class com.ibm.websphere.ras.TraceComponent@fd1ff668
      strings[0] = "TraceComponent[com.ibm.ws.jaxrs20.bus.LibertyApplicationBus,class com.ibm.ws.jaxrs20.bus.LibertyApplicationBus,[JaxRsCommon],com.ibm.ws.jaxrs20.internal.resources.JaxRsCommonMessages,null]"
    BUS_PROPERTY_NAME = "bus"
    BUS_ID_PROPERTY_NAME = "org.apache.cxf.bus.id"
    extensions = class java.util.concurrent.ConcurrentHashMap@b28a66a5
      serialVersionUID = "/* Could not access serialVersionUID */"
      MAXIMUM_CAPACITY = "/* Could not access MAXIMUM_CAPACITY */"
      DEFAULT_CAPACITY = "/* Could not access DEFAULT_CAPACITY */"
      MAX_ARRAY_SIZE = "/* Could not access MAX_ARRAY_SIZE */"
      DEFAULT_CONCURRENCY_LEVEL = "/* Could not access DEFAULT_CONCURRENCY_LEVEL */"
      LOAD_FACTOR = "/* Could not access LOAD_FACTOR */"
      TREEIFY_THRESHOLD = "/* Could not access TREEIFY_THRESHOLD */"
      UNTREEIFY_THRESHOLD = "/* Could not access UNTREEIFY_THRESHOLD */"
      MIN_TREEIFY_CAPACITY = "/* Could not access MIN_TREEIFY_CAPACITY */"
      MIN_TRANSFER_STRIDE = "/* Could not access MIN_TRANSFER_STRIDE */"
      RESIZE_STAMP_BITS = "/* Could not access RESIZE_STAMP_BITS */"
      MAX_RESIZERS = "/* Could not access MAX_RESIZERS */"
      RESIZE_STAMP_SHIFT = "/* Could not access RESIZE_STAMP_SHIFT */"
      MOVED = "/* Could not access MOVED */"
      TREEBIN = "/* Could not access TREEBIN */"
      RESERVED = "/* Could not access RESERVED */"
      HASH_BITS = "/* Could not access HASH_BITS */"
      NCPU = "/* Could not access NCPU */"
      serialPersistentFields = "/* Could not access serialPersistentFields */"
      table = "/* Could not access table */"
      nextTable = "/* Could not access nextTable */"
      baseCount = "/* Could not access baseCount */"
      sizeCtl = "/* Could not access sizeCtl */"
      transferIndex = "/* Could not access transferIndex */"
      cellsBusy = "/* Could not access cellsBusy */"
      counterCells = "/* Could not access counterCells */"
      keySet = "/* Could not access keySet */"
      values = "/* Could not access values */"
      entrySet = "/* Could not access entrySet */"
      U = "/* Could not access U */"
      SIZECTL = "/* Could not access SIZECTL */"
      TRANSFERINDEX = "/* Could not access TRANSFERINDEX */"
      BASECOUNT = "/* Could not access BASECOUNT */"
      CELLSBUSY = "/* Could not access CELLSBUSY */"
      CELLVALUE = "/* Could not access CELLVALUE */"
      ABASE = "/* Could not access ABASE */"
      ASHIFT = "/* Could not access ASHIFT */"
      keySet = "/* Could not access keySet */"
      values = "/* Could not access values */"
    missingExtensions = class java.util.concurrent.CopyOnWriteArraySet@d290eddb
      serialVersionUID = "/* Could not access serialVersionUID */"
      al = "/* Could not access al */"
      MAX_ARRAY_SIZE = "/* Could not access MAX_ARRAY_SIZE */"
    id = "Swarm-Server-Bus"
    state = class org.apache.cxf.Bus$BusState@e3a26416
      INITIAL = class org.apache.cxf.Bus$BusState@c3f75db4
      INITIALIZING = class org.apache.cxf.Bus$BusState@be4d24e8
      RUNNING = class org.apache.cxf.Bus$BusState@e3a26416
      SHUTTING_DOWN = class org.apache.cxf.Bus$BusState@d31bae9a
      SHUTDOWN = class org.apache.cxf.Bus$BusState@5513f81e
      $VALUES = class org.apache.cxf.Bus$BusState[5]
      name = "/* Could not access name */"
      ordinal = "/* Could not access ordinal */"
    features = class java.util.concurrent.CopyOnWriteArrayList@b15cde40
      serialVersionUID = "/* Could not access serialVersionUID */"
      lock = "/* Could not access lock */"
      array = "/* Could not access array */"
    properties = class java.util.concurrent.ConcurrentHashMap@cba2171e
      serialVersionUID = "/* Could not access serialVersionUID */"
      MAXIMUM_CAPACITY = "/* Could not access MAXIMUM_CAPACITY */"
      DEFAULT_CAPACITY = "/* Could not access DEFAULT_CAPACITY */"
      MAX_ARRAY_SIZE = "/* Could not access MAX_ARRAY_SIZE */"
      DEFAULT_CONCURRENCY_LEVEL = "/* Could not access DEFAULT_CONCURRENCY_LEVEL */"
      LOAD_FACTOR = "/* Could not access LOAD_FACTOR */"
      TREEIFY_THRESHOLD = "/* Could not access TREEIFY_THRESHOLD */"
      UNTREEIFY_THRESHOLD = "/* Could not access UNTREEIFY_THRESHOLD */"
      MIN_TREEIFY_CAPACITY = "/* Could not access MIN_TREEIFY_CAPACITY */"
      MIN_TRANSFER_STRIDE = "/* Could not access MIN_TRANSFER_STRIDE */"
      RESIZE_STAMP_BITS = "/* Could not access RESIZE_STAMP_BITS */"
      MAX_RESIZERS = "/* Could not access MAX_RESIZERS */"
      RESIZE_STAMP_SHIFT = "/* Could not access RESIZE_STAMP_SHIFT */"
      MOVED = "/* Could not access MOVED */"
      TREEBIN = "/* Could not access TREEBIN */"
      RESERVED = "/* Could not access RESERVED */"
      HASH_BITS = "/* Could not access HASH_BITS */"
      NCPU = "/* Could not access NCPU */"
      serialPersistentFields = "/* Could not access serialPersistentFields */"
      table = "/* Could not access table */"
      nextTable = "/* Could not access nextTable */"
      baseCount = "/* Could not access baseCount */"
      sizeCtl = "/* Could not access sizeCtl */"
      transferIndex = "/* Could not access transferIndex */"
      cellsBusy = "/* Could not access cellsBusy */"
      counterCells = "/* Could not access counterCells */"
      keySet = "/* Could not access keySet */"
      values = "/* Could not access values */"
      entrySet = "/* Could not access entrySet */"
      U = "/* Could not access U */"
      SIZECTL = "/* Could not access SIZECTL */"
      TRANSFERINDEX = "/* Could not access TRANSFERINDEX */"
      BASECOUNT = "/* Could not access BASECOUNT */"
      CELLSBUSY = "/* Could not access CELLSBUSY */"
      CELLVALUE = "/* Could not access CELLVALUE */"
      ABASE = "/* Could not access ABASE */"
      ASHIFT = "/* Could not access ASHIFT */"
      keySet = "/* Could not access keySet */"
      values = "/* Could not access values */"
    extensionManager = class org.apache.cxf.bus.extension.ExtensionManagerImpl@91a07e49
      EXTENSIONMANAGER_PROPERTY_NAME = "extensionManager"
      ACTIVATION_NAMESPACES_PROPERTY_NAME = "activationNamespaces"
      ACTIVATION_NAMESPACES_SETTER_METHOD_NAME = "setActivationNamespaces"
      BUS_EXTENSION_RESOURCE = "META-INF/cxf/bus-extensions.txt"
      loader = class com.ibm.ws.classloading.internal.AppClassLoader@9d1093d
      resourceManager = class org.apache.cxf.resource.DefaultResourceManager@e24ba8d
      all = class java.util.concurrent.ConcurrentHashMap@9c480fb4
      ordered = class java.util.concurrent.CopyOnWriteArrayList@94d5fae
      activated = class java.util.concurrent.ConcurrentHashMap@b28a66a5
      bus = class com.ibm.ws.jaxrs20.bus.LibertyApplicationBus@11ef638d
    in = class org.apache.cxf.common.util.ModCountCopyOnWriteArrayList@ca0c037e
      serialVersionUID = 1783937035760941219
      modCount = class java.util.concurrent.atomic.AtomicInteger@d2d94c27
      serialVersionUID = "/* Could not access serialVersionUID */"
      lock = "/* Could not access lock */"
      array = "/* Could not access array */"
    out = class org.apache.cxf.common.util.ModCountCopyOnWriteArrayList@da06ec20
      serialVersionUID = 1783937035760941219
      modCount = class java.util.concurrent.atomic.AtomicInteger@58f5eaa6
      serialVersionUID = "/* Could not access serialVersionUID */"
      lock = "/* Could not access lock */"
      array = "/* Could not access array */"
    outFault = class org.apache.cxf.common.util.ModCountCopyOnWriteArrayList@e0d4bb51
      serialVersionUID = 1783937035760941219
      modCount = class java.util.concurrent.atomic.AtomicInteger@374cd856
      serialVersionUID = "/* Could not access serialVersionUID */"
      lock = "/* Could not access lock */"
      array = "/* Could not access array */"
    inFault = class org.apache.cxf.common.util.ModCountCopyOnWriteArrayList@dc2ee6c5
      serialVersionUID = 1783937035760941219
      modCount = class java.util.concurrent.atomic.AtomicInteger@b38988e1
      serialVersionUID = "/* Could not access serialVersionUID */"
      lock = "/* Could not access lock */"
      array = "/* Could not access array */"
  address = "/"
  transportId = null
  bindingId = "http://apache.org/cxf/binding/jaxrs"
  dataBinding = null
  bindingFactory = null
  destinationFactory = null
  publishedEndpointUrl = null
  endpointName = null
  serviceName = null
  properties = null
  features = null
  bindingConfig = null
  endpointReference = null
  conduitSelector = null
  in = class org.apache.cxf.common.util.ModCountCopyOnWriteArrayList@b2ff4d3
    serialVersionUID = 1783937035760941219
    modCount = class java.util.concurrent.atomic.AtomicInteger@35191abd
      serialVersionUID = "/* Could not access serialVersionUID */"
      U = "/* Could not access U */"
      VALUE = "/* Could not access VALUE */"
      value = "/* Could not access value */"
      serialVersionUID = "/* Could not access serialVersionUID */"
    serialVersionUID = "/* Could not access serialVersionUID */"
    lock = "/* Could not access lock */"
    array = "/* Could not access array */"
  out = class org.apache.cxf.common.util.ModCountCopyOnWriteArrayList@adeb7afa
    serialVersionUID = 1783937035760941219
    modCount = class java.util.concurrent.atomic.AtomicInteger@ff61a960
      serialVersionUID = "/* Could not access serialVersionUID */"
      U = "/* Could not access U */"
      VALUE = "/* Could not access VALUE */"
      value = "/* Could not access value */"
      serialVersionUID = "/* Could not access serialVersionUID */"
    serialVersionUID = "/* Could not access serialVersionUID */"
    lock = "/* Could not access lock */"
    array = "/* Could not access array */"
  outFault = class org.apache.cxf.common.util.ModCountCopyOnWriteArrayList@a1690140
    serialVersionUID = 1783937035760941219
    modCount = class java.util.concurrent.atomic.AtomicInteger@ebd433a5
      serialVersionUID = "/* Could not access serialVersionUID */"
      U = "/* Could not access U */"
      VALUE = "/* Could not access VALUE */"
      value = "/* Could not access value */"
      serialVersionUID = "/* Could not access serialVersionUID */"
    serialVersionUID = "/* Could not access serialVersionUID */"
    lock = "/* Could not access lock */"
    array = "/* Could not access array */"
  inFault = class org.apache.cxf.common.util.ModCountCopyOnWriteArrayList@e5a64cd3
    serialVersionUID = 1783937035760941219
    modCount = class java.util.concurrent.atomic.AtomicInteger@eab783a4
      serialVersionUID = "/* Could not access serialVersionUID */"
      U = "/* Could not access U */"
      VALUE = "/* Could not access VALUE */"
      value = "/* Could not access value */"
      serialVersionUID = "/* Could not access serialVersionUID */"
    serialVersionUID = "/* Could not access serialVersionUID */"
    lock = "/* Could not access lock */"
    array = "/* Could not access array */"

