********************************************************************************
product = Open Liberty 20.0.0.4 (wlp-1.0.39.cl200420200401-1714)
wlp.install.dir = C:/Users/Steve/Documents/git/Swarm/target/liberty/wlp/
java.home = C:\Program Files\AdoptOpenJDK\jdk-11.0.6.10-openj9
java.version = 11.0.6
java.runtime = OpenJDK Runtime Environment (11.0.6+10)
os = Windows 10 (10.0; amd64) (en_US)
process = 6632@DESKTOP-R2DI832
********************************************************************************
[4/10/20, 8:04:51:202 EDT] 00000001 com.ibm.ws.kernel.launch.internal.FrameworkManager           A CWWKE0001I: The server LibertySwarmText has been launched.
[4/10/20, 8:04:52:636 EDT] 00000020 com.ibm.ws.config.xml.internal.ServerXMLConfiguration        A CWWKG0093A: Processing configuration drop-ins resource: C:\Users\Steve\Documents\git\Swarm\target\liberty\wlp\usr\servers\LibertySwarmText\configDropins\overrides\liberty-plugin-variable-config.xml
[4/10/20, 8:04:52:951 EDT] 00000001 com.ibm.ws.kernel.launch.internal.FrameworkManager           I CWWKE0002I: The kernel started after 2.18 seconds
[4/10/20, 8:04:53:029 EDT] 00000028 com.ibm.ws.kernel.feature.internal.FeatureManager            I CWWKF0007I: Feature update started.
[4/10/20, 8:04:53:606 EDT] 00000020 .apache.cxf.cxf.core.3.2:1.0.39.cl200420200401-1714(id=175)] I Aries Blueprint packages not available. So namespaces will not be registered
[4/10/20, 8:04:53:610 EDT] 00000020 .apache.cxf.cxf.core.3.2:1.0.39.cl200420200401-1714(id=175)] I Aries Blueprint packages not available. So namespaces will not be registered
[4/10/20, 8:04:53:675 EDT] 0000001c com.ibm.ws.security.ready.internal.SecurityReadyServiceImpl  I CWWKS0007I: The security service is starting...
[4/10/20, 8:04:54:577 EDT] 0000001e com.ibm.ws.app.manager.internal.monitor.DropinMonitor        A CWWKZ0058I: Monitoring dropins for applications.
[4/10/20, 8:04:54:821 EDT] 0000001d com.ibm.ws.annocache.service                                 I OSGi Work Path [ C:\Users\Steve\Documents\git\Swarm\target\liberty\wlp\usr\servers\LibertySwarmText\workarea\org.eclipse.osgi\41\data ]
[4/10/20, 8:04:55:201 EDT] 0000001e com.ibm.ws.cache.ServerCache                                 I DYNA1001I: WebSphere Dynamic Cache instance named baseCache initialized successfully.
[4/10/20, 8:04:55:207 EDT] 0000001e com.ibm.ws.cache.ServerCache                                 I DYNA1071I: The cache provider default is being used.
[4/10/20, 8:04:55:213 EDT] 0000001e com.ibm.ws.cache.CacheServiceImpl                            I DYNA1056I: Dynamic Cache (object cache) initialized successfully.
[4/10/20, 8:04:56:252 EDT] 00000024 com.ibm.ws.ssl.config.WSKeyStore                             A CWPKI0820A: The default keystore has been created using the 'keystore_password' environment variable.
[4/10/20, 8:04:56:317 EDT] 0000002e com.ibm.ws.security.token.ltpa.internal.LTPAKeyCreateTask    I CWWKS4105I: LTPA configuration is ready after 0.036 seconds.
[4/10/20, 8:04:56:374 EDT] 0000001c ibm.ws.security.authentication.internal.jaas.JAASServiceImpl I CWWKS1123I: The collective authentication plugin with class name NullCollectiveAuthenticationPlugin has been activated. 
[4/10/20, 8:04:56:704 EDT] 00000024 com.ibm.ws.ssl.config.WSKeyStore                             I Successfully loaded default keystore: C:/Users/Steve/Documents/git/Swarm/target/liberty/wlp/usr/servers/LibertySwarmText/resources/security/key.p12 of type: PKCS12
[4/10/20, 8:04:56:819 EDT] 0000001c com.ibm.ws.security.jwt.internal.ConsumerImpl                I CWWKS6012I: The JSON Web Token (JWT) consumer service is available.
[4/10/20, 8:04:56:845 EDT] 0000001c com.ibm.ws.security.jwt.web.JwtEndpointServices              I CWWKS6002I: The JSON Web Token (JWT) endpoint service is available.
[4/10/20, 8:04:56:877 EDT] 0000001c .ws.security.mp.jwt.v11.config.impl.MpConfigProxyServiceImpl I CWWKS5775I: The MicroProfile JWT version 1.1 mpConfigProxy processed successfully.
[4/10/20, 8:04:56:888 EDT] 0000001c com.ibm.ws.security.mp.jwt.impl.MicroProfileJwtConfigImpl    I CWWKS5500I: The MicroProfile JWT configuration [defaultMpJwt] was successfully processed.
[4/10/20, 8:04:56:892 EDT] 0000001c com.ibm.ws.security.mp.jwt.impl.MicroProfileJwtServiceImpl   I CWWKS5500I: The MicroProfile JWT configuration [MicroProfileJwtService] was successfully processed.
[4/10/20, 8:04:57:112 EDT] 0000001c com.ibm.ws.session.WASSessionCore                            I SESN8501I: The session manager did not find a persistent storage location; HttpSession objects will be stored in the local application server's memory.
[4/10/20, 8:04:57:648 EDT] 0000002e com.ibm.ws.app.manager.AppMessageHelper                      I CWWKZ0018I: Starting application Swarm.
[4/10/20, 8:04:57:649 EDT] 0000002e bm.ws.app.manager.war.internal.WARDeployedAppInfoFactoryImpl I CWWKZ0134I: The Swarm application is using the loose application definition at the C:\Users\Steve\Documents\git\Swarm\target\liberty\wlp\usr\servers\LibertySwarmText\dropins\Swarm.war.xml location.
[4/10/20, 8:04:58:239 EDT] 0000003c com.ibm.ws.webcontainer.osgi.webapp.WebGroup                 I SRVE0169I: Loading Web Module: com.ibm.ws.security.jwt.
[4/10/20, 8:04:58:256 EDT] 0000003c com.ibm.ws.webcontainer                                      I SRVE0250I: Web Module com.ibm.ws.security.jwt has been bound to default_host.
[4/10/20, 8:04:58:259 EDT] 0000003c com.ibm.ws.http.internal.VirtualHostImpl                     A CWWKT0016I: Web application available (default_host): http://desktop-r2di832.home:9081/jwt/
[4/10/20, 8:04:58:328 EDT] 0000002f com.ibm.ws.webcontainer.osgi.webapp.WebGroup                 I SRVE0169I: Loading Web Module: PrivateMicroProfileMetrics.
[4/10/20, 8:04:58:329 EDT] 0000002f com.ibm.ws.webcontainer                                      I SRVE0250I: Web Module PrivateMicroProfileMetrics has been bound to default_host.
[4/10/20, 8:04:58:330 EDT] 0000002f com.ibm.ws.http.internal.VirtualHostImpl                     A CWWKT0016I: Web application available (default_host): http://desktop-r2di832.home:9081/metrics/
[4/10/20, 8:04:58:336 EDT] 0000002c com.ibm.ws.webcontainer.osgi.webapp.WebGroup                 I SRVE0169I: Loading Web Module: ibm/api.
[4/10/20, 8:04:58:337 EDT] 0000002c com.ibm.ws.webcontainer                                      I SRVE0250I: Web Module ibm/api has been bound to default_host.
[4/10/20, 8:04:58:338 EDT] 0000002c com.ibm.ws.http.internal.VirtualHostImpl                     A CWWKT0016I: Web application available (default_host): http://desktop-r2di832.home:9081/ibm/api/
[4/10/20, 8:04:58:358 EDT] 00000031 com.ibm.ws.webcontainer.osgi.webapp.WebGroup                 I SRVE0169I: Loading Web Module: health.
[4/10/20, 8:04:58:359 EDT] 00000031 com.ibm.ws.webcontainer                                      I SRVE0250I: Web Module health has been bound to default_host.
[4/10/20, 8:04:58:360 EDT] 00000031 com.ibm.ws.http.internal.VirtualHostImpl                     A CWWKT0016I: Web application available (default_host): http://desktop-r2di832.home:9081/health/
[4/10/20, 8:04:58:363 EDT] 00000029 com.ibm.ws.webcontainer.osgi.webapp.WebGroup                 I SRVE0169I: Loading Web Module: OpenAPIUI.
[4/10/20, 8:04:58:364 EDT] 00000029 com.ibm.ws.webcontainer                                      I SRVE0250I: Web Module OpenAPIUI has been bound to default_host.
[4/10/20, 8:04:58:364 EDT] 00000029 com.ibm.ws.http.internal.VirtualHostImpl                     A CWWKT0016I: Web application available (default_host): http://desktop-r2di832.home:9081/openapi/ui/
[4/10/20, 8:04:58:457 EDT] 0000002b com.ibm.ws.webcontainer.osgi.webapp.WebGroup                 I SRVE0169I: Loading Web Module: MicroProfileOpenAPI.
[4/10/20, 8:04:58:458 EDT] 0000002b com.ibm.ws.webcontainer                                      I SRVE0250I: Web Module MicroProfileOpenAPI has been bound to default_host.
[4/10/20, 8:04:58:459 EDT] 0000002b com.ibm.ws.http.internal.VirtualHostImpl                     A CWWKT0016I: Web application available (default_host): http://desktop-r2di832.home:9081/openapi/
[4/10/20, 8:04:58:491 EDT] 00000039 com.ibm.ws.session.WASSessionCore                            I SESN0176I: A new session context will be created for application key default_host/jwt
[4/10/20, 8:04:58:495 EDT] 0000002c com.ibm.ws.session.WASSessionCore                            I SESN0176I: A new session context will be created for application key default_host/ibm/api
[4/10/20, 8:04:58:503 EDT] 0000003a com.ibm.ws.session.WASSessionCore                            I SESN0176I: A new session context will be created for application key default_host/openapi
[4/10/20, 8:04:58:508 EDT] 0000003c com.ibm.ws.session.WASSessionCore                            I SESN0176I: A new session context will be created for application key default_host/openapi/ui
[4/10/20, 8:04:58:509 EDT] 0000002f com.ibm.ws.session.WASSessionCore                            I SESN0176I: A new session context will be created for application key default_host/metrics
[4/10/20, 8:04:58:509 EDT] 00000031 com.ibm.ws.session.WASSessionCore                            I SESN0176I: A new session context will be created for application key default_host/health
[4/10/20, 8:04:58:518 EDT] 00000039 com.ibm.ws.util                                              I SESN0172I: The session manager is using the Java default SecureRandom implementation for session ID generation.
[4/10/20, 8:04:58:552 EDT] 00000031 com.ibm.ws.util                                              I SESN0172I: The session manager is using the Java default SecureRandom implementation for session ID generation.
[4/10/20, 8:04:58:555 EDT] 0000002f com.ibm.ws.util                                              I SESN0172I: The session manager is using the Java default SecureRandom implementation for session ID generation.
[4/10/20, 8:04:58:562 EDT] 0000003c com.ibm.ws.util                                              I SESN0172I: The session manager is using the Java default SecureRandom implementation for session ID generation.
[4/10/20, 8:04:58:564 EDT] 0000003a com.ibm.ws.util                                              I SESN0172I: The session manager is using the Java default SecureRandom implementation for session ID generation.
[4/10/20, 8:04:58:568 EDT] 0000002c com.ibm.ws.util                                              I SESN0172I: The session manager is using the Java default SecureRandom implementation for session ID generation.
[4/10/20, 8:04:58:586 EDT] 0000003c com.ibm.ws.cache.CacheServiceImpl                            I DYNA1056I: Dynamic Cache (object cache) initialized successfully.
[4/10/20, 8:04:58:873 EDT] 00000031 com.ibm.ws.webcontainer.servlet                              I SRVE0242I: [com.ibm.ws.microprofile.health.2.0] [/health] [HealthCheckReadinessServlet]: Initialization successful.
[4/10/20, 8:04:58:874 EDT] 0000003a com.ibm.ws.webcontainer.servlet                              I SRVE0242I: [com.ibm.ws.microprofile.openapi] [/openapi] [OpenAPIServlet]: Initialization successful.
[4/10/20, 8:04:58:873 EDT] 0000002f com.ibm.ws.webcontainer.servlet                              I SRVE0242I: [com.ibm.ws.microprofile.metrics.private] [/metrics] [PrivateMetricsRESTProxyServlet]: Initialization successful.
[4/10/20, 8:04:58:878 EDT] 00000031 com.ibm.ws.webcontainer.servlet                              I SRVE0242I: [com.ibm.ws.microprofile.health.2.0] [/health] [HealthCheckServlet]: Initialization successful.
[4/10/20, 8:04:58:891 EDT] 00000031 com.ibm.ws.webcontainer.servlet                              I SRVE0242I: [com.ibm.ws.microprofile.health.2.0] [/health] [HealthCheckLivenessServlet]: Initialization successful.
[4/10/20, 8:04:59:239 EDT] 0000002e com.ibm.ws.microprofile.openapi.ApplicationProcessor         I CWWKO1660I: The application Swarm was processed and an OpenAPI document was produced.
[4/10/20, 8:04:59:305 EDT] 0000002e org.jboss.weld.Version                                       I WELD-000900: 3.1.1 (Final)
[4/10/20, 8:04:59:531 EDT] 0000003b com.ibm.ws.webcontainer.osgi.mbeans.PluginGenerator          I SRVE9103I: A configuration file for a web server plugin was automatically generated for this server at C:\Users\Steve\Documents\git\Swarm\target\liberty\wlp\usr\servers\LibertySwarmText\logs\state\plugin-cfg.xml.
[4/10/20, 8:04:59:982 EDT] 0000002e com.ibm.ws.webcontainer.osgi.webapp.WebGroup                 I SRVE0169I: Loading Web Module: Swarm.
[4/10/20, 8:04:59:983 EDT] 0000002e com.ibm.ws.webcontainer                                      I SRVE0250I: Web Module Swarm has been bound to default_host.
[4/10/20, 8:04:59:983 EDT] 0000002e com.ibm.ws.http.internal.VirtualHostImpl                     A CWWKT0016I: Web application available (default_host): http://desktop-r2di832.home:9081/Swarm/
[4/10/20, 8:04:59:988 EDT] 0000002a com.ibm.ws.session.WASSessionCore                            I SESN0176I: A new session context will be created for application key default_host/Swarm
[4/10/20, 8:04:59:989 EDT] 0000002e com.ibm.ws.app.manager.AppMessageHelper                      A CWWKZ0001I: Application Swarm started in 2.342 seconds.
[4/10/20, 8:04:59:989 EDT] 0000002a com.ibm.ws.util                                              I SESN0172I: The session manager is using the Java default SecureRandom implementation for session ID generation.
[4/10/20, 8:05:00:033 EDT] 00000028 com.ibm.ws.tcpchannel.internal.TCPPort                       I CWWKO0219I: TCP Channel defaultHttpEndpoint has been started and is now listening for requests on host *  (IPv6) port 9081.
[4/10/20, 8:05:00:038 EDT] 00000028 com.ibm.ws.tcpchannel.internal.TCPPort                       I CWWKO0219I: TCP Channel defaultHttpEndpoint-ssl has been started and is now listening for requests on host *  (IPv6) port 9445.
[4/10/20, 8:05:00:049 EDT] 00000028 com.ibm.ws.kernel.feature.internal.FeatureManager            A CWWKF0012I: The server installed the following features: [appSecurity-2.0, cdi-2.0, concurrent-1.0, distributedMap-1.0, jaxrs-2.1, jaxrsClient-2.1, jndi-1.0, json-1.0, jsonb-1.0, jsonp-1.1, jwt-1.0, microProfile-3.2, mpConfig-1.3, mpFaultTolerance-2.0, mpHealth-2.1, mpJwt-1.1, mpMetrics-2.2, mpOpenAPI-1.1, mpOpenTracing-1.3, mpRestClient-1.3, opentracing-1.3, servlet-4.0, ssl-1.0].
[4/10/20, 8:05:00:052 EDT] 00000028 com.ibm.ws.kernel.feature.internal.FeatureManager            I CWWKF0008I: Feature update completed in 7.101 seconds.
[4/10/20, 8:05:00:055 EDT] 00000028 com.ibm.ws.kernel.feature.internal.FeatureManager            A CWWKF0011I: The LibertySwarmText server is ready to run a smarter planet. The LibertySwarmText server started in 9.286 seconds.
[4/10/20, 8:05:00:300 EDT] 00000029 com.ibm.ws.webcontainer.osgi.mbeans.PluginGenerator          I SRVE9103I: A configuration file for a web server plugin was automatically generated for this server at C:\Users\Steve\Documents\git\Swarm\target\liberty\wlp\usr\servers\LibertySwarmText\logs\state\plugin-cfg.xml.
[4/10/20, 8:05:12:386 EDT] 0000002c .apache.cxf.cxf.core.3.2:1.0.39.cl200420200401-1714(id=175)] I Setting the server's publish address to be /
[4/10/20, 8:05:12:510 EDT] 0000002c com.ibm.ws.webcontainer.servlet                              I SRVE0242I: [Swarm] [/Swarm] [ServerBoardApplication]: Initialization successful.
[4/10/20, 8:05:12:661 EDT] 0000002c com.ibm.ws.opentracing.OpentracingUserFeatureAccessService   W CWMOT0010W: OpenTracing cannot track JAX-RS requests because an OpentracingTracerFactory class was not provided or client libraries for tracing backend are not in the class path.
[4/10/20, 8:06:27:573 EDT] 00000039 com.ibm.ws.opentracing.OpentracingContainerFilter            W CWMOT0009W: The OpenTracing exception mapper detected and is handling an unhandled exception from the JAX-RS application. 
                                                                                                               java.lang.NullPointerException
	at Zombie.stalk(Zombie.java:30)
	at ServerBoard.Tick(ServerBoard.java:82)
	at ServerBoard.updatePlayerPos(ServerBoard.java:66)
	at jdk.internal.reflect.GeneratedMethodAccessor710.invoke(Unknown Source)
	at java.base/java.lang.reflect.Method.invoke(Method.java:566)
	at com.ibm.ws.jaxrs20.server.LibertyJaxRsServerFactoryBean.performInvocation(LibertyJaxRsServerFactoryBean.java:656)
	at com.ibm.ws.jaxrs20.server.LibertyJaxRsInvoker.performInvocation(LibertyJaxRsInvoker.java:160)
	at org.apache.cxf.service.invoker.AbstractInvoker.invoke(AbstractInvoker.java:96)
	at com.ibm.ws.jaxrs20.server.LibertyJaxRsInvoker.invoke(LibertyJaxRsInvoker.java:273)
	at org.apache.cxf.jaxrs.JAXRSInvoker.invoke(JAXRSInvoker.java:205)
	at com.ibm.ws.jaxrs20.server.LibertyJaxRsInvoker.invoke(LibertyJaxRsInvoker.java:444)
	at org.apache.cxf.jaxrs.JAXRSInvoker.invoke(JAXRSInvoker.java:111)
	at org.apache.cxf.interceptor.ServiceInvokerInterceptor$1.run(ServiceInvokerInterceptor.java:61)
	at org.apache.cxf.interceptor.ServiceInvokerInterceptor.handleMessage(ServiceInvokerInterceptor.java:99)
	at org.apache.cxf.phase.PhaseInterceptorChain.doIntercept(PhaseInterceptorChain.java:308)
	at org.apache.cxf.transport.ChainInitiationObserver.onMessage(ChainInitiationObserver.java:124)
	at org.apache.cxf.transport.http.AbstractHTTPDestination.invoke(AbstractHTTPDestination.java:274)
	at com.ibm.ws.jaxrs20.endpoint.AbstractJaxRsWebEndpoint.invoke(AbstractJaxRsWebEndpoint.java:136)
	at com.ibm.websphere.jaxrs.server.IBMRestServlet.handleRequest(IBMRestServlet.java:146)
	at com.ibm.websphere.jaxrs.server.IBMRestServlet.doPut(IBMRestServlet.java:136)
	at javax.servlet.http.HttpServlet.service(HttpServlet.java:709)
	at com.ibm.websphere.jaxrs.server.IBMRestServlet.service(IBMRestServlet.java:96)
	at com.ibm.ws.webcontainer.servlet.ServletWrapper.service(ServletWrapper.java:1230)
	at com.ibm.ws.webcontainer.servlet.ServletWrapper.handleRequest(ServletWrapper.java:729)
	at com.ibm.ws.webcontainer.servlet.ServletWrapper.handleRequest(ServletWrapper.java:426)
	at com.ibm.ws.webcontainer.filter.WebAppFilterManager.invokeFilters(WebAppFilterManager.java:1226)
	at com.ibm.ws.webcontainer.filter.WebAppFilterManager.invokeFilters(WebAppFilterManager.java:1010)
	at com.ibm.ws.webcontainer.servlet.CacheServletWrapper.handleRequest(CacheServletWrapper.java:75)
	at com.ibm.ws.webcontainer40.servlet.CacheServletWrapper40.handleRequest(CacheServletWrapper40.java:83)
	at com.ibm.ws.webcontainer.WebContainer.handleRequest(WebContainer.java:938)
	at com.ibm.ws.webcontainer.osgi.DynamicVirtualHost$2.run(DynamicVirtualHost.java:279)
	at com.ibm.ws.http.dispatcher.internal.channel.HttpDispatcherLink$TaskWrapper.run(HttpDispatcherLink.java:1134)
	at com.ibm.ws.http.dispatcher.internal.channel.HttpDispatcherLink.wrapHandlerAndExecute(HttpDispatcherLink.java:415)
	at com.ibm.ws.http.dispatcher.internal.channel.HttpDispatcherLink.ready(HttpDispatcherLink.java:374)
	at com.ibm.ws.http.channel.internal.inbound.HttpInboundLink.handleDiscrimination(HttpInboundLink.java:551)
	at com.ibm.ws.http.channel.internal.inbound.HttpInboundLink.handleNewRequest(HttpInboundLink.java:484)
	at com.ibm.ws.http.channel.internal.inbound.HttpInboundLink.processRequest(HttpInboundLink.java:346)
	at com.ibm.ws.http.channel.internal.inbound.HttpICLReadCallback.complete(HttpICLReadCallback.java:70)
	at com.ibm.ws.tcpchannel.internal.WorkQueueManager.requestComplete(WorkQueueManager.java:504)
	at com.ibm.ws.tcpchannel.internal.WorkQueueManager.attemptIO(WorkQueueManager.java:574)
	at com.ibm.ws.tcpchannel.internal.WorkQueueManager.workerRun(WorkQueueManager.java:958)
	at com.ibm.ws.tcpchannel.internal.WorkQueueManager$Worker.run(WorkQueueManager.java:1047)
	at com.ibm.ws.threading.internal.ExecutorServiceImpl$RunnableWrapper.run(ExecutorServiceImpl.java:239)
	at java.base/java.util.concurrent.ThreadPoolExecutor.runWorker(ThreadPoolExecutor.java:1128)
	at java.base/java.util.concurrent.ThreadPoolExecutor$Worker.run(ThreadPoolExecutor.java:628)
	at java.base/java.lang.Thread.run(Thread.java:834)

[4/10/20, 8:09:28:030 EDT] 00000101 com.ibm.ws.http.internal.VirtualHostImpl                     A CWWKT0017I: Web application removed (default_host): http://desktop-r2di832.home:9081/Swarm/
[4/10/20, 8:09:28:034 EDT] 00000101 com.ibm.ws.webcontainer.servlet                              I SRVE0253I: [Swarm] [/Swarm] [ServerBoardApplication]: Destroy successful.
[4/10/20, 8:09:28:050 EDT] 00000101 com.ibm.ws.app.manager.AppMessageHelper                      A CWWKZ0009I: The application Swarm has stopped successfully.
[4/10/20, 8:09:28:078 EDT] 00000101 com.ibm.ws.app.manager.AppMessageHelper                      I CWWKZ0018I: Starting application Swarm.
[4/10/20, 8:09:28:079 EDT] 00000101 bm.ws.app.manager.war.internal.WARDeployedAppInfoFactoryImpl I CWWKZ0134I: The Swarm application is using the loose application definition at the C:\Users\Steve\Documents\git\Swarm\target\liberty\wlp\usr\servers\LibertySwarmText\dropins\Swarm.war.xml location.
[4/10/20, 8:09:28:281 EDT] 00000101 com.ibm.ws.microprofile.openapi.ApplicationProcessor         I CWWKO1660I: The application Swarm was processed and an OpenAPI document was produced.
[4/10/20, 8:09:28:482 EDT] 00000101 com.ibm.ws.webcontainer.osgi.webapp.WebGroup                 I SRVE0169I: Loading Web Module: Swarm.
[4/10/20, 8:09:28:483 EDT] 00000101 com.ibm.ws.webcontainer                                      I SRVE0250I: Web Module Swarm has been bound to default_host.
[4/10/20, 8:09:28:484 EDT] 00000101 com.ibm.ws.http.internal.VirtualHostImpl                     A CWWKT0016I: Web application available (default_host): http://desktop-r2di832.home:9081/Swarm/
[4/10/20, 8:09:28:487 EDT] 00000101 com.ibm.ws.app.manager.AppMessageHelper                      A CWWKZ0003I: The application Swarm updated in 0.409 seconds.
[4/10/20, 8:09:28:488 EDT] 00000039 com.ibm.ws.session.WASSessionCore                            I SESN0176I: A new session context will be created for application key default_host/Swarm
[4/10/20, 8:09:28:489 EDT] 00000039 com.ibm.ws.util                                              I SESN0172I: The session manager is using the Java default SecureRandom implementation for session ID generation.
[4/10/20, 8:09:28:525 EDT] 00000100 com.ibm.ws.webcontainer.osgi.mbeans.PluginGenerator          I SRVE9103I: A configuration file for a web server plugin was automatically generated for this server at C:\Users\Steve\Documents\git\Swarm\target\liberty\wlp\usr\servers\LibertySwarmText\logs\state\plugin-cfg.xml.
[4/10/20, 8:09:28:811 EDT] 00000041 com.ibm.ws.webcontainer.osgi.mbeans.PluginGenerator          I SRVE9103I: A configuration file for a web server plugin was automatically generated for this server at C:\Users\Steve\Documents\git\Swarm\target\liberty\wlp\usr\servers\LibertySwarmText\logs\state\plugin-cfg.xml.
[4/10/20, 8:09:41:605 EDT] 000000dc .apache.cxf.cxf.core.3.2:1.0.39.cl200420200401-1714(id=175)] I Setting the server's publish address to be /
[4/10/20, 8:09:41:618 EDT] 000000dc com.ibm.ws.webcontainer.servlet                              I SRVE0242I: [Swarm] [/Swarm] [ServerBoardApplication]: Initialization successful.
[4/10/20, 8:14:23:528 EDT] 0000013a com.ibm.ws.http.internal.VirtualHostImpl                     A CWWKT0017I: Web application removed (default_host): http://desktop-r2di832.home:9081/Swarm/
[4/10/20, 8:14:23:530 EDT] 0000013a com.ibm.ws.webcontainer.servlet                              I SRVE0253I: [Swarm] [/Swarm] [ServerBoardApplication]: Destroy successful.
[4/10/20, 8:14:23:539 EDT] 0000013a com.ibm.ws.app.manager.AppMessageHelper                      A CWWKZ0009I: The application Swarm has stopped successfully.
[4/10/20, 8:14:23:557 EDT] 0000013a com.ibm.ws.app.manager.AppMessageHelper                      I CWWKZ0018I: Starting application Swarm.
[4/10/20, 8:14:23:558 EDT] 0000013a bm.ws.app.manager.war.internal.WARDeployedAppInfoFactoryImpl I CWWKZ0134I: The Swarm application is using the loose application definition at the C:\Users\Steve\Documents\git\Swarm\target\liberty\wlp\usr\servers\LibertySwarmText\dropins\Swarm.war.xml location.
[4/10/20, 8:14:23:781 EDT] 0000013a com.ibm.ws.microprofile.openapi.ApplicationProcessor         I CWWKO1660I: The application Swarm was processed and an OpenAPI document was produced.
[4/10/20, 8:14:23:927 EDT] 0000013a com.ibm.ws.webcontainer.osgi.webapp.WebGroup                 I SRVE0169I: Loading Web Module: Swarm.
[4/10/20, 8:14:23:929 EDT] 0000013a com.ibm.ws.webcontainer                                      I SRVE0250I: Web Module Swarm has been bound to default_host.
[4/10/20, 8:14:23:929 EDT] 0000013a com.ibm.ws.http.internal.VirtualHostImpl                     A CWWKT0016I: Web application available (default_host): http://desktop-r2di832.home:9081/Swarm/
[4/10/20, 8:14:23:932 EDT] 000000dc com.ibm.ws.session.WASSessionCore                            I SESN0176I: A new session context will be created for application key default_host/Swarm
[4/10/20, 8:14:23:934 EDT] 000000dc com.ibm.ws.util                                              I SESN0172I: The session manager is using the Java default SecureRandom implementation for session ID generation.
[4/10/20, 8:14:23:934 EDT] 0000013a com.ibm.ws.app.manager.AppMessageHelper                      A CWWKZ0003I: The application Swarm updated in 0.377 seconds.
[4/10/20, 8:14:41:448 EDT] 00000108 .apache.cxf.cxf.core.3.2:1.0.39.cl200420200401-1714(id=175)] I Setting the server's publish address to be /
[4/10/20, 8:14:41:464 EDT] 00000108 com.ibm.ws.webcontainer.servlet                              I SRVE0242I: [Swarm] [/Swarm] [ServerBoardApplication]: Initialization successful.
[4/10/20, 12:14:46:134 EDT] 0000001a com.ibm.ws.kernel.launch.internal.ServerCommandListener      A CWWKE0055I: Server shutdown requested on Friday, April 10, 2020 at 12:14 PM. The server LibertySwarmText is shutting down.
[4/10/20, 12:14:46:188 EDT] 000024bd com.ibm.ws.runtime.update.internal.RuntimeUpdateManagerImpl  A CWWKE1100I: Waiting for up to 30 seconds for the server to quiesce.
[4/10/20, 12:14:46:221 EDT] 000024b6 com.ibm.ws.tcpchannel.internal.TCPChannel                    I CWWKO0220I: TCP Channel defaultHttpEndpoint-ssl has stopped listening for requests on host *  (IPv6) port 9445.
[4/10/20, 12:14:46:258 EDT] 000024b6 com.ibm.ws.tcpchannel.internal.TCPChannel                    I CWWKO0220I: TCP Channel defaultHttpEndpoint has stopped listening for requests on host *  (IPv6) port 9081.
[4/10/20, 12:14:46:259 EDT] 000024b6 com.ibm.ws.http.internal.VirtualHostImpl                     A CWWKT0017I: Web application removed (default_host): http://desktop-r2di832.home:9081/jwt/
[4/10/20, 12:14:46:260 EDT] 000024b6 com.ibm.ws.http.internal.VirtualHostImpl                     A CWWKT0017I: Web application removed (default_host): http://desktop-r2di832.home:9081/openapi/ui/
[4/10/20, 12:14:46:261 EDT] 000024b6 com.ibm.ws.http.internal.VirtualHostImpl                     A CWWKT0017I: Web application removed (default_host): http://desktop-r2di832.home:9081/metrics/
[4/10/20, 12:14:46:261 EDT] 000024b6 com.ibm.ws.http.internal.VirtualHostImpl                     A CWWKT0017I: Web application removed (default_host): http://desktop-r2di832.home:9081/health/
[4/10/20, 12:14:46:262 EDT] 000024b6 com.ibm.ws.http.internal.VirtualHostImpl                     A CWWKT0017I: Web application removed (default_host): http://desktop-r2di832.home:9081/ibm/api/
[4/10/20, 12:14:46:263 EDT] 000024b6 com.ibm.ws.http.internal.VirtualHostImpl                     A CWWKT0017I: Web application removed (default_host): http://desktop-r2di832.home:9081/openapi/
[4/10/20, 12:14:46:263 EDT] 000024b6 com.ibm.ws.http.internal.VirtualHostImpl                     A CWWKT0017I: Web application removed (default_host): http://desktop-r2di832.home:9081/Swarm/
[4/10/20, 12:14:47:275 EDT] 000024bd com.ibm.ws.runtime.update.internal.RuntimeUpdateManagerImpl  I CWWKE1101I: Server quiesce complete.
[4/10/20, 12:14:47:376 EDT] 000024b7 com.ibm.ws.webcontainer.servlet                              I SRVE0253I: [Swarm] [/Swarm] [ServerBoardApplication]: Destroy successful.
[4/10/20, 12:14:47:393 EDT] 000024b7 com.ibm.ws.app.manager.AppMessageHelper                      A CWWKZ0009I: The application Swarm has stopped successfully.
[4/10/20, 12:14:47:457 EDT] 000024bd com.ibm.ws.webcontainer.servlet                              I SRVE0253I: [com.ibm.ws.microprofile.metrics.private] [/metrics] [PrivateMetricsRESTProxyServlet]: Destroy successful.
[4/10/20, 12:14:47:474 EDT] 000024bd com.ibm.ws.webcontainer.servlet                              I SRVE0253I: [com.ibm.ws.microprofile.health.2.0] [/health] [HealthCheckReadinessServlet]: Destroy successful.
[4/10/20, 12:14:47:474 EDT] 000024bd com.ibm.ws.webcontainer.servlet                              I SRVE0253I: [com.ibm.ws.microprofile.health.2.0] [/health] [HealthCheckLivenessServlet]: Destroy successful.
[4/10/20, 12:14:47:475 EDT] 000024bd com.ibm.ws.webcontainer.servlet                              I SRVE0253I: [com.ibm.ws.microprofile.health.2.0] [/health] [HealthCheckServlet]: Destroy successful.
[4/10/20, 12:14:47:484 EDT] 000024bd com.ibm.ws.webcontainer.servlet                              I SRVE0253I: [com.ibm.ws.microprofile.openapi] [/openapi] [OpenAPIServlet]: Destroy successful.
[4/10/20, 12:14:47:872 EDT] 000024bd .ws.security.mp.jwt.v11.config.impl.MpConfigProxyServiceImpl I CWWKS5777I: The MicroProfile JWT version 1.1 mpConfigProxy deactivated successfully.
[4/10/20, 12:14:47:877 EDT] 000024bd com.ibm.ws.security.mp.jwt.impl.MicroProfileJwtConfigImpl    I CWWKS5502I: The MicroProfile JWT configuration [defaultMpJwt] was successfully deactivated.
[4/10/20, 12:14:47:879 EDT] 000024bd com.ibm.ws.security.mp.jwt.impl.MicroProfileJwtServiceImpl   I CWWKS5502I: The MicroProfile JWT configuration [MicroProfileJwtService] was successfully deactivated.
[4/10/20, 12:14:48:054 EDT] 000024bd ibm.ws.security.authentication.internal.jaas.JAASServiceImpl I CWWKS1124I: The collective authentication plugin with class name NullCollectiveAuthenticationPlugin has been deactivated. 
[4/10/20, 12:14:48:268 EDT] 000024bd com.ibm.ws.security.ready.internal.SecurityReadyServiceImpl  I CWWKS0009I: The security service has stopped.
[4/10/20, 12:14:48:823 EDT] 00000001 com.ibm.ws.kernel.launch.internal.FrameworkManager           A CWWKE0036I: The server LibertySwarmText stopped after 4 hours, 9 minutes, 55.073 seconds.
